2020-04-09 09:43:10.034 [main] INFO  c.weaver.rparecruitment.RpaRecruitmentApplication - Starting RpaRecruitmentApplication on DESKTOP-IKISCO3 with PID 16644 (D:\myproject\rpa-recruitment\target\classes started by Administrator in D:\myproject\rpa-recruitment)
2020-04-09 09:43:10.038 [main] INFO  c.weaver.rparecruitment.RpaRecruitmentApplication - No active profile set, falling back to default profiles: default
2020-04-09 09:43:10.693 [main] INFO  o.s.boot.web.embedded.tomcat.TomcatWebServer - Tomcat initialized with port(s): 8087 (http)
2020-04-09 09:43:10.700 [main] INFO  org.apache.coyote.http11.Http11NioProtocol - Initializing ProtocolHandler ["http-nio-8087"]
2020-04-09 09:43:10.700 [main] INFO  org.apache.catalina.core.StandardService - Starting service [Tomcat]
2020-04-09 09:43:10.701 [main] INFO  org.apache.catalina.core.StandardEngine - Starting Servlet engine: [Apache Tomcat/9.0.29]
2020-04-09 09:43:10.763 [main] INFO  o.a.c.core.ContainerBase.[Tomcat].[localhost].[/] - Initializing Spring embedded WebApplicationContext
2020-04-09 09:43:10.764 [main] INFO  org.springframework.web.context.ContextLoader - Root WebApplicationContext: initialization completed in 697 ms
2020-04-09 09:43:10.881 [main] INFO  o.s.scheduling.concurrent.ThreadPoolTaskExecutor - Initializing ExecutorService 'applicationTaskExecutor'
2020-04-09 09:43:10.988 [main] INFO  org.apache.coyote.http11.Http11NioProtocol - Starting ProtocolHandler ["http-nio-8087"]
2020-04-09 09:43:11.005 [main] INFO  o.s.boot.web.embedded.tomcat.TomcatWebServer - Tomcat started on port(s): 8087 (http) with context path ''
2020-04-09 09:43:11.008 [main] INFO  c.weaver.rparecruitment.RpaRecruitmentApplication - Started RpaRecruitmentApplication in 1.361 seconds (JVM running for 3.046)
2020-04-09 09:43:16.553 [Forwarding newSession on session null to remote] INFO  org.openqa.selenium.remote.ProtocolHandshake - Detected dialect: W3C
2020-04-09 09:43:17.982 [main] INFO  c.w.rparecruitment.controller.ExecutorController - 启用cookie登录...
2020-04-09 09:43:24.578 [main] INFO  c.w.rparecruitment.controller.ExecutorController - cookie登录失败,cookie已经失效!
2020-04-09 09:43:27.675 [main] INFO  c.w.rparecruitment.controller.ExecutorController - 等待用户手动登录...
2020-04-09 09:43:48.890 [main] INFO  c.w.rparecruitment.controller.ExecutorController - 用户登录成功!
2020-04-09 09:43:50.752 [main] INFO  c.w.rparecruitment.controller.ExecutorController - 当前简历列表数量[0]
2020-04-09 09:44:02.678 [main] INFO  c.w.rparecruitment.controller.ExecutorController - 当前简历列表数量[1]
2020-04-09 09:44:08.775 [main] INFO  c.w.rparecruitment.controller.ExecutorController - 获取简历信息开始...
2020-04-09 09:44:08.798 [main] INFO  c.w.rparecruitment.controller.ExecutorController - 当前列表剩余数量[1],简历标题:(51job.com)申请贵公司项目实施（宜春）（宜春）－张宇
2020-04-09 09:46:16.637 [SpringContextShutdownHook] INFO  o.s.scheduling.concurrent.ThreadPoolTaskExecutor - Shutting down ExecutorService 'applicationTaskExecutor'
2020-04-09 09:46:21.216 [main] INFO  c.weaver.rparecruitment.RpaRecruitmentApplication - Starting RpaRecruitmentApplication on DESKTOP-IKISCO3 with PID 6264 (D:\myproject\rpa-recruitment\target\classes started by Administrator in D:\myproject\rpa-recruitment)
2020-04-09 09:46:21.220 [main] INFO  c.weaver.rparecruitment.RpaRecruitmentApplication - No active profile set, falling back to default profiles: default
2020-04-09 09:46:21.960 [main] INFO  o.s.boot.web.embedded.tomcat.TomcatWebServer - Tomcat initialized with port(s): 8087 (http)
2020-04-09 09:46:21.967 [main] INFO  org.apache.coyote.http11.Http11NioProtocol - Initializing ProtocolHandler ["http-nio-8087"]
2020-04-09 09:46:21.967 [main] INFO  org.apache.catalina.core.StandardService - Starting service [Tomcat]
2020-04-09 09:46:21.967 [main] INFO  org.apache.catalina.core.StandardEngine - Starting Servlet engine: [Apache Tomcat/9.0.29]
2020-04-09 09:46:22.031 [main] INFO  o.a.c.core.ContainerBase.[Tomcat].[localhost].[/] - Initializing Spring embedded WebApplicationContext
2020-04-09 09:46:22.031 [main] INFO  org.springframework.web.context.ContextLoader - Root WebApplicationContext: initialization completed in 768 ms
2020-04-09 09:46:22.167 [main] INFO  o.s.scheduling.concurrent.ThreadPoolTaskExecutor - Initializing ExecutorService 'applicationTaskExecutor'
2020-04-09 09:46:22.273 [main] INFO  org.apache.coyote.http11.Http11NioProtocol - Starting ProtocolHandler ["http-nio-8087"]
2020-04-09 09:46:22.290 [main] INFO  o.s.boot.web.embedded.tomcat.TomcatWebServer - Tomcat started on port(s): 8087 (http) with context path ''
2020-04-09 09:46:22.292 [main] INFO  c.weaver.rparecruitment.RpaRecruitmentApplication - Started RpaRecruitmentApplication in 1.588 seconds (JVM running for 2.362)
2020-04-09 09:46:27.338 [Forwarding newSession on session null to remote] INFO  org.openqa.selenium.remote.ProtocolHandshake - Detected dialect: W3C
2020-04-09 09:46:29.081 [main] INFO  c.w.rparecruitment.controller.ExecutorController - 启用cookie登录...
2020-04-09 09:46:30.913 [main] INFO  c.w.rparecruitment.controller.ExecutorController - cookie登录成功!
2020-04-09 09:46:32.543 [main] INFO  c.w.rparecruitment.controller.ExecutorController - 当前简历列表数量[1]
2020-04-09 09:46:39.161 [main] INFO  c.w.rparecruitment.controller.ExecutorController - 获取简历信息开始...
2020-04-09 09:46:39.182 [main] INFO  c.w.rparecruitment.controller.ExecutorController - 当前列表剩余数量[1],简历标题:(51job.com)申请贵公司项目实施（宜春）（宜春）－张宇
2020-04-09 09:47:24.259 [SpringContextShutdownHook] INFO  o.s.scheduling.concurrent.ThreadPoolTaskExecutor - Shutting down ExecutorService 'applicationTaskExecutor'
2020-04-09 10:18:59.006 [main] INFO  c.weaver.rparecruitment.RpaRecruitmentApplication - Starting RpaRecruitmentApplication on DESKTOP-IKISCO3 with PID 10568 (D:\myproject\rpa-recruitment\target\classes started by Administrator in D:\myproject\rpa-recruitment)
2020-04-09 10:18:59.011 [main] INFO  c.weaver.rparecruitment.RpaRecruitmentApplication - No active profile set, falling back to default profiles: default
2020-04-09 10:18:59.648 [main] INFO  o.s.boot.web.embedded.tomcat.TomcatWebServer - Tomcat initialized with port(s): 8087 (http)
2020-04-09 10:18:59.653 [main] INFO  org.apache.coyote.http11.Http11NioProtocol - Initializing ProtocolHandler ["http-nio-8087"]
2020-04-09 10:18:59.654 [main] INFO  org.apache.catalina.core.StandardService - Starting service [Tomcat]
2020-04-09 10:18:59.654 [main] INFO  org.apache.catalina.core.StandardEngine - Starting Servlet engine: [Apache Tomcat/9.0.29]
2020-04-09 10:18:59.718 [main] INFO  o.a.c.core.ContainerBase.[Tomcat].[localhost].[/] - Initializing Spring embedded WebApplicationContext
2020-04-09 10:18:59.718 [main] INFO  org.springframework.web.context.ContextLoader - Root WebApplicationContext: initialization completed in 671 ms
2020-04-09 10:18:59.840 [main] INFO  o.s.scheduling.concurrent.ThreadPoolTaskExecutor - Initializing ExecutorService 'applicationTaskExecutor'
2020-04-09 10:18:59.950 [main] INFO  org.apache.coyote.http11.Http11NioProtocol - Starting ProtocolHandler ["http-nio-8087"]
2020-04-09 10:18:59.967 [main] INFO  o.s.boot.web.embedded.tomcat.TomcatWebServer - Tomcat started on port(s): 8087 (http) with context path ''
2020-04-09 10:18:59.970 [main] INFO  c.weaver.rparecruitment.RpaRecruitmentApplication - Started RpaRecruitmentApplication in 1.508 seconds (JVM running for 2.619)
2020-04-09 10:19:15.052 [main] INFO  o.s.b.a.l.ConditionEvaluationReportLoggingListener - 

Error starting ApplicationContext. To display the conditions report re-run your application with 'debug' enabled.
2020-04-09 10:19:15.062 [main] INFO  o.s.scheduling.concurrent.ThreadPoolTaskExecutor - Shutting down ExecutorService 'applicationTaskExecutor'
2020-04-09 10:19:33.904 [main] INFO  c.weaver.rparecruitment.RpaRecruitmentApplication - Starting RpaRecruitmentApplication on DESKTOP-IKISCO3 with PID 32512 (D:\myproject\rpa-recruitment\target\classes started by Administrator in D:\myproject\rpa-recruitment)
2020-04-09 10:19:33.906 [main] INFO  c.weaver.rparecruitment.RpaRecruitmentApplication - No active profile set, falling back to default profiles: default
2020-04-09 10:19:34.603 [main] INFO  o.s.boot.web.embedded.tomcat.TomcatWebServer - Tomcat initialized with port(s): 8087 (http)
2020-04-09 10:19:34.612 [main] INFO  org.apache.coyote.http11.Http11NioProtocol - Initializing ProtocolHandler ["http-nio-8087"]
2020-04-09 10:19:34.613 [main] INFO  org.apache.catalina.core.StandardService - Starting service [Tomcat]
2020-04-09 10:19:34.613 [main] INFO  org.apache.catalina.core.StandardEngine - Starting Servlet engine: [Apache Tomcat/9.0.29]
2020-04-09 10:19:34.683 [main] INFO  o.a.c.core.ContainerBase.[Tomcat].[localhost].[/] - Initializing Spring embedded WebApplicationContext
2020-04-09 10:19:34.683 [main] INFO  org.springframework.web.context.ContextLoader - Root WebApplicationContext: initialization completed in 701 ms
2020-04-09 10:19:34.819 [main] INFO  o.s.scheduling.concurrent.ThreadPoolTaskExecutor - Initializing ExecutorService 'applicationTaskExecutor'
2020-04-09 10:19:34.920 [main] INFO  org.apache.coyote.http11.Http11NioProtocol - Starting ProtocolHandler ["http-nio-8087"]
2020-04-09 10:19:34.937 [main] INFO  o.s.boot.web.embedded.tomcat.TomcatWebServer - Tomcat started on port(s): 8087 (http) with context path ''
2020-04-09 10:19:34.939 [main] INFO  c.weaver.rparecruitment.RpaRecruitmentApplication - Started RpaRecruitmentApplication in 1.504 seconds (JVM running for 2.029)
2020-04-09 10:19:39.959 [SpringContextShutdownHook] INFO  o.s.scheduling.concurrent.ThreadPoolTaskExecutor - Shutting down ExecutorService 'applicationTaskExecutor'
2020-04-09 10:25:26.914 [main] INFO  c.weaver.rparecruitment.RpaRecruitmentApplication - Starting RpaRecruitmentApplication on DESKTOP-IKISCO3 with PID 31840 (D:\myproject\rpa-recruitment\target\classes started by Administrator in D:\myproject\rpa-recruitment)
2020-04-09 10:25:26.916 [main] INFO  c.weaver.rparecruitment.RpaRecruitmentApplication - No active profile set, falling back to default profiles: default
2020-04-09 10:25:27.583 [main] INFO  o.s.boot.web.embedded.tomcat.TomcatWebServer - Tomcat initialized with port(s): 8087 (http)
2020-04-09 10:25:27.590 [main] INFO  org.apache.coyote.http11.Http11NioProtocol - Initializing ProtocolHandler ["http-nio-8087"]
2020-04-09 10:25:27.591 [main] INFO  org.apache.catalina.core.StandardService - Starting service [Tomcat]
2020-04-09 10:25:27.591 [main] INFO  org.apache.catalina.core.StandardEngine - Starting Servlet engine: [Apache Tomcat/9.0.29]
2020-04-09 10:25:27.655 [main] INFO  o.a.c.core.ContainerBase.[Tomcat].[localhost].[/] - Initializing Spring embedded WebApplicationContext
2020-04-09 10:25:27.655 [main] INFO  org.springframework.web.context.ContextLoader - Root WebApplicationContext: initialization completed in 661 ms
2020-04-09 10:25:27.776 [main] INFO  o.s.scheduling.concurrent.ThreadPoolTaskExecutor - Initializing ExecutorService 'applicationTaskExecutor'
2020-04-09 10:25:27.888 [main] INFO  org.apache.coyote.http11.Http11NioProtocol - Starting ProtocolHandler ["http-nio-8087"]
2020-04-09 10:25:27.906 [main] INFO  o.s.boot.web.embedded.tomcat.TomcatWebServer - Tomcat started on port(s): 8087 (http) with context path ''
2020-04-09 10:25:27.910 [main] INFO  c.weaver.rparecruitment.RpaRecruitmentApplication - Started RpaRecruitmentApplication in 1.46 seconds (JVM running for 1.987)
2020-04-09 10:25:31.439 [SpringContextShutdownHook] INFO  o.s.scheduling.concurrent.ThreadPoolTaskExecutor - Shutting down ExecutorService 'applicationTaskExecutor'
2020-04-09 10:27:57.505 [main] INFO  c.weaver.rparecruitment.RpaRecruitmentApplication - Starting RpaRecruitmentApplication on DESKTOP-IKISCO3 with PID 27728 (D:\myproject\rpa-recruitment\target\classes started by Administrator in D:\myproject\rpa-recruitment)
2020-04-09 10:27:57.509 [main] INFO  c.weaver.rparecruitment.RpaRecruitmentApplication - No active profile set, falling back to default profiles: default
2020-04-09 10:27:58.149 [main] INFO  o.s.boot.web.embedded.tomcat.TomcatWebServer - Tomcat initialized with port(s): 8087 (http)
2020-04-09 10:27:58.156 [main] INFO  org.apache.coyote.http11.Http11NioProtocol - Initializing ProtocolHandler ["http-nio-8087"]
2020-04-09 10:27:58.157 [main] INFO  org.apache.catalina.core.StandardService - Starting service [Tomcat]
2020-04-09 10:27:58.157 [main] INFO  org.apache.catalina.core.StandardEngine - Starting Servlet engine: [Apache Tomcat/9.0.29]
2020-04-09 10:27:58.222 [main] INFO  o.a.c.core.ContainerBase.[Tomcat].[localhost].[/] - Initializing Spring embedded WebApplicationContext
2020-04-09 10:27:58.223 [main] INFO  org.springframework.web.context.ContextLoader - Root WebApplicationContext: initialization completed in 647 ms
2020-04-09 10:27:58.346 [main] INFO  o.s.scheduling.concurrent.ThreadPoolTaskExecutor - Initializing ExecutorService 'applicationTaskExecutor'
2020-04-09 10:27:58.456 [main] INFO  org.apache.coyote.http11.Http11NioProtocol - Starting ProtocolHandler ["http-nio-8087"]
2020-04-09 10:27:58.474 [main] INFO  o.s.boot.web.embedded.tomcat.TomcatWebServer - Tomcat started on port(s): 8087 (http) with context path ''
2020-04-09 10:27:58.476 [main] INFO  c.weaver.rparecruitment.RpaRecruitmentApplication - Started RpaRecruitmentApplication in 1.415 seconds (JVM running for 1.909)
2020-04-09 10:28:01.272 [SpringContextShutdownHook] INFO  o.s.scheduling.concurrent.ThreadPoolTaskExecutor - Shutting down ExecutorService 'applicationTaskExecutor'
2020-04-09 10:28:23.367 [main] INFO  c.weaver.rparecruitment.RpaRecruitmentApplication - Starting RpaRecruitmentApplication on DESKTOP-IKISCO3 with PID 29956 (D:\myproject\rpa-recruitment\target\classes started by Administrator in D:\myproject\rpa-recruitment)
2020-04-09 10:28:23.371 [main] INFO  c.weaver.rparecruitment.RpaRecruitmentApplication - No active profile set, falling back to default profiles: default
2020-04-09 10:28:23.996 [main] INFO  o.s.boot.web.embedded.tomcat.TomcatWebServer - Tomcat initialized with port(s): 8087 (http)
2020-04-09 10:28:24.003 [main] INFO  org.apache.coyote.http11.Http11NioProtocol - Initializing ProtocolHandler ["http-nio-8087"]
2020-04-09 10:28:24.003 [main] INFO  org.apache.catalina.core.StandardService - Starting service [Tomcat]
2020-04-09 10:28:24.003 [main] INFO  org.apache.catalina.core.StandardEngine - Starting Servlet engine: [Apache Tomcat/9.0.29]
2020-04-09 10:28:24.064 [main] INFO  o.a.c.core.ContainerBase.[Tomcat].[localhost].[/] - Initializing Spring embedded WebApplicationContext
2020-04-09 10:28:24.064 [main] INFO  org.springframework.web.context.ContextLoader - Root WebApplicationContext: initialization completed in 648 ms
2020-04-09 10:28:24.179 [main] INFO  o.s.scheduling.concurrent.ThreadPoolTaskExecutor - Initializing ExecutorService 'applicationTaskExecutor'
2020-04-09 10:28:24.280 [main] INFO  org.apache.coyote.http11.Http11NioProtocol - Starting ProtocolHandler ["http-nio-8087"]
2020-04-09 10:28:24.297 [main] INFO  o.s.boot.web.embedded.tomcat.TomcatWebServer - Tomcat started on port(s): 8087 (http) with context path ''
2020-04-09 10:28:24.299 [main] INFO  c.weaver.rparecruitment.RpaRecruitmentApplication - Started RpaRecruitmentApplication in 1.363 seconds (JVM running for 1.982)
2020-04-09 10:28:39.278 [main] INFO  o.s.b.a.l.ConditionEvaluationReportLoggingListener - 

Error starting ApplicationContext. To display the conditions report re-run your application with 'debug' enabled.
2020-04-09 10:28:39.288 [main] INFO  o.s.scheduling.concurrent.ThreadPoolTaskExecutor - Shutting down ExecutorService 'applicationTaskExecutor'
2020-04-09 10:53:36.402 [main] INFO  c.weaver.rparecruitment.RpaRecruitmentApplication - Starting RpaRecruitmentApplication on DESKTOP-IKISCO3 with PID 11792 (D:\myproject\rpa-recruitment\target\classes started by Administrator in D:\myproject\rpa-recruitment)
2020-04-09 10:53:36.404 [main] INFO  c.weaver.rparecruitment.RpaRecruitmentApplication - No active profile set, falling back to default profiles: default
2020-04-09 10:53:36.966 [main] INFO  o.s.boot.web.embedded.tomcat.TomcatWebServer - Tomcat initialized with port(s): 8087 (http)
2020-04-09 10:53:36.972 [main] INFO  org.apache.coyote.http11.Http11NioProtocol - Initializing ProtocolHandler ["http-nio-8087"]
2020-04-09 10:53:36.973 [main] INFO  org.apache.catalina.core.StandardService - Starting service [Tomcat]
2020-04-09 10:53:36.973 [main] INFO  org.apache.catalina.core.StandardEngine - Starting Servlet engine: [Apache Tomcat/9.0.29]
2020-04-09 10:53:37.041 [main] INFO  o.a.c.core.ContainerBase.[Tomcat].[localhost].[/] - Initializing Spring embedded WebApplicationContext
2020-04-09 10:53:37.041 [main] INFO  org.springframework.web.context.ContextLoader - Root WebApplicationContext: initialization completed in 610 ms
2020-04-09 10:53:37.157 [main] INFO  o.s.scheduling.concurrent.ThreadPoolTaskExecutor - Initializing ExecutorService 'applicationTaskExecutor'
2020-04-09 10:53:37.275 [main] INFO  org.apache.coyote.http11.Http11NioProtocol - Starting ProtocolHandler ["http-nio-8087"]
2020-04-09 10:53:37.294 [main] INFO  o.s.boot.web.embedded.tomcat.TomcatWebServer - Tomcat started on port(s): 8087 (http) with context path ''
2020-04-09 10:53:37.296 [main] INFO  c.weaver.rparecruitment.RpaRecruitmentApplication - Started RpaRecruitmentApplication in 1.829 seconds (JVM running for 2.837)
2020-04-09 10:53:42.155 [SpringContextShutdownHook] INFO  o.s.scheduling.concurrent.ThreadPoolTaskExecutor - Shutting down ExecutorService 'applicationTaskExecutor'
2020-04-09 12:02:46.100 [main] INFO  c.weaver.rparecruitment.RpaRecruitmentApplication - Starting RpaRecruitmentApplication on DESKTOP-IKISCO3 with PID 26804 (D:\myproject\rpa-recruitment\target\classes started by Administrator in D:\myproject\rpa-recruitment)
2020-04-09 12:02:46.102 [main] INFO  c.weaver.rparecruitment.RpaRecruitmentApplication - No active profile set, falling back to default profiles: default
2020-04-09 12:02:46.685 [main] INFO  o.s.boot.web.embedded.tomcat.TomcatWebServer - Tomcat initialized with port(s): 8087 (http)
2020-04-09 12:02:46.692 [main] INFO  org.apache.coyote.http11.Http11NioProtocol - Initializing ProtocolHandler ["http-nio-8087"]
2020-04-09 12:02:46.692 [main] INFO  org.apache.catalina.core.StandardService - Starting service [Tomcat]
2020-04-09 12:02:46.692 [main] INFO  org.apache.catalina.core.StandardEngine - Starting Servlet engine: [Apache Tomcat/9.0.29]
2020-04-09 12:02:46.760 [main] INFO  o.a.c.core.ContainerBase.[Tomcat].[localhost].[/] - Initializing Spring embedded WebApplicationContext
2020-04-09 12:02:46.760 [main] INFO  org.springframework.web.context.ContextLoader - Root WebApplicationContext: initialization completed in 628 ms
2020-04-09 12:02:46.873 [main] INFO  o.s.scheduling.concurrent.ThreadPoolTaskExecutor - Initializing ExecutorService 'applicationTaskExecutor'
2020-04-09 12:02:46.975 [main] INFO  org.apache.coyote.http11.Http11NioProtocol - Starting ProtocolHandler ["http-nio-8087"]
2020-04-09 12:02:46.992 [main] INFO  o.s.boot.web.embedded.tomcat.TomcatWebServer - Tomcat started on port(s): 8087 (http) with context path ''
2020-04-09 12:02:46.995 [main] INFO  c.weaver.rparecruitment.RpaRecruitmentApplication - Started RpaRecruitmentApplication in 1.441 seconds (JVM running for 2.015)
2020-04-09 12:02:52.574 [Forwarding newSession on session null to remote] INFO  org.openqa.selenium.remote.ProtocolHandshake - Detected dialect: W3C
2020-04-09 12:02:54.130 [main] INFO  c.w.rparecruitment.controller.ExecutorController - 启用cookie登录...
2020-04-09 12:02:56.749 [main] INFO  c.w.rparecruitment.controller.ExecutorController - cookie登录成功!
2020-04-09 12:02:59.036 [main] INFO  c.w.rparecruitment.controller.ExecutorController - 当前简历列表数量[0]


2020-04-09 12:03:11.492 [main] INFO  c.w.rparecruitment.controller.ExecutorController - 当前简历列表数量[1]


2020-04-09 12:03:14.500 [main] INFO  c.w.rparecruitment.controller.ExecutorController - 获取简历信息开始...
2020-04-09 12:03:14.520 [main] INFO  c.w.rparecruitment.controller.ExecutorController - 当前列表剩余数量[1],简历标题:(51job.com)申请贵公司公共关系专员（上海）－王慧婷
2020-04-09 12:03:15.438 [main] INFO  c.w.rparecruitment.controller.ExecutorController - 下载简历并上传到OA系统成功!
2020-04-09 12:03:15.438 [main] INFO  c.w.rparecruitment.controller.ExecutorController - 读取简历成功，简历标题[(51job.com)申请贵公司公共关系专员（上海）－王慧婷]投递时间[2020-04-09]
2020-04-09 12:03:15.450 [main] INFO  c.w.rparecruitment.controller.ExecutorController - 发送简历到人才库信息:[{"address":"上海","age":"30","creatorId":"dbix","creatorIp":"192.168.40.70","deliveryTime":"2020-04-09","education":"硕士","email":"happyhuiting@163.com","imageFileId":"3834090","name":"王慧婷","otherParamMap":{},"phone":"13761147521","position":"高级客户主任","sex":"女","source":"前程无忧","title":"(51job.com)申请贵公司公共关系专员（上海）－王慧婷"}]
2020-04-09 12:03:15.497 [main] INFO  c.w.rparecruitment.controller.ExecutorController - 发送简历到人才库成功


2020-04-09 12:03:27.704 [main] INFO  c.w.rparecruitment.controller.ExecutorController - 当前简历列表数量[0]


2020-04-09 12:03:39.946 [main] INFO  c.w.rparecruitment.controller.ExecutorController - 当前简历列表数量[0]


2020-04-09 12:03:45.151 [SpringContextShutdownHook] INFO  o.s.scheduling.concurrent.ThreadPoolTaskExecutor - Shutting down ExecutorService 'applicationTaskExecutor'
2020-04-09 15:06:06.965 [main] INFO  c.weaver.rparecruitment.RpaRecruitmentApplication - Starting RpaRecruitmentApplication on DESKTOP-IKISCO3 with PID 20476 (D:\myproject\rpa-recruitment\target\classes started by Administrator in D:\myproject\rpa-recruitment)
2020-04-09 15:06:07.040 [main] INFO  c.weaver.rparecruitment.RpaRecruitmentApplication - No active profile set, falling back to default profiles: default
2020-04-09 15:06:07.747 [main] INFO  o.s.boot.web.embedded.tomcat.TomcatWebServer - Tomcat initialized with port(s): 8087 (http)
2020-04-09 15:06:07.754 [main] INFO  org.apache.coyote.http11.Http11NioProtocol - Initializing ProtocolHandler ["http-nio-8087"]
2020-04-09 15:06:07.754 [main] INFO  org.apache.catalina.core.StandardService - Starting service [Tomcat]
2020-04-09 15:06:07.754 [main] INFO  org.apache.catalina.core.StandardEngine - Starting Servlet engine: [Apache Tomcat/9.0.29]
2020-04-09 15:06:07.828 [main] INFO  o.a.c.core.ContainerBase.[Tomcat].[localhost].[/] - Initializing Spring embedded WebApplicationContext
2020-04-09 15:06:07.828 [main] INFO  org.springframework.web.context.ContextLoader - Root WebApplicationContext: initialization completed in 735 ms
2020-04-09 15:06:07.943 [main] INFO  o.s.scheduling.concurrent.ThreadPoolTaskExecutor - Initializing ExecutorService 'applicationTaskExecutor'
2020-04-09 15:06:08.052 [main] INFO  org.apache.coyote.http11.Http11NioProtocol - Starting ProtocolHandler ["http-nio-8087"]
2020-04-09 15:06:08.071 [main] INFO  o.s.boot.web.embedded.tomcat.TomcatWebServer - Tomcat started on port(s): 8087 (http) with context path ''
2020-04-09 15:06:08.074 [main] INFO  c.weaver.rparecruitment.RpaRecruitmentApplication - Started RpaRecruitmentApplication in 2.304 seconds (JVM running for 3.504)
2020-04-09 15:06:13.604 [Forwarding newSession on session null to remote] INFO  org.openqa.selenium.remote.ProtocolHandshake - Detected dialect: W3C
2020-04-09 15:06:15.059 [main] INFO  c.w.rparecruitment.controller.ExecutorController - 启用cookie登录...
2020-04-09 15:06:18.876 [main] INFO  c.w.rparecruitment.controller.ExecutorController - cookie登录成功!
2020-04-09 15:06:20.989 [main] INFO  c.w.rparecruitment.controller.ExecutorController - 当前简历列表数量[0]


2020-04-09 15:06:33.614 [main] INFO  c.w.rparecruitment.controller.ExecutorController - 当前简历列表数量[2]


2020-04-09 15:06:36.622 [main] INFO  c.w.rparecruitment.controller.ExecutorController - 获取简历信息开始...
2020-04-09 15:06:36.643 [main] INFO  c.w.rparecruitment.controller.ExecutorController - 当前列表剩余数量[2],简历标题:(51job.com)申请贵公司公共关系专员（上海）－樊雪刚
2020-04-09 15:06:49.568 [main] INFO  c.w.rparecruitment.controller.ExecutorController - 当前简历列表数量[1]


2020-04-09 15:06:52.575 [main] INFO  c.w.rparecruitment.controller.ExecutorController - 获取简历信息开始...
2020-04-09 15:06:52.597 [main] INFO  c.w.rparecruitment.controller.ExecutorController - 当前列表剩余数量[1],简历标题:(51job.com)申请贵公司公共关系专员（上海）－党丽敏
2020-04-09 15:07:05.551 [main] INFO  c.w.rparecruitment.controller.ExecutorController - 当前简历列表数量[0]


2020-04-09 15:07:17.602 [main] INFO  c.w.rparecruitment.controller.ExecutorController - 当前简历列表数量[0]


2020-04-09 15:07:29.646 [main] INFO  c.w.rparecruitment.controller.ExecutorController - 当前简历列表数量[1]


2020-04-09 15:07:35.041 [main] INFO  c.w.rparecruitment.controller.ExecutorController - 获取简历信息开始...
2020-04-09 15:07:35.064 [main] INFO  c.w.rparecruitment.controller.ExecutorController - 当前列表剩余数量[1],简历标题:(51job.com)申请贵公司公共关系专员（上海）－樊雪刚
2020-04-09 15:08:02.925 [main] INFO  c.w.rparecruitment.controller.ExecutorController - 下载简历并上传到OA系统成功!
2020-04-09 15:08:02.925 [main] INFO  c.w.rparecruitment.controller.ExecutorController - 读取简历成功，简历标题[(51job.com)申请贵公司公共关系专员（上海）－樊雪刚]投递时间[2020-04-09]
2020-04-09 15:08:13.722 [main] INFO  c.w.rparecruitment.controller.ExecutorController - 发送简历到人才库信息:[{"address":"上海-嘉定区","age":"30","creatorId":"dbix","creatorIp":"192.168.40.70","deliveryTime":"2020-04-09","education":"本科","email":"1512324237@qq.com","imageFileId":"10894","name":"樊雪刚","otherParamMap":{},"phone":"17630968509","position":"律师/法律顾问","sex":"男","source":"前程无忧","title":"(51job.com)申请贵公司公共关系专员（上海）－樊雪刚"}]
2020-04-09 15:08:22.299 [SpringContextShutdownHook] INFO  o.s.scheduling.concurrent.ThreadPoolTaskExecutor - Shutting down ExecutorService 'applicationTaskExecutor'
