2020-04-08 09:05:57.029 [main] INFO  c.weaver.rparecruitment.RpaRecruitmentApplication - Starting RpaRecruitmentApplication on DESKTOP-IKISCO3 with PID 25436 (D:\myproject\rpa-recruitment\target\classes started by Administrator in D:\myproject\rpa-recruitment)
2020-04-08 09:05:57.044 [main] INFO  c.weaver.rparecruitment.RpaRecruitmentApplication - No active profile set, falling back to default profiles: default
2020-04-08 09:05:57.776 [main] INFO  o.s.boot.web.embedded.tomcat.TomcatWebServer - Tomcat initialized with port(s): 8087 (http)
2020-04-08 09:05:57.784 [main] INFO  org.apache.coyote.http11.Http11NioProtocol - Initializing ProtocolHandler ["http-nio-8087"]
2020-04-08 09:05:57.784 [main] INFO  org.apache.catalina.core.StandardService - Starting service [Tomcat]
2020-04-08 09:05:57.785 [main] INFO  org.apache.catalina.core.StandardEngine - Starting Servlet engine: [Apache Tomcat/9.0.29]
2020-04-08 09:05:57.860 [main] INFO  o.a.c.core.ContainerBase.[Tomcat].[localhost].[/] - Initializing Spring embedded WebApplicationContext
2020-04-08 09:05:57.860 [main] INFO  org.springframework.web.context.ContextLoader - Root WebApplicationContext: initialization completed in 775 ms
2020-04-08 09:05:57.997 [main] INFO  o.s.scheduling.concurrent.ThreadPoolTaskExecutor - Initializing ExecutorService 'applicationTaskExecutor'
2020-04-08 09:05:58.104 [main] INFO  org.apache.coyote.http11.Http11NioProtocol - Starting ProtocolHandler ["http-nio-8087"]
2020-04-08 09:05:58.120 [main] INFO  o.s.boot.web.embedded.tomcat.TomcatWebServer - Tomcat started on port(s): 8087 (http) with context path ''
2020-04-08 09:05:58.122 [main] INFO  c.weaver.rparecruitment.RpaRecruitmentApplication - Started RpaRecruitmentApplication in 1.661 seconds (JVM running for 2.413)
2020-04-08 09:08:41.679 [http-nio-8087-exec-1] INFO  o.a.c.core.ContainerBase.[Tomcat].[localhost].[/] - Initializing Spring DispatcherServlet 'dispatcherServlet'
2020-04-08 09:08:41.679 [http-nio-8087-exec-1] INFO  org.springframework.web.servlet.DispatcherServlet - Initializing Servlet 'dispatcherServlet'
2020-04-08 09:08:41.682 [http-nio-8087-exec-1] INFO  org.springframework.web.servlet.DispatcherServlet - Completed initialization in 3 ms
2020-04-08 09:08:47.101 [Forwarding newSession on session null to remote] INFO  org.openqa.selenium.remote.ProtocolHandshake - Detected dialect: W3C
2020-04-08 09:08:48.522 [http-nio-8087-exec-1] INFO  c.w.rparecruitment.controller.ExecuteController - 启用cookie登录...
2020-04-08 09:08:55.070 [http-nio-8087-exec-1] INFO  c.w.rparecruitment.controller.ExecuteController - cookie登录失败,cookie已经失效!
2020-04-08 09:09:12.922 [http-nio-8087-exec-1] INFO  c.w.rparecruitment.controller.ExecuteController - 等待用户手动登录...
2020-04-08 09:09:12.944 [http-nio-8087-exec-1] INFO  c.w.rparecruitment.controller.ExecuteController - 用户登录成功!
2020-04-08 09:31:15.673 [http-nio-8087-exec-1] INFO  c.w.rparecruitment.controller.ExecuteController - 获取简历信息开始=========================
2020-04-08 09:31:15.695 [http-nio-8087-exec-1] INFO  c.w.rparecruitment.controller.ExecuteController - 当前列表数量[1],简历标题=============================(51job.com)申请贵公司搜索引擎开发工程师（上海）－刘家豪
2020-04-08 09:31:16.510 [http-nio-8087-exec-1] INFO  c.w.rparecruitment.controller.ExecuteController - 下载简历并上传OA成功=======================
2020-04-08 09:31:16.510 [http-nio-8087-exec-1] INFO  c.w.rparecruitment.controller.ExecuteController - 读取简历成功，简历标题[(51job.com)申请贵公司搜索引擎开发工程师（上海）－刘家豪]投递时间[2020-04-08]
2020-04-08 09:31:29.806 [http-nio-8087-exec-1] INFO  c.w.rparecruitment.controller.ExecuteController - 发送简历信息=========================[{"address":"上海","age":"22","deliveryTime":"2020-04-08","education":"本科","email":"aaaa980411@163.com","imageFileId":"3833628","name":"刘家豪","phone":"17630855747","position":"Java开发工程师","sex":"男","source":"前程无忧","title":"(51job.com)申请贵公司搜索引擎开发工程师（上海）－刘家豪"}]
2020-04-08 09:32:08.546 [http-nio-8087-exec-1] INFO  c.w.rparecruitment.controller.ExecuteController - 发送简历成功==========================


2020-04-08 09:33:50.536 [SpringContextShutdownHook] INFO  o.s.scheduling.concurrent.ThreadPoolTaskExecutor - Shutting down ExecutorService 'applicationTaskExecutor'
2020-04-08 09:36:10.931 [main] INFO  c.weaver.rparecruitment.RpaRecruitmentApplication - Starting RpaRecruitmentApplication on DESKTOP-IKISCO3 with PID 22284 (D:\myproject\rpa-recruitment\target\classes started by Administrator in D:\myproject\rpa-recruitment)
2020-04-08 09:36:10.937 [main] INFO  c.weaver.rparecruitment.RpaRecruitmentApplication - No active profile set, falling back to default profiles: default
2020-04-08 09:36:11.606 [main] INFO  o.s.boot.web.embedded.tomcat.TomcatWebServer - Tomcat initialized with port(s): 8087 (http)
2020-04-08 09:36:11.613 [main] INFO  org.apache.coyote.http11.Http11NioProtocol - Initializing ProtocolHandler ["http-nio-8087"]
2020-04-08 09:36:11.613 [main] INFO  org.apache.catalina.core.StandardService - Starting service [Tomcat]
2020-04-08 09:36:11.614 [main] INFO  org.apache.catalina.core.StandardEngine - Starting Servlet engine: [Apache Tomcat/9.0.29]
2020-04-08 09:36:11.676 [main] INFO  o.a.c.core.ContainerBase.[Tomcat].[localhost].[/] - Initializing Spring embedded WebApplicationContext
2020-04-08 09:36:11.676 [main] INFO  org.springframework.web.context.ContextLoader - Root WebApplicationContext: initialization completed in 685 ms
2020-04-08 09:36:11.789 [main] INFO  o.s.scheduling.concurrent.ThreadPoolTaskExecutor - Initializing ExecutorService 'applicationTaskExecutor'
2020-04-08 09:36:11.892 [main] INFO  org.apache.coyote.http11.Http11NioProtocol - Starting ProtocolHandler ["http-nio-8087"]
2020-04-08 09:36:11.908 [main] INFO  o.s.boot.web.embedded.tomcat.TomcatWebServer - Tomcat started on port(s): 8087 (http) with context path ''
2020-04-08 09:36:11.910 [main] INFO  c.weaver.rparecruitment.RpaRecruitmentApplication - Started RpaRecruitmentApplication in 1.411 seconds (JVM running for 1.984)
2020-04-08 09:36:17.142 [http-nio-8087-exec-1] INFO  o.a.c.core.ContainerBase.[Tomcat].[localhost].[/] - Initializing Spring DispatcherServlet 'dispatcherServlet'
2020-04-08 09:36:17.142 [http-nio-8087-exec-1] INFO  org.springframework.web.servlet.DispatcherServlet - Initializing Servlet 'dispatcherServlet'
2020-04-08 09:36:17.145 [http-nio-8087-exec-1] INFO  org.springframework.web.servlet.DispatcherServlet - Completed initialization in 3 ms
2020-04-08 09:36:22.735 [Forwarding newSession on session null to remote] INFO  org.openqa.selenium.remote.ProtocolHandshake - Detected dialect: W3C
2020-04-08 09:36:24.205 [http-nio-8087-exec-1] INFO  c.w.rparecruitment.controller.ExecuteController - 启用cookie登录...
2020-04-08 09:36:26.466 [http-nio-8087-exec-1] INFO  c.w.rparecruitment.controller.ExecuteController - cookie登录成功!
2020-04-08 09:37:08.733 [http-nio-8087-exec-1] INFO  c.w.rparecruitment.controller.ExecuteController - 获取简历信息开始=========================
2020-04-08 09:37:11.879 [http-nio-8087-exec-1] INFO  c.w.rparecruitment.controller.ExecuteController - 当前列表数量[1],简历标题=============================(51job.com)申请贵公司搜索引擎开发工程师（上海）－刘家豪
2020-04-08 09:39:48.614 [SpringContextShutdownHook] INFO  o.s.scheduling.concurrent.ThreadPoolTaskExecutor - Shutting down ExecutorService 'applicationTaskExecutor'
2020-04-08 09:39:54.998 [main] INFO  c.weaver.rparecruitment.RpaRecruitmentApplication - Starting RpaRecruitmentApplication on DESKTOP-IKISCO3 with PID 20784 (D:\myproject\rpa-recruitment\target\classes started by Administrator in D:\myproject\rpa-recruitment)
2020-04-08 09:39:55.001 [main] INFO  c.weaver.rparecruitment.RpaRecruitmentApplication - No active profile set, falling back to default profiles: default
2020-04-08 09:39:55.718 [main] INFO  o.s.boot.web.embedded.tomcat.TomcatWebServer - Tomcat initialized with port(s): 8087 (http)
2020-04-08 09:39:55.726 [main] INFO  org.apache.coyote.http11.Http11NioProtocol - Initializing ProtocolHandler ["http-nio-8087"]
2020-04-08 09:39:55.727 [main] INFO  org.apache.catalina.core.StandardService - Starting service [Tomcat]
2020-04-08 09:39:55.727 [main] INFO  org.apache.catalina.core.StandardEngine - Starting Servlet engine: [Apache Tomcat/9.0.29]
2020-04-08 09:39:55.797 [main] INFO  o.a.c.core.ContainerBase.[Tomcat].[localhost].[/] - Initializing Spring embedded WebApplicationContext
2020-04-08 09:39:55.797 [main] INFO  org.springframework.web.context.ContextLoader - Root WebApplicationContext: initialization completed in 748 ms
2020-04-08 09:39:55.933 [main] INFO  o.s.scheduling.concurrent.ThreadPoolTaskExecutor - Initializing ExecutorService 'applicationTaskExecutor'
2020-04-08 09:39:56.043 [main] INFO  org.apache.coyote.http11.Http11NioProtocol - Starting ProtocolHandler ["http-nio-8087"]
2020-04-08 09:39:56.059 [main] INFO  o.s.boot.web.embedded.tomcat.TomcatWebServer - Tomcat started on port(s): 8087 (http) with context path ''
2020-04-08 09:39:56.062 [main] INFO  c.weaver.rparecruitment.RpaRecruitmentApplication - Started RpaRecruitmentApplication in 1.511 seconds (JVM running for 2.126)
2020-04-08 09:40:10.998 [http-nio-8087-exec-1] INFO  o.a.c.core.ContainerBase.[Tomcat].[localhost].[/] - Initializing Spring DispatcherServlet 'dispatcherServlet'
2020-04-08 09:40:10.998 [http-nio-8087-exec-1] INFO  org.springframework.web.servlet.DispatcherServlet - Initializing Servlet 'dispatcherServlet'
2020-04-08 09:40:11.002 [http-nio-8087-exec-1] INFO  org.springframework.web.servlet.DispatcherServlet - Completed initialization in 4 ms
2020-04-08 09:40:16.515 [Forwarding newSession on session null to remote] INFO  org.openqa.selenium.remote.ProtocolHandshake - Detected dialect: W3C
2020-04-08 09:40:18.071 [http-nio-8087-exec-1] INFO  c.w.rparecruitment.controller.ExecuteController - 启用cookie登录...
2020-04-08 09:40:20.228 [http-nio-8087-exec-1] INFO  c.w.rparecruitment.controller.ExecuteController - cookie登录成功!
2020-04-08 09:40:32.042 [http-nio-8087-exec-1] INFO  c.w.rparecruitment.controller.ExecuteController - 获取简历信息开始=========================
2020-04-08 09:40:32.066 [http-nio-8087-exec-1] INFO  c.w.rparecruitment.controller.ExecuteController - 当前列表数量[1],简历标题=============================(51job.com)申请贵公司搜索引擎开发工程师（上海）－刘家豪
2020-04-08 09:42:33.244 [SpringContextShutdownHook] INFO  o.s.scheduling.concurrent.ThreadPoolTaskExecutor - Shutting down ExecutorService 'applicationTaskExecutor'
2020-04-08 09:42:37.356 [main] INFO  c.weaver.rparecruitment.RpaRecruitmentApplication - Starting RpaRecruitmentApplication on DESKTOP-IKISCO3 with PID 18384 (D:\myproject\rpa-recruitment\target\classes started by Administrator in D:\myproject\rpa-recruitment)
2020-04-08 09:42:37.359 [main] INFO  c.weaver.rparecruitment.RpaRecruitmentApplication - No active profile set, falling back to default profiles: default
2020-04-08 09:42:38.190 [main] INFO  o.s.boot.web.embedded.tomcat.TomcatWebServer - Tomcat initialized with port(s): 8087 (http)
2020-04-08 09:42:38.197 [main] INFO  org.apache.coyote.http11.Http11NioProtocol - Initializing ProtocolHandler ["http-nio-8087"]
2020-04-08 09:42:38.197 [main] INFO  org.apache.catalina.core.StandardService - Starting service [Tomcat]
2020-04-08 09:42:38.198 [main] INFO  org.apache.catalina.core.StandardEngine - Starting Servlet engine: [Apache Tomcat/9.0.29]
2020-04-08 09:42:38.264 [main] INFO  o.a.c.core.ContainerBase.[Tomcat].[localhost].[/] - Initializing Spring embedded WebApplicationContext
2020-04-08 09:42:38.264 [main] INFO  org.springframework.web.context.ContextLoader - Root WebApplicationContext: initialization completed in 835 ms
2020-04-08 09:42:38.392 [main] INFO  o.s.scheduling.concurrent.ThreadPoolTaskExecutor - Initializing ExecutorService 'applicationTaskExecutor'
2020-04-08 09:42:38.504 [main] INFO  org.apache.coyote.http11.Http11NioProtocol - Starting ProtocolHandler ["http-nio-8087"]
2020-04-08 09:42:38.521 [main] INFO  o.s.boot.web.embedded.tomcat.TomcatWebServer - Tomcat started on port(s): 8087 (http) with context path ''
2020-04-08 09:42:38.523 [main] INFO  c.weaver.rparecruitment.RpaRecruitmentApplication - Started RpaRecruitmentApplication in 1.625 seconds (JVM running for 2.265)
2020-04-08 09:42:38.557 [http-nio-8087-exec-1] INFO  o.a.c.core.ContainerBase.[Tomcat].[localhost].[/] - Initializing Spring DispatcherServlet 'dispatcherServlet'
2020-04-08 09:42:38.557 [http-nio-8087-exec-1] INFO  org.springframework.web.servlet.DispatcherServlet - Initializing Servlet 'dispatcherServlet'
2020-04-08 09:42:38.561 [http-nio-8087-exec-1] INFO  org.springframework.web.servlet.DispatcherServlet - Completed initialization in 4 ms
2020-04-08 09:42:44.045 [Forwarding newSession on session null to remote] INFO  org.openqa.selenium.remote.ProtocolHandshake - Detected dialect: W3C
2020-04-08 09:42:46.722 [http-nio-8087-exec-1] INFO  c.w.rparecruitment.controller.ExecuteController - 启用cookie登录...
2020-04-08 09:42:48.582 [http-nio-8087-exec-1] INFO  c.w.rparecruitment.controller.ExecuteController - cookie登录成功!
2020-04-08 09:43:14.972 [http-nio-8087-exec-1] INFO  c.w.rparecruitment.controller.ExecuteController - 获取简历信息开始=========================
2020-04-08 09:43:14.993 [http-nio-8087-exec-1] INFO  c.w.rparecruitment.controller.ExecuteController - 当前列表数量[1],简历标题=============================(51job.com)申请贵公司搜索引擎开发工程师（上海）－刘家豪
2020-04-08 09:44:22.617 [SpringContextShutdownHook] INFO  o.s.scheduling.concurrent.ThreadPoolTaskExecutor - Shutting down ExecutorService 'applicationTaskExecutor'
2020-04-08 09:44:26.240 [main] INFO  c.weaver.rparecruitment.RpaRecruitmentApplication - Starting RpaRecruitmentApplication on DESKTOP-IKISCO3 with PID 16736 (D:\myproject\rpa-recruitment\target\classes started by Administrator in D:\myproject\rpa-recruitment)
2020-04-08 09:44:26.244 [main] INFO  c.weaver.rparecruitment.RpaRecruitmentApplication - No active profile set, falling back to default profiles: default
2020-04-08 09:44:26.983 [main] INFO  o.s.boot.web.embedded.tomcat.TomcatWebServer - Tomcat initialized with port(s): 8087 (http)
2020-04-08 09:44:26.991 [main] INFO  org.apache.coyote.http11.Http11NioProtocol - Initializing ProtocolHandler ["http-nio-8087"]
2020-04-08 09:44:26.992 [main] INFO  org.apache.catalina.core.StandardService - Starting service [Tomcat]
2020-04-08 09:44:26.992 [main] INFO  org.apache.catalina.core.StandardEngine - Starting Servlet engine: [Apache Tomcat/9.0.29]
2020-04-08 09:44:27.063 [main] INFO  o.a.c.core.ContainerBase.[Tomcat].[localhost].[/] - Initializing Spring embedded WebApplicationContext
2020-04-08 09:44:27.063 [main] INFO  org.springframework.web.context.ContextLoader - Root WebApplicationContext: initialization completed in 780 ms
2020-04-08 09:44:27.185 [main] INFO  o.s.scheduling.concurrent.ThreadPoolTaskExecutor - Initializing ExecutorService 'applicationTaskExecutor'
2020-04-08 09:44:27.300 [main] INFO  org.apache.coyote.http11.Http11NioProtocol - Starting ProtocolHandler ["http-nio-8087"]
2020-04-08 09:44:27.317 [main] INFO  o.s.boot.web.embedded.tomcat.TomcatWebServer - Tomcat started on port(s): 8087 (http) with context path ''
2020-04-08 09:44:27.320 [main] INFO  c.weaver.rparecruitment.RpaRecruitmentApplication - Started RpaRecruitmentApplication in 1.538 seconds (JVM running for 2.081)
2020-04-08 09:44:27.861 [http-nio-8087-exec-1] INFO  o.a.c.core.ContainerBase.[Tomcat].[localhost].[/] - Initializing Spring DispatcherServlet 'dispatcherServlet'
2020-04-08 09:44:27.861 [http-nio-8087-exec-1] INFO  org.springframework.web.servlet.DispatcherServlet - Initializing Servlet 'dispatcherServlet'
2020-04-08 09:44:27.864 [http-nio-8087-exec-1] INFO  org.springframework.web.servlet.DispatcherServlet - Completed initialization in 3 ms
2020-04-08 09:44:33.567 [Forwarding newSession on session null to remote] INFO  org.openqa.selenium.remote.ProtocolHandshake - Detected dialect: W3C
2020-04-08 09:44:35.371 [http-nio-8087-exec-1] INFO  c.w.rparecruitment.controller.ExecuteController - 启用cookie登录...
2020-04-08 09:44:38.576 [http-nio-8087-exec-1] INFO  c.w.rparecruitment.controller.ExecuteController - cookie登录成功!
2020-04-08 09:44:50.342 [http-nio-8087-exec-1] INFO  c.w.rparecruitment.controller.ExecuteController - 获取简历信息开始=========================
2020-04-08 09:44:51.032 [http-nio-8087-exec-1] INFO  c.w.rparecruitment.controller.ExecuteController - 当前列表数量[1],简历标题=============================(51job.com)申请贵公司搜索引擎开发工程师（上海）－刘家豪
2020-04-08 09:45:30.300 [SpringContextShutdownHook] INFO  o.s.scheduling.concurrent.ThreadPoolTaskExecutor - Shutting down ExecutorService 'applicationTaskExecutor'
2020-04-08 09:45:38.212 [main] INFO  c.weaver.rparecruitment.RpaRecruitmentApplication - Starting RpaRecruitmentApplication on DESKTOP-IKISCO3 with PID 15416 (D:\myproject\rpa-recruitment\target\classes started by Administrator in D:\myproject\rpa-recruitment)
2020-04-08 09:45:38.215 [main] INFO  c.weaver.rparecruitment.RpaRecruitmentApplication - No active profile set, falling back to default profiles: default
2020-04-08 09:45:38.885 [main] INFO  o.s.boot.web.embedded.tomcat.TomcatWebServer - Tomcat initialized with port(s): 8087 (http)
2020-04-08 09:45:38.892 [main] INFO  org.apache.coyote.http11.Http11NioProtocol - Initializing ProtocolHandler ["http-nio-8087"]
2020-04-08 09:45:38.893 [main] INFO  org.apache.catalina.core.StandardService - Starting service [Tomcat]
2020-04-08 09:45:38.893 [main] INFO  org.apache.catalina.core.StandardEngine - Starting Servlet engine: [Apache Tomcat/9.0.29]
2020-04-08 09:45:38.956 [main] INFO  o.a.c.core.ContainerBase.[Tomcat].[localhost].[/] - Initializing Spring embedded WebApplicationContext
2020-04-08 09:45:38.956 [main] INFO  org.springframework.web.context.ContextLoader - Root WebApplicationContext: initialization completed in 690 ms
2020-04-08 09:45:39.074 [main] INFO  o.s.scheduling.concurrent.ThreadPoolTaskExecutor - Initializing ExecutorService 'applicationTaskExecutor'
2020-04-08 09:45:39.178 [main] INFO  org.apache.coyote.http11.Http11NioProtocol - Starting ProtocolHandler ["http-nio-8087"]
2020-04-08 09:45:39.198 [main] INFO  o.s.boot.web.embedded.tomcat.TomcatWebServer - Tomcat started on port(s): 8087 (http) with context path ''
2020-04-08 09:45:39.201 [main] INFO  c.weaver.rparecruitment.RpaRecruitmentApplication - Started RpaRecruitmentApplication in 1.42 seconds (JVM running for 2.02)
2020-04-08 09:45:41.988 [http-nio-8087-exec-1] INFO  o.a.c.core.ContainerBase.[Tomcat].[localhost].[/] - Initializing Spring DispatcherServlet 'dispatcherServlet'
2020-04-08 09:45:41.989 [http-nio-8087-exec-1] INFO  org.springframework.web.servlet.DispatcherServlet - Initializing Servlet 'dispatcherServlet'
2020-04-08 09:45:41.993 [http-nio-8087-exec-1] INFO  org.springframework.web.servlet.DispatcherServlet - Completed initialization in 4 ms
2020-04-08 09:45:47.552 [Forwarding newSession on session null to remote] INFO  org.openqa.selenium.remote.ProtocolHandshake - Detected dialect: W3C
2020-04-08 09:45:49.080 [http-nio-8087-exec-1] INFO  c.w.rparecruitment.controller.ExecuteController - 启用cookie登录...
2020-04-08 09:45:51.139 [http-nio-8087-exec-1] INFO  c.w.rparecruitment.controller.ExecuteController - cookie登录成功!
2020-04-08 09:46:02.172 [http-nio-8087-exec-1] INFO  c.w.rparecruitment.controller.ExecuteController - 获取简历信息开始=========================
2020-04-08 09:46:02.195 [http-nio-8087-exec-1] INFO  c.w.rparecruitment.controller.ExecuteController - 当前列表数量[1],简历标题=============================(51job.com)申请贵公司搜索引擎开发工程师（上海）－刘家豪
2020-04-08 09:50:34.144 [SpringContextShutdownHook] INFO  o.s.scheduling.concurrent.ThreadPoolTaskExecutor - Shutting down ExecutorService 'applicationTaskExecutor'
2020-04-08 09:56:39.074 [main] INFO  c.weaver.rparecruitment.RpaRecruitmentApplication - Starting RpaRecruitmentApplication on DESKTOP-IKISCO3 with PID 28792 (D:\myproject\rpa-recruitment\target\classes started by Administrator in D:\myproject\rpa-recruitment)
2020-04-08 09:56:39.077 [main] INFO  c.weaver.rparecruitment.RpaRecruitmentApplication - No active profile set, falling back to default profiles: default
2020-04-08 09:56:39.802 [main] INFO  o.s.boot.web.embedded.tomcat.TomcatWebServer - Tomcat initialized with port(s): 8087 (http)
2020-04-08 09:56:39.809 [main] INFO  org.apache.coyote.http11.Http11NioProtocol - Initializing ProtocolHandler ["http-nio-8087"]
2020-04-08 09:56:39.809 [main] INFO  org.apache.catalina.core.StandardService - Starting service [Tomcat]
2020-04-08 09:56:39.810 [main] INFO  org.apache.catalina.core.StandardEngine - Starting Servlet engine: [Apache Tomcat/9.0.29]
2020-04-08 09:56:39.872 [main] INFO  o.a.c.core.ContainerBase.[Tomcat].[localhost].[/] - Initializing Spring embedded WebApplicationContext
2020-04-08 09:56:39.872 [main] INFO  org.springframework.web.context.ContextLoader - Root WebApplicationContext: initialization completed in 754 ms
2020-04-08 09:56:39.983 [main] INFO  o.s.scheduling.concurrent.ThreadPoolTaskExecutor - Initializing ExecutorService 'applicationTaskExecutor'
2020-04-08 09:56:40.084 [main] INFO  org.apache.coyote.http11.Http11NioProtocol - Starting ProtocolHandler ["http-nio-8087"]
2020-04-08 09:56:40.100 [main] INFO  o.s.boot.web.embedded.tomcat.TomcatWebServer - Tomcat started on port(s): 8087 (http) with context path ''
2020-04-08 09:56:40.103 [main] INFO  c.weaver.rparecruitment.RpaRecruitmentApplication - Started RpaRecruitmentApplication in 1.474 seconds (JVM running for 2.112)
2020-04-08 09:56:43.896 [http-nio-8087-exec-1] INFO  o.a.c.core.ContainerBase.[Tomcat].[localhost].[/] - Initializing Spring DispatcherServlet 'dispatcherServlet'
2020-04-08 09:56:43.896 [http-nio-8087-exec-1] INFO  org.springframework.web.servlet.DispatcherServlet - Initializing Servlet 'dispatcherServlet'
2020-04-08 09:56:43.900 [http-nio-8087-exec-1] INFO  org.springframework.web.servlet.DispatcherServlet - Completed initialization in 4 ms
2020-04-08 09:56:49.455 [Forwarding newSession on session null to remote] INFO  org.openqa.selenium.remote.ProtocolHandshake - Detected dialect: W3C
2020-04-08 09:56:51.015 [http-nio-8087-exec-1] INFO  c.w.rparecruitment.controller.ExecuteController - 启用cookie登录...
2020-04-08 09:56:52.902 [http-nio-8087-exec-1] INFO  c.w.rparecruitment.controller.ExecuteController - cookie登录成功!
2020-04-08 09:57:11.771 [http-nio-8087-exec-1] INFO  c.w.rparecruitment.controller.ExecuteController - 获取简历信息开始=========================
2020-04-08 09:57:13.303 [http-nio-8087-exec-1] INFO  c.w.rparecruitment.controller.ExecuteController - 当前列表数量[1],简历标题=============================(51job.com)申请贵公司搜索引擎开发工程师（上海）－刘家豪
2020-04-08 09:58:21.829 [SpringContextShutdownHook] INFO  o.s.scheduling.concurrent.ThreadPoolTaskExecutor - Shutting down ExecutorService 'applicationTaskExecutor'
2020-04-08 10:10:10.397 [main] INFO  c.weaver.rparecruitment.RpaRecruitmentApplication - Starting RpaRecruitmentApplication on DESKTOP-IKISCO3 with PID 21196 (D:\myproject\rpa-recruitment\target\classes started by Administrator in D:\myproject\rpa-recruitment)
2020-04-08 10:10:10.400 [main] INFO  c.weaver.rparecruitment.RpaRecruitmentApplication - No active profile set, falling back to default profiles: default
2020-04-08 10:10:11.073 [main] INFO  o.s.boot.web.embedded.tomcat.TomcatWebServer - Tomcat initialized with port(s): 8087 (http)
2020-04-08 10:10:11.080 [main] INFO  org.apache.coyote.http11.Http11NioProtocol - Initializing ProtocolHandler ["http-nio-8087"]
2020-04-08 10:10:11.080 [main] INFO  org.apache.catalina.core.StandardService - Starting service [Tomcat]
2020-04-08 10:10:11.080 [main] INFO  org.apache.catalina.core.StandardEngine - Starting Servlet engine: [Apache Tomcat/9.0.29]
2020-04-08 10:10:11.144 [main] INFO  o.a.c.core.ContainerBase.[Tomcat].[localhost].[/] - Initializing Spring embedded WebApplicationContext
2020-04-08 10:10:11.144 [main] INFO  org.springframework.web.context.ContextLoader - Root WebApplicationContext: initialization completed in 702 ms
2020-04-08 10:10:11.269 [main] INFO  o.s.scheduling.concurrent.ThreadPoolTaskExecutor - Initializing ExecutorService 'applicationTaskExecutor'
2020-04-08 10:10:11.383 [main] INFO  org.apache.coyote.http11.Http11NioProtocol - Starting ProtocolHandler ["http-nio-8087"]
2020-04-08 10:10:11.400 [main] INFO  o.s.boot.web.embedded.tomcat.TomcatWebServer - Tomcat started on port(s): 8087 (http) with context path ''
2020-04-08 10:10:11.403 [main] INFO  c.weaver.rparecruitment.RpaRecruitmentApplication - Started RpaRecruitmentApplication in 1.611 seconds (JVM running for 2.32)
2020-04-08 10:10:12.333 [http-nio-8087-exec-1] INFO  o.a.c.core.ContainerBase.[Tomcat].[localhost].[/] - Initializing Spring DispatcherServlet 'dispatcherServlet'
2020-04-08 10:10:12.334 [http-nio-8087-exec-1] INFO  org.springframework.web.servlet.DispatcherServlet - Initializing Servlet 'dispatcherServlet'
2020-04-08 10:10:12.338 [http-nio-8087-exec-1] INFO  org.springframework.web.servlet.DispatcherServlet - Completed initialization in 4 ms
2020-04-08 10:10:17.875 [Forwarding newSession on session null to remote] INFO  org.openqa.selenium.remote.ProtocolHandshake - Detected dialect: W3C
2020-04-08 10:10:19.852 [http-nio-8087-exec-1] INFO  c.w.rparecruitment.controller.ExecuteController - 启用cookie登录...
2020-04-08 10:10:22.429 [http-nio-8087-exec-1] INFO  c.w.rparecruitment.controller.ExecuteController - cookie登录成功!
2020-04-08 10:10:36.006 [http-nio-8087-exec-1] INFO  c.w.rparecruitment.controller.ExecuteController - 获取简历信息开始=========================
2020-04-08 10:10:36.029 [http-nio-8087-exec-1] INFO  c.w.rparecruitment.controller.ExecuteController - 当前列表数量[1],简历标题=============================(51job.com)申请贵公司搜索引擎开发工程师（上海）－刘家豪
2020-04-08 10:10:37.978 [http-nio-8087-exec-1] INFO  c.w.rparecruitment.controller.ExecuteController - 下载简历并上传OA成功=======================
2020-04-08 10:10:37.978 [http-nio-8087-exec-1] INFO  c.w.rparecruitment.controller.ExecuteController - 读取简历成功，简历标题[(51job.com)申请贵公司搜索引擎开发工程师（上海）－刘家豪]投递时间[2020-04-08]
2020-04-08 10:10:40.731 [http-nio-8087-exec-1] INFO  c.w.rparecruitment.controller.ExecuteController - 发送简历信息=========================[{"address":"上海","age":"22","deliveryTime":"2020-04-08","education":"本科","email":"aaaa980411@163.com","imageFileId":"3833681","name":"刘家豪","phone":"17630855747","position":"Java开发工程师","sex":"男","source":"前程无忧","title":"(51job.com)申请贵公司搜索引擎开发工程师（上海）－刘家豪"}]
2020-04-08 10:12:00.202 [http-nio-8087-exec-1] INFO  c.w.rparecruitment.controller.ExecuteController - 发送简历成功==========================


2020-04-08 10:39:04.750 [http-nio-8087-exec-1] INFO  c.w.rparecruitment.controller.ExecuteController - 获取简历信息开始=========================
2020-04-08 10:39:04.799 [http-nio-8087-exec-1] INFO  c.w.rparecruitment.controller.ExecuteController - 当前列表数量[1],简历标题=============================(51job.com)申请贵公司接线员（呼入客服）（上海）－黄艳汝
2020-04-08 10:39:05.454 [http-nio-8087-exec-1] INFO  c.w.rparecruitment.controller.ExecuteController - 下载简历并上传OA成功=======================
2020-04-08 10:39:05.454 [http-nio-8087-exec-1] INFO  c.w.rparecruitment.controller.ExecuteController - 读取简历成功，简历标题[(51job.com)申请贵公司接线员（呼入客服）（上海）－黄艳汝]投递时间[2020-04-08]
2020-04-08 10:39:05.454 [http-nio-8087-exec-1] INFO  c.w.rparecruitment.controller.ExecuteController - 发送简历信息=========================[{"address":"上海-长宁区","age":"20","deliveryTime":"2020-04-08","education":"大专","email":"15340764490@163.com","imageFileId":"3833698","name":"黄艳汝","phone":"15340764490","position":"客服专员","sex":"女","source":"前程无忧","title":"(51job.com)申请贵公司接线员（呼入客服）（上海）－黄艳汝"}]
2020-04-08 10:39:05.473 [http-nio-8087-exec-1] INFO  c.w.rparecruitment.controller.ExecuteController - 发送简历成功==========================


2020-04-08 11:44:25.979 [SpringContextShutdownHook] INFO  o.s.scheduling.concurrent.ThreadPoolTaskExecutor - Shutting down ExecutorService 'applicationTaskExecutor'
2020-04-08 13:39:07.037 [main] INFO  c.weaver.rparecruitment.RpaRecruitmentApplication - Starting RpaRecruitmentApplication on DESKTOP-IKISCO3 with PID 21216 (D:\myproject\rpa-recruitment\target\classes started by Administrator in D:\myproject\rpa-recruitment)
2020-04-08 13:39:07.040 [main] INFO  c.weaver.rparecruitment.RpaRecruitmentApplication - No active profile set, falling back to default profiles: default
2020-04-08 13:39:07.790 [main] INFO  o.s.boot.web.embedded.tomcat.TomcatWebServer - Tomcat initialized with port(s): 8087 (http)
2020-04-08 13:39:07.800 [main] INFO  org.apache.coyote.http11.Http11NioProtocol - Initializing ProtocolHandler ["http-nio-8087"]
2020-04-08 13:39:07.801 [main] INFO  org.apache.catalina.core.StandardService - Starting service [Tomcat]
2020-04-08 13:39:07.801 [main] INFO  org.apache.catalina.core.StandardEngine - Starting Servlet engine: [Apache Tomcat/9.0.29]
2020-04-08 13:39:07.869 [main] INFO  o.a.c.core.ContainerBase.[Tomcat].[localhost].[/] - Initializing Spring embedded WebApplicationContext
2020-04-08 13:39:07.869 [main] INFO  org.springframework.web.context.ContextLoader - Root WebApplicationContext: initialization completed in 784 ms
2020-04-08 13:39:07.989 [main] INFO  o.s.scheduling.concurrent.ThreadPoolTaskExecutor - Initializing ExecutorService 'applicationTaskExecutor'
2020-04-08 13:39:08.106 [main] INFO  org.apache.coyote.http11.Http11NioProtocol - Starting ProtocolHandler ["http-nio-8087"]
2020-04-08 13:39:08.123 [main] INFO  o.s.boot.web.embedded.tomcat.TomcatWebServer - Tomcat started on port(s): 8087 (http) with context path ''
2020-04-08 13:39:08.126 [main] INFO  c.weaver.rparecruitment.RpaRecruitmentApplication - Started RpaRecruitmentApplication in 1.512 seconds (JVM running for 2.259)
2020-04-08 13:39:20.072 [http-nio-8087-exec-1] INFO  o.a.c.core.ContainerBase.[Tomcat].[localhost].[/] - Initializing Spring DispatcherServlet 'dispatcherServlet'
2020-04-08 13:39:20.072 [http-nio-8087-exec-1] INFO  org.springframework.web.servlet.DispatcherServlet - Initializing Servlet 'dispatcherServlet'
2020-04-08 13:39:20.077 [http-nio-8087-exec-1] INFO  org.springframework.web.servlet.DispatcherServlet - Completed initialization in 5 ms
2020-04-08 13:39:26.803 [Forwarding newSession on session null to remote] INFO  org.openqa.selenium.remote.ProtocolHandshake - Detected dialect: W3C
2020-04-08 13:39:28.071 [SpringContextShutdownHook] INFO  o.s.scheduling.concurrent.ThreadPoolTaskExecutor - Shutting down ExecutorService 'applicationTaskExecutor'
2020-04-08 15:00:46.087 [main] INFO  c.weaver.rparecruitment.RpaRecruitmentApplication - Starting RpaRecruitmentApplication on DESKTOP-IKISCO3 with PID 31056 (D:\myproject\rpa-recruitment\target\classes started by Administrator in D:\myproject\rpa-recruitment)
2020-04-08 15:00:46.091 [main] INFO  c.weaver.rparecruitment.RpaRecruitmentApplication - No active profile set, falling back to default profiles: default
2020-04-08 15:00:46.806 [main] INFO  o.s.boot.web.embedded.tomcat.TomcatWebServer - Tomcat initialized with port(s): 8087 (http)
2020-04-08 15:00:46.812 [main] INFO  org.apache.coyote.http11.Http11NioProtocol - Initializing ProtocolHandler ["http-nio-8087"]
2020-04-08 15:00:46.813 [main] INFO  org.apache.catalina.core.StandardService - Starting service [Tomcat]
2020-04-08 15:00:46.813 [main] INFO  org.apache.catalina.core.StandardEngine - Starting Servlet engine: [Apache Tomcat/9.0.29]
2020-04-08 15:00:46.881 [main] INFO  o.a.c.core.ContainerBase.[Tomcat].[localhost].[/] - Initializing Spring embedded WebApplicationContext
2020-04-08 15:00:46.881 [main] INFO  org.springframework.web.context.ContextLoader - Root WebApplicationContext: initialization completed in 756 ms
2020-04-08 15:00:47.013 [main] INFO  o.s.scheduling.concurrent.ThreadPoolTaskExecutor - Initializing ExecutorService 'applicationTaskExecutor'
2020-04-08 15:00:47.117 [main] INFO  org.apache.coyote.http11.Http11NioProtocol - Starting ProtocolHandler ["http-nio-8087"]
2020-04-08 15:00:47.134 [main] INFO  o.s.boot.web.embedded.tomcat.TomcatWebServer - Tomcat started on port(s): 8087 (http) with context path ''
2020-04-08 15:00:47.136 [main] INFO  c.weaver.rparecruitment.RpaRecruitmentApplication - Started RpaRecruitmentApplication in 1.645 seconds (JVM running for 2.212)
2020-04-08 15:00:55.173 [http-nio-8087-exec-1] INFO  o.a.c.core.ContainerBase.[Tomcat].[localhost].[/] - Initializing Spring DispatcherServlet 'dispatcherServlet'
2020-04-08 15:00:55.174 [http-nio-8087-exec-1] INFO  org.springframework.web.servlet.DispatcherServlet - Initializing Servlet 'dispatcherServlet'
2020-04-08 15:00:55.181 [http-nio-8087-exec-1] INFO  org.springframework.web.servlet.DispatcherServlet - Completed initialization in 7 ms
2020-04-08 15:01:03.662 [Forwarding newSession on session null to remote] INFO  org.openqa.selenium.remote.ProtocolHandshake - Detected dialect: W3C
2020-04-08 15:01:05.701 [http-nio-8087-exec-1] INFO  c.w.rparecruitment.controller.ExecuteController - 启用cookie登录...
2020-04-08 15:01:09.610 [http-nio-8087-exec-1] INFO  c.w.rparecruitment.controller.ExecuteController - cookie登录成功!
2020-04-08 15:01:29.677 [http-nio-8087-exec-1] INFO  c.w.rparecruitment.controller.ExecuteController - 获取简历信息开始=========================
2020-04-08 15:01:29.750 [http-nio-8087-exec-1] INFO  c.w.rparecruitment.controller.ExecuteController - 当前列表数量[1],简历标题=============================(51job.com)申请贵公司区域总监（襄阳）（襄阳）－屈昆
2020-04-08 15:01:30.851 [http-nio-8087-exec-1] INFO  c.w.rparecruitment.controller.ExecuteController - 下载简历并上传OA成功=======================
2020-04-08 15:01:30.851 [http-nio-8087-exec-1] INFO  c.w.rparecruitment.controller.ExecuteController - 读取简历成功，简历标题[(51job.com)申请贵公司区域总监（襄阳）（襄阳）－屈昆]投递时间[2020-04-08]
2020-04-08 15:01:30.862 [http-nio-8087-exec-1] INFO  c.w.rparecruitment.controller.ExecuteController - 发送简历信息=========================[{"address":"襄阳","age":"34","creatorId":"1","deliveryTime":"2020-04-08","education":"大专","email":"","imageFileId":"3833875","name":"屈昆","phone":"13387235356","position":"区域销售经理","sex":"男","source":"前程无忧","title":"(51job.com)申请贵公司区域总监（襄阳）（襄阳）－屈昆"}]
2020-04-08 15:01:31.207 [http-nio-8087-exec-1] INFO  c.w.rparecruitment.controller.ExecuteController - 发送简历成功==========================


2020-04-08 15:03:53.413 [http-nio-8087-exec-1] INFO  c.w.rparecruitment.controller.ExecuteController - 获取简历信息开始=========================
2020-04-08 15:03:53.439 [http-nio-8087-exec-1] INFO  c.w.rparecruitment.controller.ExecuteController - 当前列表数量[2],简历标题=============================(51job.com)申请贵公司区域总监（襄阳）（襄阳）－屈昆
2020-04-08 15:03:54.113 [http-nio-8087-exec-1] INFO  c.w.rparecruitment.controller.ExecuteController - 下载简历并上传OA成功=======================
2020-04-08 15:03:54.113 [http-nio-8087-exec-1] INFO  c.w.rparecruitment.controller.ExecuteController - 读取简历成功，简历标题[(51job.com)申请贵公司区域总监（襄阳）（襄阳）－屈昆]投递时间[2020-04-08]
2020-04-08 15:03:57.122 [http-nio-8087-exec-1] INFO  c.w.rparecruitment.controller.ExecuteController - 获取简历信息开始=========================
2020-04-08 15:03:57.139 [http-nio-8087-exec-1] INFO  c.w.rparecruitment.controller.ExecuteController - 当前列表数量[1],简历标题=============================(51job.com)申请贵公司搜索引擎开发工程师（上海）－刘家豪
2020-04-08 15:03:57.655 [http-nio-8087-exec-1] INFO  c.w.rparecruitment.controller.ExecuteController - 下载简历并上传OA成功=======================
2020-04-08 15:03:57.655 [http-nio-8087-exec-1] INFO  c.w.rparecruitment.controller.ExecuteController - 读取简历成功，简历标题[(51job.com)申请贵公司搜索引擎开发工程师（上海）－刘家豪]投递时间[2020-04-08]
2020-04-08 15:03:57.656 [http-nio-8087-exec-1] INFO  c.w.rparecruitment.controller.ExecuteController - 发送简历信息=========================[{"address":"襄阳","age":"34","creatorId":"1","deliveryTime":"2020-04-08","education":"大专","email":"","imageFileId":"3833876","name":"屈昆","phone":"13387235356","position":"区域销售经理","sex":"男","source":"前程无忧","title":"(51job.com)申请贵公司区域总监（襄阳）（襄阳）－屈昆"},{"address":"上海","age":"22","creatorId":"1","deliveryTime":"2020-04-08","education":"本科","email":"aaaa980411@163.com","imageFileId":"3833878","name":"刘家豪","phone":"17630855747","position":"Java开发工程师","sex":"男","source":"前程无忧","title":"(51job.com)申请贵公司搜索引擎开发工程师（上海）－刘家豪"}]
2020-04-08 15:03:57.695 [http-nio-8087-exec-1] INFO  c.w.rparecruitment.controller.ExecuteController - 发送简历成功==========================


2020-04-08 15:11:42.771 [http-nio-8087-exec-1] INFO  c.w.rparecruitment.controller.ExecuteController - 获取简历信息开始=========================
2020-04-08 15:11:42.801 [http-nio-8087-exec-1] INFO  c.w.rparecruitment.controller.ExecuteController - 当前列表数量[2],简历标题=============================(51job.com)申请贵公司区域总监（襄阳）（襄阳）－屈昆
2020-04-08 15:11:43.806 [http-nio-8087-exec-1] INFO  c.w.rparecruitment.controller.ExecuteController - 下载简历并上传OA成功=======================
2020-04-08 15:11:43.807 [http-nio-8087-exec-1] INFO  c.w.rparecruitment.controller.ExecuteController - 读取简历成功，简历标题[(51job.com)申请贵公司区域总监（襄阳）（襄阳）－屈昆]投递时间[2020-04-08]
2020-04-08 15:11:46.833 [http-nio-8087-exec-1] INFO  c.w.rparecruitment.controller.ExecuteController - 获取简历信息开始=========================
2020-04-08 15:11:46.889 [http-nio-8087-exec-1] INFO  c.w.rparecruitment.controller.ExecuteController - 当前列表数量[1],简历标题=============================(51job.com)申请贵公司搜索引擎开发工程师（上海）－刘家豪
2020-04-08 15:11:47.446 [http-nio-8087-exec-1] INFO  c.w.rparecruitment.controller.ExecuteController - 下载简历并上传OA成功=======================
2020-04-08 15:11:47.446 [http-nio-8087-exec-1] INFO  c.w.rparecruitment.controller.ExecuteController - 读取简历成功，简历标题[(51job.com)申请贵公司搜索引擎开发工程师（上海）－刘家豪]投递时间[2020-04-08]
2020-04-08 15:11:47.447 [http-nio-8087-exec-1] INFO  c.w.rparecruitment.controller.ExecuteController - 发送简历信息=========================[{"address":"襄阳","age":"34","creatorId":"1","deliveryTime":"2020-04-08","education":"大专","email":"","imageFileId":"3833883","name":"屈昆","phone":"13387235356","position":"区域销售经理","sex":"男","source":"前程无忧","title":"(51job.com)申请贵公司区域总监（襄阳）（襄阳）－屈昆"},{"address":"上海","age":"22","creatorId":"1","deliveryTime":"2020-04-08","education":"本科","email":"aaaa980411@163.com","imageFileId":"3833884","name":"刘家豪","phone":"17630855747","position":"Java开发工程师","sex":"男","source":"前程无忧","title":"(51job.com)申请贵公司搜索引擎开发工程师（上海）－刘家豪"}]
2020-04-08 15:11:47.712 [http-nio-8087-exec-1] INFO  c.w.rparecruitment.controller.ExecuteController - 发送简历成功==========================


2020-04-08 15:16:12.244 [http-nio-8087-exec-1] INFO  c.w.rparecruitment.controller.ExecuteController - 获取简历信息开始=========================
2020-04-08 15:16:12.264 [http-nio-8087-exec-1] INFO  c.w.rparecruitment.controller.ExecuteController - 当前列表数量[2],简历标题=============================(51job.com)申请贵公司区域总监（襄阳）（襄阳）－屈昆
2020-04-08 15:16:12.908 [http-nio-8087-exec-1] INFO  c.w.rparecruitment.controller.ExecuteController - 下载简历并上传OA成功=======================
2020-04-08 15:16:12.909 [http-nio-8087-exec-1] INFO  c.w.rparecruitment.controller.ExecuteController - 读取简历成功，简历标题[(51job.com)申请贵公司区域总监（襄阳）（襄阳）－屈昆]投递时间[2020-04-08]
2020-04-08 15:16:15.937 [http-nio-8087-exec-1] INFO  c.w.rparecruitment.controller.ExecuteController - 获取简历信息开始=========================
2020-04-08 15:16:15.953 [http-nio-8087-exec-1] INFO  c.w.rparecruitment.controller.ExecuteController - 当前列表数量[1],简历标题=============================(51job.com)申请贵公司搜索引擎开发工程师（上海）－刘家豪
2020-04-08 15:16:16.632 [http-nio-8087-exec-1] INFO  c.w.rparecruitment.controller.ExecuteController - 下载简历并上传OA成功=======================
2020-04-08 15:16:16.632 [http-nio-8087-exec-1] INFO  c.w.rparecruitment.controller.ExecuteController - 读取简历成功，简历标题[(51job.com)申请贵公司搜索引擎开发工程师（上海）－刘家豪]投递时间[2020-04-08]
2020-04-08 15:16:16.632 [http-nio-8087-exec-1] INFO  c.w.rparecruitment.controller.ExecuteController - 发送简历信息=========================[{"address":"襄阳","age":"34","creatorId":"1","deliveryTime":"2020-04-08","education":"大专","email":"","imageFileId":"3833886","name":"屈昆","phone":"13387235356","position":"区域销售经理","sex":"男","source":"前程无忧","title":"(51job.com)申请贵公司区域总监（襄阳）（襄阳）－屈昆"},{"address":"上海","age":"22","creatorId":"1","deliveryTime":"2020-04-08","education":"本科","email":"aaaa980411@163.com","imageFileId":"3833887","name":"刘家豪","phone":"17630855747","position":"Java开发工程师","sex":"男","source":"前程无忧","title":"(51job.com)申请贵公司搜索引擎开发工程师（上海）－刘家豪"}]
2020-04-08 15:16:16.662 [http-nio-8087-exec-1] INFO  c.w.rparecruitment.controller.ExecuteController - 发送简历成功==========================


2020-04-08 15:36:11.949 [http-nio-8087-exec-1] INFO  c.w.rparecruitment.controller.ExecuteController - 获取简历信息开始=========================
2020-04-08 15:36:12.001 [http-nio-8087-exec-1] INFO  c.w.rparecruitment.controller.ExecuteController - 当前列表数量[2],简历标题=============================(51job.com)申请贵公司区域总监（襄阳）（襄阳）－屈昆
2020-04-08 15:36:12.652 [http-nio-8087-exec-1] INFO  c.w.rparecruitment.controller.ExecuteController - 下载简历并上传OA成功=======================
2020-04-08 15:36:12.653 [http-nio-8087-exec-1] INFO  c.w.rparecruitment.controller.ExecuteController - 读取简历成功，简历标题[(51job.com)申请贵公司区域总监（襄阳）（襄阳）－屈昆]投递时间[2020-04-08]
2020-04-08 15:36:15.669 [http-nio-8087-exec-1] INFO  c.w.rparecruitment.controller.ExecuteController - 获取简历信息开始=========================
2020-04-08 15:36:15.707 [http-nio-8087-exec-1] INFO  c.w.rparecruitment.controller.ExecuteController - 当前列表数量[1],简历标题=============================(51job.com)申请贵公司搜索引擎开发工程师（上海）－刘家豪
2020-04-08 15:36:16.230 [http-nio-8087-exec-1] INFO  c.w.rparecruitment.controller.ExecuteController - 下载简历并上传OA成功=======================
2020-04-08 15:36:16.230 [http-nio-8087-exec-1] INFO  c.w.rparecruitment.controller.ExecuteController - 读取简历成功，简历标题[(51job.com)申请贵公司搜索引擎开发工程师（上海）－刘家豪]投递时间[2020-04-08]
2020-04-08 15:36:16.230 [http-nio-8087-exec-1] INFO  c.w.rparecruitment.controller.ExecuteController - 发送简历信息=========================[{"address":"襄阳","age":"34","creatorId":"1","deliveryTime":"2020-04-08","education":"大专","email":"","imageFileId":"3833890","name":"屈昆","phone":"13387235356","position":"区域销售经理","sex":"男","source":"前程无忧","title":"(51job.com)申请贵公司区域总监（襄阳）（襄阳）－屈昆"},{"address":"上海","age":"22","creatorId":"1","deliveryTime":"2020-04-08","education":"本科","email":"aaaa980411@163.com","imageFileId":"3833891","name":"刘家豪","phone":"17630855747","position":"Java开发工程师","sex":"男","source":"前程无忧","title":"(51job.com)申请贵公司搜索引擎开发工程师（上海）－刘家豪"}]
2020-04-08 15:36:16.278 [http-nio-8087-exec-1] INFO  c.w.rparecruitment.controller.ExecuteController - 发送简历成功==========================


2020-04-08 15:46:24.258 [http-nio-8087-exec-1] INFO  c.w.rparecruitment.controller.ExecuteController - 获取简历信息开始=========================
2020-04-08 15:46:24.279 [http-nio-8087-exec-1] INFO  c.w.rparecruitment.controller.ExecuteController - 当前列表数量[2],简历标题=============================(51job.com)申请贵公司区域总监（襄阳）（襄阳）－屈昆
2020-04-08 15:46:24.885 [http-nio-8087-exec-1] INFO  c.w.rparecruitment.controller.ExecuteController - 下载简历并上传OA成功=======================
2020-04-08 15:46:24.885 [http-nio-8087-exec-1] INFO  c.w.rparecruitment.controller.ExecuteController - 读取简历成功，简历标题[(51job.com)申请贵公司区域总监（襄阳）（襄阳）－屈昆]投递时间[2020-04-08]
2020-04-08 15:46:27.892 [http-nio-8087-exec-1] INFO  c.w.rparecruitment.controller.ExecuteController - 获取简历信息开始=========================
2020-04-08 15:46:27.916 [http-nio-8087-exec-1] INFO  c.w.rparecruitment.controller.ExecuteController - 当前列表数量[1],简历标题=============================(51job.com)申请贵公司接线员（呼入客服）（上海）－黄艳汝
2020-04-08 15:46:28.568 [http-nio-8087-exec-1] INFO  c.w.rparecruitment.controller.ExecuteController - 下载简历并上传OA成功=======================
2020-04-08 15:46:28.568 [http-nio-8087-exec-1] INFO  c.w.rparecruitment.controller.ExecuteController - 读取简历成功，简历标题[(51job.com)申请贵公司接线员（呼入客服）（上海）－黄艳汝]投递时间[2020-04-08]
2020-04-08 15:46:28.569 [http-nio-8087-exec-1] INFO  c.w.rparecruitment.controller.ExecuteController - 发送简历信息=========================[{"address":"襄阳","age":"34","creatorId":"1","deliveryTime":"2020-04-08","education":"大专","email":"","imageFileId":"3833892","name":"屈昆","phone":"13387235356","position":"区域销售经理","sex":"男","source":"前程无忧","title":"(51job.com)申请贵公司区域总监（襄阳）（襄阳）－屈昆"},{"address":"上海-长宁区","age":"20","creatorId":"1","deliveryTime":"2020-04-08","education":"大专","email":"15340764490@163.com","imageFileId":"3833893","name":"黄艳汝","phone":"15340764490","position":"客服专员","sex":"女","source":"前程无忧","title":"(51job.com)申请贵公司接线员（呼入客服）（上海）－黄艳汝"}]
2020-04-08 15:46:28.676 [http-nio-8087-exec-1] INFO  c.w.rparecruitment.controller.ExecuteController - 发送简历成功==========================


2020-04-08 15:50:18.543 [SpringContextShutdownHook] INFO  o.s.scheduling.concurrent.ThreadPoolTaskExecutor - Shutting down ExecutorService 'applicationTaskExecutor'
2020-04-08 15:56:51.701 [main] INFO  c.weaver.rparecruitment.RpaRecruitmentApplication - Starting RpaRecruitmentApplication on DESKTOP-IKISCO3 with PID 15296 (D:\myproject\rpa-recruitment\target\classes started by Administrator in D:\myproject\rpa-recruitment)
2020-04-08 15:56:51.703 [main] INFO  c.weaver.rparecruitment.RpaRecruitmentApplication - No active profile set, falling back to default profiles: default
2020-04-08 15:56:52.254 [main] INFO  o.s.boot.web.embedded.tomcat.TomcatWebServer - Tomcat initialized with port(s): 8087 (http)
2020-04-08 15:56:52.261 [main] INFO  org.apache.coyote.http11.Http11NioProtocol - Initializing ProtocolHandler ["http-nio-8087"]
2020-04-08 15:56:52.261 [main] INFO  org.apache.catalina.core.StandardService - Starting service [Tomcat]
2020-04-08 15:56:52.262 [main] INFO  org.apache.catalina.core.StandardEngine - Starting Servlet engine: [Apache Tomcat/9.0.29]
2020-04-08 15:56:52.320 [main] INFO  o.a.c.core.ContainerBase.[Tomcat].[localhost].[/] - Initializing Spring embedded WebApplicationContext
2020-04-08 15:56:52.320 [main] INFO  org.springframework.web.context.ContextLoader - Root WebApplicationContext: initialization completed in 590 ms
2020-04-08 15:56:52.442 [main] INFO  o.s.scheduling.concurrent.ThreadPoolTaskExecutor - Initializing ExecutorService 'applicationTaskExecutor'
2020-04-08 15:56:52.542 [main] INFO  org.apache.coyote.http11.Http11NioProtocol - Starting ProtocolHandler ["http-nio-8087"]
2020-04-08 15:56:52.561 [main] INFO  o.s.boot.web.embedded.tomcat.TomcatWebServer - Tomcat started on port(s): 8087 (http) with context path ''
2020-04-08 15:56:52.563 [main] INFO  c.weaver.rparecruitment.RpaRecruitmentApplication - Started RpaRecruitmentApplication in 1.555 seconds (JVM running for 2.425)
2020-04-08 15:56:58.349 [http-nio-8087-exec-2] INFO  o.a.c.core.ContainerBase.[Tomcat].[localhost].[/] - Initializing Spring DispatcherServlet 'dispatcherServlet'
2020-04-08 15:56:58.350 [http-nio-8087-exec-2] INFO  org.springframework.web.servlet.DispatcherServlet - Initializing Servlet 'dispatcherServlet'
2020-04-08 15:56:58.353 [http-nio-8087-exec-2] INFO  org.springframework.web.servlet.DispatcherServlet - Completed initialization in 3 ms
2020-04-08 15:57:03.827 [Forwarding newSession on session null to remote] INFO  org.openqa.selenium.remote.ProtocolHandshake - Detected dialect: W3C
2020-04-08 15:57:05.395 [http-nio-8087-exec-2] INFO  c.w.rparecruitment.controller.ExecuteController - 启用cookie登录...
2020-04-08 15:57:07.467 [http-nio-8087-exec-2] INFO  c.w.rparecruitment.controller.ExecuteController - cookie登录成功!
2020-04-08 15:57:21.772 [http-nio-8087-exec-2] INFO  c.w.rparecruitment.controller.ExecuteController - 获取简历信息开始=========================
2020-04-08 15:57:21.794 [http-nio-8087-exec-2] INFO  c.w.rparecruitment.controller.ExecuteController - 当前列表数量[2],简历标题=============================(51job.com)申请贵公司区域总监（襄阳）（襄阳）－屈昆
2020-04-08 15:57:24.717 [http-nio-8087-exec-2] INFO  c.w.rparecruitment.controller.ExecuteController - 下载简历并上传OA成功=======================
2020-04-08 15:57:24.718 [http-nio-8087-exec-2] INFO  c.w.rparecruitment.controller.ExecuteController - 读取简历成功，简历标题[(51job.com)申请贵公司区域总监（襄阳）（襄阳）－屈昆]投递时间[2020-04-08]
2020-04-08 15:57:37.753 [http-nio-8087-exec-2] INFO  c.w.rparecruitment.controller.ExecuteController - 获取简历信息开始=========================
2020-04-08 15:57:37.774 [http-nio-8087-exec-2] INFO  c.w.rparecruitment.controller.ExecuteController - 当前列表数量[1],简历标题=============================(51job.com)申请贵公司接线员（呼入客服）（上海）－黄艳汝
2020-04-08 15:57:38.462 [http-nio-8087-exec-2] INFO  c.w.rparecruitment.controller.ExecuteController - 下载简历并上传OA成功=======================
2020-04-08 15:57:38.463 [http-nio-8087-exec-2] INFO  c.w.rparecruitment.controller.ExecuteController - 读取简历成功，简历标题[(51job.com)申请贵公司接线员（呼入客服）（上海）－黄艳汝]投递时间[2020-04-08]
2020-04-08 15:57:38.495 [http-nio-8087-exec-2] INFO  c.w.rparecruitment.controller.ExecuteController - 发送简历信息=========================[{"address":"襄阳","age":"34","creatorId":"1","creatorIp":"192.168.40.70","deliveryTime":"2020-04-08","education":"大专","email":"","imageFileId":"3833894","name":"屈昆","otherParamMap":{},"phone":"13387235356","position":"区域销售经理","sex":"男","source":"前程无忧","title":"(51job.com)申请贵公司区域总监（襄阳）（襄阳）－屈昆"},{"address":"上海-长宁区","age":"20","creatorId":"1","creatorIp":"192.168.40.70","deliveryTime":"2020-04-08","education":"大专","email":"15340764490@163.com","imageFileId":"3833895","name":"黄艳汝","otherParamMap":{},"phone":"15340764490","position":"客服专员","sex":"女","source":"前程无忧","title":"(51job.com)申请贵公司接线员（呼入客服）（上海）－黄艳汝"}]
2020-04-08 15:57:38.552 [http-nio-8087-exec-2] INFO  c.w.rparecruitment.controller.ExecuteController - 发送简历成功==========================


2020-04-08 15:59:23.713 [http-nio-8087-exec-2] INFO  c.w.rparecruitment.controller.ExecuteController - 获取简历信息开始=========================
2020-04-08 15:59:23.733 [http-nio-8087-exec-2] INFO  c.w.rparecruitment.controller.ExecuteController - 当前列表数量[3],简历标题=============================(51job.com)申请贵公司区域总监（襄阳）（襄阳）－屈昆
2020-04-08 15:59:24.366 [http-nio-8087-exec-2] INFO  c.w.rparecruitment.controller.ExecuteController - 下载简历并上传OA成功=======================
2020-04-08 15:59:24.366 [http-nio-8087-exec-2] INFO  c.w.rparecruitment.controller.ExecuteController - 读取简历成功，简历标题[(51job.com)申请贵公司区域总监（襄阳）（襄阳）－屈昆]投递时间[2020-04-08]
2020-04-08 15:59:27.390 [http-nio-8087-exec-2] INFO  c.w.rparecruitment.controller.ExecuteController - 获取简历信息开始=========================
2020-04-08 15:59:27.416 [http-nio-8087-exec-2] INFO  c.w.rparecruitment.controller.ExecuteController - 当前列表数量[2],简历标题=============================(51job.com)申请贵公司接线员（呼入客服）（上海）－黄艳汝
2020-04-08 15:59:27.891 [http-nio-8087-exec-2] INFO  c.w.rparecruitment.controller.ExecuteController - 下载简历并上传OA成功=======================
2020-04-08 15:59:27.891 [http-nio-8087-exec-2] INFO  c.w.rparecruitment.controller.ExecuteController - 读取简历成功，简历标题[(51job.com)申请贵公司接线员（呼入客服）（上海）－黄艳汝]投递时间[2020-04-08]
2020-04-08 15:59:30.921 [http-nio-8087-exec-2] INFO  c.w.rparecruitment.controller.ExecuteController - 获取简历信息开始=========================
2020-04-08 15:59:30.971 [http-nio-8087-exec-2] INFO  c.w.rparecruitment.controller.ExecuteController - 当前列表数量[1],简历标题=============================(51job.com)申请贵公司搜索引擎开发工程师（上海）－刘家豪
2020-04-08 15:59:31.453 [http-nio-8087-exec-2] INFO  c.w.rparecruitment.controller.ExecuteController - 下载简历并上传OA成功=======================
2020-04-08 15:59:31.453 [http-nio-8087-exec-2] INFO  c.w.rparecruitment.controller.ExecuteController - 读取简历成功，简历标题[(51job.com)申请贵公司搜索引擎开发工程师（上海）－刘家豪]投递时间[2020-04-08]
2020-04-08 15:59:31.454 [http-nio-8087-exec-2] INFO  c.w.rparecruitment.controller.ExecuteController - 发送简历信息=========================[{"address":"襄阳","age":"34","creatorId":"1","creatorIp":"192.168.40.70","deliveryTime":"2020-04-08","education":"大专","email":"","imageFileId":"3833896","name":"屈昆","otherParamMap":{},"phone":"13387235356","position":"区域销售经理","sex":"男","source":"前程无忧","title":"(51job.com)申请贵公司区域总监（襄阳）（襄阳）－屈昆"},{"address":"上海-长宁区","age":"20","creatorId":"1","creatorIp":"192.168.40.70","deliveryTime":"2020-04-08","education":"大专","email":"15340764490@163.com","imageFileId":"3833897","name":"黄艳汝","otherParamMap":{},"phone":"15340764490","position":"客服专员","sex":"女","source":"前程无忧","title":"(51job.com)申请贵公司接线员（呼入客服）（上海）－黄艳汝"},{"address":"上海","age":"22","creatorId":"1","creatorIp":"192.168.40.70","deliveryTime":"2020-04-08","education":"本科","email":"aaaa980411@163.com","imageFileId":"3833898","name":"刘家豪","otherParamMap":{},"phone":"17630855747","position":"Java开发工程师","sex":"男","source":"前程无忧","title":"(51job.com)申请贵公司搜索引擎开发工程师（上海）－刘家豪"}]
2020-04-08 15:59:31.557 [http-nio-8087-exec-2] INFO  c.w.rparecruitment.controller.ExecuteController - 发送简历成功==========================


2020-04-08 16:00:13.087 [SpringContextShutdownHook] INFO  o.s.scheduling.concurrent.ThreadPoolTaskExecutor - Shutting down ExecutorService 'applicationTaskExecutor'
2020-04-08 16:33:33.476 [main] INFO  c.weaver.rparecruitment.RpaRecruitmentApplication - Starting RpaRecruitmentApplication on DESKTOP-IKISCO3 with PID 14984 (D:\myproject\rpa-recruitment\target\classes started by Administrator in D:\myproject\rpa-recruitment)
2020-04-08 16:33:33.478 [main] INFO  c.weaver.rparecruitment.RpaRecruitmentApplication - No active profile set, falling back to default profiles: default
2020-04-08 16:33:34.023 [main] INFO  o.s.boot.web.embedded.tomcat.TomcatWebServer - Tomcat initialized with port(s): 8087 (http)
2020-04-08 16:33:34.028 [main] INFO  org.apache.coyote.http11.Http11NioProtocol - Initializing ProtocolHandler ["http-nio-8087"]
2020-04-08 16:33:34.029 [main] INFO  org.apache.catalina.core.StandardService - Starting service [Tomcat]
2020-04-08 16:33:34.029 [main] INFO  org.apache.catalina.core.StandardEngine - Starting Servlet engine: [Apache Tomcat/9.0.29]
2020-04-08 16:33:34.085 [main] INFO  o.a.c.core.ContainerBase.[Tomcat].[localhost].[/] - Initializing Spring embedded WebApplicationContext
2020-04-08 16:33:34.085 [main] INFO  org.springframework.web.context.ContextLoader - Root WebApplicationContext: initialization completed in 577 ms
2020-04-08 16:33:34.109 [main] INFO  o.s.b.f.a.AutowiredAnnotationBeanPostProcessor - Autowired annotation is not supported on static fields: private static com.weaver.rparecruitment.controller.ExecuteController com.weaver.rparecruitment.RpaRecruitmentApplication.executor
2020-04-08 16:33:34.110 [main] INFO  o.s.b.f.a.AutowiredAnnotationBeanPostProcessor - Autowired annotation is not supported on static fields: private static com.weaver.rparecruitment.controller.ExecuteController com.weaver.rparecruitment.RpaRecruitmentApplication.executor
2020-04-08 16:33:34.180 [main] INFO  o.s.scheduling.concurrent.ThreadPoolTaskExecutor - Initializing ExecutorService 'applicationTaskExecutor'
2020-04-08 16:33:34.272 [main] INFO  org.apache.coyote.http11.Http11NioProtocol - Starting ProtocolHandler ["http-nio-8087"]
2020-04-08 16:33:34.285 [main] INFO  o.s.boot.web.embedded.tomcat.TomcatWebServer - Tomcat started on port(s): 8087 (http) with context path ''
2020-04-08 16:33:34.287 [main] INFO  c.weaver.rparecruitment.RpaRecruitmentApplication - Started RpaRecruitmentApplication in 1.137 seconds (JVM running for 1.665)
2020-04-08 16:43:26.957 [main] INFO  c.weaver.rparecruitment.RpaRecruitmentApplication - Starting RpaRecruitmentApplication on DESKTOP-IKISCO3 with PID 31320 (D:\myproject\rpa-recruitment\target\classes started by Administrator in D:\myproject\rpa-recruitment)
2020-04-08 16:43:26.960 [main] INFO  c.weaver.rparecruitment.RpaRecruitmentApplication - No active profile set, falling back to default profiles: default
2020-04-08 16:43:27.539 [main] INFO  o.s.boot.web.embedded.tomcat.TomcatWebServer - Tomcat initialized with port(s): 8087 (http)
2020-04-08 16:43:27.546 [main] INFO  org.apache.coyote.http11.Http11NioProtocol - Initializing ProtocolHandler ["http-nio-8087"]
2020-04-08 16:43:27.546 [main] INFO  org.apache.catalina.core.StandardService - Starting service [Tomcat]
2020-04-08 16:43:27.547 [main] INFO  org.apache.catalina.core.StandardEngine - Starting Servlet engine: [Apache Tomcat/9.0.29]
2020-04-08 16:43:27.605 [main] INFO  o.a.c.core.ContainerBase.[Tomcat].[localhost].[/] - Initializing Spring embedded WebApplicationContext
2020-04-08 16:43:27.605 [main] INFO  org.springframework.web.context.ContextLoader - Root WebApplicationContext: initialization completed in 614 ms
2020-04-08 16:43:27.719 [main] INFO  o.s.scheduling.concurrent.ThreadPoolTaskExecutor - Initializing ExecutorService 'applicationTaskExecutor'
2020-04-08 16:43:27.828 [main] INFO  org.apache.coyote.http11.Http11NioProtocol - Starting ProtocolHandler ["http-nio-8087"]
2020-04-08 16:43:27.841 [main] INFO  o.s.boot.web.embedded.tomcat.TomcatWebServer - Tomcat started on port(s): 8087 (http) with context path ''
2020-04-08 16:43:27.844 [main] INFO  c.weaver.rparecruitment.RpaRecruitmentApplication - Started RpaRecruitmentApplication in 1.221 seconds (JVM running for 1.647)
2020-04-08 16:43:33.282 [Forwarding newSession on session null to remote] INFO  org.openqa.selenium.remote.ProtocolHandshake - Detected dialect: W3C
2020-04-08 16:43:34.699 [main] INFO  c.w.rparecruitment.controller.ExecutorController - 启用cookie登录...
2020-04-08 16:43:35.425 [main] INFO  o.s.b.a.l.ConditionEvaluationReportLoggingListener - 

Error starting ApplicationContext. To display the conditions report re-run your application with 'debug' enabled.
2020-04-08 16:43:35.507 [main] INFO  o.s.scheduling.concurrent.ThreadPoolTaskExecutor - Shutting down ExecutorService 'applicationTaskExecutor'
2020-04-08 16:43:53.106 [main] INFO  c.weaver.rparecruitment.RpaRecruitmentApplication - Starting RpaRecruitmentApplication on DESKTOP-IKISCO3 with PID 26128 (D:\myproject\rpa-recruitment\target\classes started by Administrator in D:\myproject\rpa-recruitment)
2020-04-08 16:43:53.109 [main] INFO  c.weaver.rparecruitment.RpaRecruitmentApplication - No active profile set, falling back to default profiles: default
2020-04-08 16:43:53.795 [main] INFO  o.s.boot.web.embedded.tomcat.TomcatWebServer - Tomcat initialized with port(s): 8087 (http)
2020-04-08 16:43:53.802 [main] INFO  org.apache.coyote.http11.Http11NioProtocol - Initializing ProtocolHandler ["http-nio-8087"]
2020-04-08 16:43:53.803 [main] INFO  org.apache.catalina.core.StandardService - Starting service [Tomcat]
2020-04-08 16:43:53.803 [main] INFO  org.apache.catalina.core.StandardEngine - Starting Servlet engine: [Apache Tomcat/9.0.29]
2020-04-08 16:43:53.880 [main] INFO  o.a.c.core.ContainerBase.[Tomcat].[localhost].[/] - Initializing Spring embedded WebApplicationContext
2020-04-08 16:43:53.880 [main] INFO  org.springframework.web.context.ContextLoader - Root WebApplicationContext: initialization completed in 738 ms
2020-04-08 16:43:54.004 [main] INFO  o.s.scheduling.concurrent.ThreadPoolTaskExecutor - Initializing ExecutorService 'applicationTaskExecutor'
2020-04-08 16:43:54.104 [main] INFO  org.apache.coyote.http11.Http11NioProtocol - Starting ProtocolHandler ["http-nio-8087"]
2020-04-08 16:43:54.119 [main] INFO  o.s.boot.web.embedded.tomcat.TomcatWebServer - Tomcat started on port(s): 8087 (http) with context path ''
2020-04-08 16:43:54.122 [main] INFO  c.weaver.rparecruitment.RpaRecruitmentApplication - Started RpaRecruitmentApplication in 1.445 seconds (JVM running for 1.944)
2020-04-08 16:43:57.041 [SpringContextShutdownHook] INFO  o.s.scheduling.concurrent.ThreadPoolTaskExecutor - Shutting down ExecutorService 'applicationTaskExecutor'
2020-04-08 16:44:02.109 [main] INFO  c.weaver.rparecruitment.RpaRecruitmentApplication - Starting RpaRecruitmentApplication on DESKTOP-IKISCO3 with PID 21376 (D:\myproject\rpa-recruitment\target\classes started by Administrator in D:\myproject\rpa-recruitment)
2020-04-08 16:44:02.111 [main] INFO  c.weaver.rparecruitment.RpaRecruitmentApplication - No active profile set, falling back to default profiles: default
2020-04-08 16:44:02.912 [main] INFO  o.s.boot.web.embedded.tomcat.TomcatWebServer - Tomcat initialized with port(s): 8087 (http)
2020-04-08 16:44:02.921 [main] INFO  org.apache.coyote.http11.Http11NioProtocol - Initializing ProtocolHandler ["http-nio-8087"]
2020-04-08 16:44:02.921 [main] INFO  org.apache.catalina.core.StandardService - Starting service [Tomcat]
2020-04-08 16:44:02.922 [main] INFO  org.apache.catalina.core.StandardEngine - Starting Servlet engine: [Apache Tomcat/9.0.29]
2020-04-08 16:44:03.017 [main] INFO  o.a.c.core.ContainerBase.[Tomcat].[localhost].[/] - Initializing Spring embedded WebApplicationContext
2020-04-08 16:44:03.018 [main] INFO  org.springframework.web.context.ContextLoader - Root WebApplicationContext: initialization completed in 866 ms
2020-04-08 16:44:07.896 [main] INFO  o.s.scheduling.concurrent.ThreadPoolTaskExecutor - Initializing ExecutorService 'applicationTaskExecutor'
2020-04-08 16:44:07.994 [main] INFO  org.apache.coyote.http11.Http11NioProtocol - Starting ProtocolHandler ["http-nio-8087"]
2020-04-08 16:44:08.011 [main] INFO  o.s.boot.web.embedded.tomcat.TomcatWebServer - Tomcat started on port(s): 8087 (http) with context path ''
2020-04-08 16:44:08.013 [main] INFO  c.weaver.rparecruitment.RpaRecruitmentApplication - Started RpaRecruitmentApplication in 6.322 seconds (JVM running for 6.839)
2020-04-08 16:44:12.656 [SpringContextShutdownHook] INFO  o.s.scheduling.concurrent.ThreadPoolTaskExecutor - Shutting down ExecutorService 'applicationTaskExecutor'
2020-04-08 16:44:18.955 [main] INFO  c.weaver.rparecruitment.RpaRecruitmentApplication - Starting RpaRecruitmentApplication on DESKTOP-IKISCO3 with PID 10320 (D:\myproject\rpa-recruitment\target\classes started by Administrator in D:\myproject\rpa-recruitment)
2020-04-08 16:44:18.958 [main] INFO  c.weaver.rparecruitment.RpaRecruitmentApplication - No active profile set, falling back to default profiles: default
2020-04-08 16:44:19.579 [main] INFO  o.s.boot.web.embedded.tomcat.TomcatWebServer - Tomcat initialized with port(s): 8087 (http)
2020-04-08 16:44:19.586 [main] INFO  org.apache.coyote.http11.Http11NioProtocol - Initializing ProtocolHandler ["http-nio-8087"]
2020-04-08 16:44:19.586 [main] INFO  org.apache.catalina.core.StandardService - Starting service [Tomcat]
2020-04-08 16:44:19.586 [main] INFO  org.apache.catalina.core.StandardEngine - Starting Servlet engine: [Apache Tomcat/9.0.29]
2020-04-08 16:44:19.651 [main] INFO  o.a.c.core.ContainerBase.[Tomcat].[localhost].[/] - Initializing Spring embedded WebApplicationContext
2020-04-08 16:44:19.651 [main] INFO  org.springframework.web.context.ContextLoader - Root WebApplicationContext: initialization completed in 653 ms
2020-04-08 16:44:19.778 [main] INFO  o.s.scheduling.concurrent.ThreadPoolTaskExecutor - Initializing ExecutorService 'applicationTaskExecutor'
2020-04-08 16:44:19.878 [main] INFO  org.apache.coyote.http11.Http11NioProtocol - Starting ProtocolHandler ["http-nio-8087"]
2020-04-08 16:44:19.894 [main] INFO  o.s.boot.web.embedded.tomcat.TomcatWebServer - Tomcat started on port(s): 8087 (http) with context path ''
2020-04-08 16:44:19.897 [main] INFO  c.weaver.rparecruitment.RpaRecruitmentApplication - Started RpaRecruitmentApplication in 1.371 seconds (JVM running for 1.878)
2020-04-08 16:44:27.280 [SpringContextShutdownHook] INFO  o.s.scheduling.concurrent.ThreadPoolTaskExecutor - Shutting down ExecutorService 'applicationTaskExecutor'
2020-04-08 16:44:30.274 [main] INFO  c.weaver.rparecruitment.RpaRecruitmentApplication - Starting RpaRecruitmentApplication on DESKTOP-IKISCO3 with PID 19924 (D:\myproject\rpa-recruitment\target\classes started by Administrator in D:\myproject\rpa-recruitment)
2020-04-08 16:44:30.276 [main] INFO  c.weaver.rparecruitment.RpaRecruitmentApplication - No active profile set, falling back to default profiles: default
2020-04-08 16:44:30.985 [main] INFO  o.s.boot.web.embedded.tomcat.TomcatWebServer - Tomcat initialized with port(s): 8087 (http)
2020-04-08 16:44:30.992 [main] INFO  org.apache.coyote.http11.Http11NioProtocol - Initializing ProtocolHandler ["http-nio-8087"]
2020-04-08 16:44:30.993 [main] INFO  org.apache.catalina.core.StandardService - Starting service [Tomcat]
2020-04-08 16:44:30.993 [main] INFO  org.apache.catalina.core.StandardEngine - Starting Servlet engine: [Apache Tomcat/9.0.29]
2020-04-08 16:44:31.058 [main] INFO  o.a.c.core.ContainerBase.[Tomcat].[localhost].[/] - Initializing Spring embedded WebApplicationContext
2020-04-08 16:44:31.058 [main] INFO  org.springframework.web.context.ContextLoader - Root WebApplicationContext: initialization completed in 747 ms
2020-04-08 16:44:33.614 [main] INFO  o.s.scheduling.concurrent.ThreadPoolTaskExecutor - Initializing ExecutorService 'applicationTaskExecutor'
2020-04-08 16:44:33.715 [main] INFO  org.apache.coyote.http11.Http11NioProtocol - Starting ProtocolHandler ["http-nio-8087"]
2020-04-08 16:44:33.732 [main] INFO  o.s.boot.web.embedded.tomcat.TomcatWebServer - Tomcat started on port(s): 8087 (http) with context path ''
2020-04-08 16:44:33.734 [main] INFO  c.weaver.rparecruitment.RpaRecruitmentApplication - Started RpaRecruitmentApplication in 3.912 seconds (JVM running for 4.41)
2020-04-08 16:44:40.323 [Forwarding newSession on session null to remote] INFO  org.openqa.selenium.remote.ProtocolHandshake - Detected dialect: W3C
2020-04-08 16:44:41.974 [main] INFO  c.w.rparecruitment.controller.ExecutorController - 启用cookie登录...
2020-04-08 16:44:43.867 [main] INFO  c.w.rparecruitment.controller.ExecutorController - cookie登录成功!
2020-04-08 16:44:45.343 [SpringContextShutdownHook] INFO  o.s.scheduling.concurrent.ThreadPoolTaskExecutor - Shutting down ExecutorService 'applicationTaskExecutor'
