2020-04-02 15:16:44.553 [main] INFO  c.weaver.rparecruitment.RpaRecruitmentApplication - Starting RpaRecruitmentApplication on DESKTOP-IKISCO3 with PID 28980 (D:\myproject\rpa-recruitment\target\classes started by Administrator in D:\myproject\rpa-recruitment)
2020-04-02 15:16:44.601 [main] INFO  c.weaver.rparecruitment.RpaRecruitmentApplication - No active profile set, falling back to default profiles: default
2020-04-02 15:16:45.398 [main] INFO  o.s.boot.web.embedded.tomcat.TomcatWebServer - Tomcat initialized with port(s): 8087 (http)
2020-04-02 15:16:45.405 [main] INFO  org.apache.coyote.http11.Http11NioProtocol - Initializing ProtocolHandler ["http-nio-8087"]
2020-04-02 15:16:45.405 [main] INFO  org.apache.catalina.core.StandardService - Starting service [Tomcat]
2020-04-02 15:16:45.406 [main] INFO  org.apache.catalina.core.StandardEngine - Starting Servlet engine: [Apache Tomcat/9.0.29]
2020-04-02 15:16:45.468 [main] INFO  o.a.c.core.ContainerBase.[Tomcat].[localhost].[/] - Initializing Spring embedded WebApplicationContext
2020-04-02 15:16:45.468 [main] INFO  org.springframework.web.context.ContextLoader - Root WebApplicationContext: initialization completed in 814 ms
2020-04-02 15:16:45.589 [main] INFO  o.s.scheduling.concurrent.ThreadPoolTaskExecutor - Initializing ExecutorService 'applicationTaskExecutor'
2020-04-02 15:16:45.697 [main] INFO  org.apache.coyote.http11.Http11NioProtocol - Starting ProtocolHandler ["http-nio-8087"]
2020-04-02 15:16:45.714 [main] INFO  o.s.boot.web.embedded.tomcat.TomcatWebServer - Tomcat started on port(s): 8087 (http) with context path ''
2020-04-02 15:16:45.716 [main] INFO  c.weaver.rparecruitment.RpaRecruitmentApplication - Started RpaRecruitmentApplication in 1.753 seconds (JVM running for 3.434)
2020-04-02 15:16:53.110 [http-nio-8087-exec-1] INFO  o.a.c.core.ContainerBase.[Tomcat].[localhost].[/] - Initializing Spring DispatcherServlet 'dispatcherServlet'
2020-04-02 15:16:53.110 [http-nio-8087-exec-1] INFO  org.springframework.web.servlet.DispatcherServlet - Initializing Servlet 'dispatcherServlet'
2020-04-02 15:16:53.114 [http-nio-8087-exec-1] INFO  org.springframework.web.servlet.DispatcherServlet - Completed initialization in 3 ms
2020-04-02 15:16:59.410 [Forwarding newSession on session null to remote] INFO  org.openqa.selenium.remote.ProtocolHandshake - Detected dialect: W3C
2020-04-02 15:17:06.812 [http-nio-8087-exec-1] INFO  c.w.rparecruitment.controller.ExecuteController - 启用cookie登录=============================
2020-04-02 15:19:39.465 [SpringContextShutdownHook] INFO  o.s.scheduling.concurrent.ThreadPoolTaskExecutor - Shutting down ExecutorService 'applicationTaskExecutor'
2020-04-02 15:19:44.808 [main] INFO  c.weaver.rparecruitment.RpaRecruitmentApplication - Starting RpaRecruitmentApplication on DESKTOP-IKISCO3 with PID 4932 (D:\myproject\rpa-recruitment\target\classes started by Administrator in D:\myproject\rpa-recruitment)
2020-04-02 15:19:44.811 [main] INFO  c.weaver.rparecruitment.RpaRecruitmentApplication - No active profile set, falling back to default profiles: default
2020-04-02 15:19:45.568 [main] INFO  o.s.boot.web.embedded.tomcat.TomcatWebServer - Tomcat initialized with port(s): 8087 (http)
2020-04-02 15:19:45.575 [main] INFO  org.apache.coyote.http11.Http11NioProtocol - Initializing ProtocolHandler ["http-nio-8087"]
2020-04-02 15:19:45.576 [main] INFO  org.apache.catalina.core.StandardService - Starting service [Tomcat]
2020-04-02 15:19:45.576 [main] INFO  org.apache.catalina.core.StandardEngine - Starting Servlet engine: [Apache Tomcat/9.0.29]
2020-04-02 15:19:45.674 [main] INFO  o.a.c.core.ContainerBase.[Tomcat].[localhost].[/] - Initializing Spring embedded WebApplicationContext
2020-04-02 15:19:45.674 [main] INFO  org.springframework.web.context.ContextLoader - Root WebApplicationContext: initialization completed in 784 ms
2020-04-02 15:19:45.788 [main] INFO  o.s.scheduling.concurrent.ThreadPoolTaskExecutor - Initializing ExecutorService 'applicationTaskExecutor'
2020-04-02 15:19:45.892 [main] INFO  org.apache.coyote.http11.Http11NioProtocol - Starting ProtocolHandler ["http-nio-8087"]
2020-04-02 15:19:45.908 [main] INFO  o.s.boot.web.embedded.tomcat.TomcatWebServer - Tomcat started on port(s): 8087 (http) with context path ''
2020-04-02 15:19:45.911 [main] INFO  c.weaver.rparecruitment.RpaRecruitmentApplication - Started RpaRecruitmentApplication in 1.606 seconds (JVM running for 2.341)
2020-04-02 15:22:49.479 [http-nio-8087-exec-1] INFO  o.a.c.core.ContainerBase.[Tomcat].[localhost].[/] - Initializing Spring DispatcherServlet 'dispatcherServlet'
2020-04-02 15:22:49.480 [http-nio-8087-exec-1] INFO  org.springframework.web.servlet.DispatcherServlet - Initializing Servlet 'dispatcherServlet'
2020-04-02 15:22:49.484 [http-nio-8087-exec-1] INFO  org.springframework.web.servlet.DispatcherServlet - Completed initialization in 4 ms
2020-04-02 15:22:55.216 [Forwarding newSession on session null to remote] INFO  org.openqa.selenium.remote.ProtocolHandshake - Detected dialect: W3C
2020-04-02 15:22:59.915 [http-nio-8087-exec-1] INFO  c.w.rparecruitment.controller.ExecuteController - 启用cookie登录=============================
2020-04-02 15:25:20.114 [SpringContextShutdownHook] INFO  o.s.scheduling.concurrent.ThreadPoolTaskExecutor - Shutting down ExecutorService 'applicationTaskExecutor'
2020-04-02 15:25:23.778 [main] INFO  c.weaver.rparecruitment.RpaRecruitmentApplication - Starting RpaRecruitmentApplication on DESKTOP-IKISCO3 with PID 14496 (D:\myproject\rpa-recruitment\target\classes started by Administrator in D:\myproject\rpa-recruitment)
2020-04-02 15:25:23.781 [main] INFO  c.weaver.rparecruitment.RpaRecruitmentApplication - No active profile set, falling back to default profiles: default
2020-04-02 15:25:24.578 [main] INFO  o.s.boot.web.embedded.tomcat.TomcatWebServer - Tomcat initialized with port(s): 8087 (http)
2020-04-02 15:25:24.586 [main] INFO  org.apache.coyote.http11.Http11NioProtocol - Initializing ProtocolHandler ["http-nio-8087"]
2020-04-02 15:25:24.587 [main] INFO  org.apache.catalina.core.StandardService - Starting service [Tomcat]
2020-04-02 15:25:24.587 [main] INFO  org.apache.catalina.core.StandardEngine - Starting Servlet engine: [Apache Tomcat/9.0.29]
2020-04-02 15:25:24.659 [main] INFO  o.a.c.core.ContainerBase.[Tomcat].[localhost].[/] - Initializing Spring embedded WebApplicationContext
2020-04-02 15:25:24.659 [main] INFO  org.springframework.web.context.ContextLoader - Root WebApplicationContext: initialization completed in 836 ms
2020-04-02 15:25:24.798 [main] INFO  o.s.scheduling.concurrent.ThreadPoolTaskExecutor - Initializing ExecutorService 'applicationTaskExecutor'
2020-04-02 15:25:24.913 [main] INFO  org.apache.coyote.http11.Http11NioProtocol - Starting ProtocolHandler ["http-nio-8087"]
2020-04-02 15:25:24.930 [main] INFO  o.s.boot.web.embedded.tomcat.TomcatWebServer - Tomcat started on port(s): 8087 (http) with context path ''
2020-04-02 15:25:24.933 [main] INFO  c.weaver.rparecruitment.RpaRecruitmentApplication - Started RpaRecruitmentApplication in 1.601 seconds (JVM running for 2.098)
2020-04-02 15:25:29.900 [SpringContextShutdownHook] INFO  o.s.scheduling.concurrent.ThreadPoolTaskExecutor - Shutting down ExecutorService 'applicationTaskExecutor'
2020-04-02 15:25:33.043 [main] INFO  c.weaver.rparecruitment.RpaRecruitmentApplication - Starting RpaRecruitmentApplication on DESKTOP-IKISCO3 with PID 7192 (D:\myproject\rpa-recruitment\target\classes started by Administrator in D:\myproject\rpa-recruitment)
2020-04-02 15:25:33.046 [main] INFO  c.weaver.rparecruitment.RpaRecruitmentApplication - No active profile set, falling back to default profiles: default
2020-04-02 15:25:33.987 [main] INFO  o.s.boot.web.embedded.tomcat.TomcatWebServer - Tomcat initialized with port(s): 8087 (http)
2020-04-02 15:25:33.995 [main] INFO  org.apache.coyote.http11.Http11NioProtocol - Initializing ProtocolHandler ["http-nio-8087"]
2020-04-02 15:25:33.996 [main] INFO  org.apache.catalina.core.StandardService - Starting service [Tomcat]
2020-04-02 15:25:33.996 [main] INFO  org.apache.catalina.core.StandardEngine - Starting Servlet engine: [Apache Tomcat/9.0.29]
2020-04-02 15:25:34.077 [main] INFO  o.a.c.core.ContainerBase.[Tomcat].[localhost].[/] - Initializing Spring embedded WebApplicationContext
2020-04-02 15:25:34.078 [main] INFO  org.springframework.web.context.ContextLoader - Root WebApplicationContext: initialization completed in 1000 ms
2020-04-02 15:25:34.225 [main] INFO  o.s.scheduling.concurrent.ThreadPoolTaskExecutor - Initializing ExecutorService 'applicationTaskExecutor'
2020-04-02 15:25:34.332 [main] INFO  org.apache.coyote.http11.Http11NioProtocol - Starting ProtocolHandler ["http-nio-8087"]
2020-04-02 15:25:34.349 [main] INFO  o.s.boot.web.embedded.tomcat.TomcatWebServer - Tomcat started on port(s): 8087 (http) with context path ''
2020-04-02 15:25:34.351 [main] INFO  c.weaver.rparecruitment.RpaRecruitmentApplication - Started RpaRecruitmentApplication in 2.039 seconds (JVM running for 2.589)
2020-04-02 15:25:37.233 [http-nio-8087-exec-2] INFO  o.a.c.core.ContainerBase.[Tomcat].[localhost].[/] - Initializing Spring DispatcherServlet 'dispatcherServlet'
2020-04-02 15:25:37.234 [http-nio-8087-exec-2] INFO  org.springframework.web.servlet.DispatcherServlet - Initializing Servlet 'dispatcherServlet'
2020-04-02 15:25:37.240 [http-nio-8087-exec-2] INFO  org.springframework.web.servlet.DispatcherServlet - Completed initialization in 6 ms
2020-04-02 15:25:42.888 [Forwarding newSession on session null to remote] INFO  org.openqa.selenium.remote.ProtocolHandshake - Detected dialect: W3C
2020-04-02 15:25:51.206 [http-nio-8087-exec-2] INFO  c.w.rparecruitment.controller.ExecuteController - 等待用户登录=================================
2020-04-02 15:26:25.210 [http-nio-8087-exec-2] INFO  c.w.rparecruitment.controller.ExecuteController - 用户登录成功=================================
2020-04-02 15:26:35.933 [http-nio-8087-exec-2] INFO  c.w.rparecruitment.controller.ExecuteController - 获取简历信息开始=========================
2020-04-02 15:26:35.955 [http-nio-8087-exec-2] INFO  c.w.rparecruitment.controller.ExecuteController - 当前列表数量[3],简历标题=============================(51job.com)申请贵公司售后客服专员（上海）－张芳芳
2020-04-02 15:28:51.431 [SpringContextShutdownHook] INFO  o.s.scheduling.concurrent.ThreadPoolTaskExecutor - Shutting down ExecutorService 'applicationTaskExecutor'
2020-04-02 15:28:56.529 [main] INFO  c.weaver.rparecruitment.RpaRecruitmentApplication - Starting RpaRecruitmentApplication on DESKTOP-IKISCO3 with PID 29204 (D:\myproject\rpa-recruitment\target\classes started by Administrator in D:\myproject\rpa-recruitment)
2020-04-02 15:28:56.537 [main] INFO  c.weaver.rparecruitment.RpaRecruitmentApplication - No active profile set, falling back to default profiles: default
2020-04-02 15:28:57.855 [main] INFO  o.s.boot.web.embedded.tomcat.TomcatWebServer - Tomcat initialized with port(s): 8087 (http)
2020-04-02 15:28:57.862 [main] INFO  org.apache.coyote.http11.Http11NioProtocol - Initializing ProtocolHandler ["http-nio-8087"]
2020-04-02 15:28:57.863 [main] INFO  org.apache.catalina.core.StandardService - Starting service [Tomcat]
2020-04-02 15:28:57.863 [main] INFO  org.apache.catalina.core.StandardEngine - Starting Servlet engine: [Apache Tomcat/9.0.29]
2020-04-02 15:28:57.941 [main] INFO  o.a.c.core.ContainerBase.[Tomcat].[localhost].[/] - Initializing Spring embedded WebApplicationContext
2020-04-02 15:28:57.941 [main] INFO  org.springframework.web.context.ContextLoader - Root WebApplicationContext: initialization completed in 1262 ms
2020-04-02 15:28:58.070 [main] INFO  o.s.scheduling.concurrent.ThreadPoolTaskExecutor - Initializing ExecutorService 'applicationTaskExecutor'
2020-04-02 15:28:58.170 [main] INFO  org.apache.coyote.http11.Http11NioProtocol - Starting ProtocolHandler ["http-nio-8087"]
2020-04-02 15:28:58.186 [main] INFO  o.s.boot.web.embedded.tomcat.TomcatWebServer - Tomcat started on port(s): 8087 (http) with context path ''
2020-04-02 15:28:58.189 [main] INFO  c.weaver.rparecruitment.RpaRecruitmentApplication - Started RpaRecruitmentApplication in 2.47 seconds (JVM running for 3.169)
2020-04-02 15:29:02.626 [SpringContextShutdownHook] INFO  o.s.scheduling.concurrent.ThreadPoolTaskExecutor - Shutting down ExecutorService 'applicationTaskExecutor'
2020-04-02 15:29:05.028 [main] INFO  c.weaver.rparecruitment.RpaRecruitmentApplication - Starting RpaRecruitmentApplication on DESKTOP-IKISCO3 with PID 27564 (D:\myproject\rpa-recruitment\target\classes started by Administrator in D:\myproject\rpa-recruitment)
2020-04-02 15:29:05.032 [main] INFO  c.weaver.rparecruitment.RpaRecruitmentApplication - No active profile set, falling back to default profiles: default
2020-04-02 15:29:05.767 [main] INFO  o.s.boot.web.embedded.tomcat.TomcatWebServer - Tomcat initialized with port(s): 8087 (http)
2020-04-02 15:29:05.774 [main] INFO  org.apache.coyote.http11.Http11NioProtocol - Initializing ProtocolHandler ["http-nio-8087"]
2020-04-02 15:29:05.775 [main] INFO  org.apache.catalina.core.StandardService - Starting service [Tomcat]
2020-04-02 15:29:05.775 [main] INFO  org.apache.catalina.core.StandardEngine - Starting Servlet engine: [Apache Tomcat/9.0.29]
2020-04-02 15:29:05.845 [main] INFO  o.a.c.core.ContainerBase.[Tomcat].[localhost].[/] - Initializing Spring embedded WebApplicationContext
2020-04-02 15:29:05.845 [main] INFO  org.springframework.web.context.ContextLoader - Root WebApplicationContext: initialization completed in 739 ms
2020-04-02 15:29:05.978 [main] INFO  o.s.scheduling.concurrent.ThreadPoolTaskExecutor - Initializing ExecutorService 'applicationTaskExecutor'
2020-04-02 15:29:06.093 [main] INFO  org.apache.coyote.http11.Http11NioProtocol - Starting ProtocolHandler ["http-nio-8087"]
2020-04-02 15:29:06.111 [main] INFO  o.s.boot.web.embedded.tomcat.TomcatWebServer - Tomcat started on port(s): 8087 (http) with context path ''
2020-04-02 15:29:06.114 [main] INFO  c.weaver.rparecruitment.RpaRecruitmentApplication - Started RpaRecruitmentApplication in 1.539 seconds (JVM running for 2.029)
2020-04-02 15:29:09.199 [http-nio-8087-exec-1] INFO  o.a.c.core.ContainerBase.[Tomcat].[localhost].[/] - Initializing Spring DispatcherServlet 'dispatcherServlet'
2020-04-02 15:29:09.199 [http-nio-8087-exec-1] INFO  org.springframework.web.servlet.DispatcherServlet - Initializing Servlet 'dispatcherServlet'
2020-04-02 15:29:09.208 [http-nio-8087-exec-1] INFO  org.springframework.web.servlet.DispatcherServlet - Completed initialization in 9 ms
2020-04-02 15:29:14.775 [Forwarding newSession on session null to remote] INFO  org.openqa.selenium.remote.ProtocolHandshake - Detected dialect: W3C
2020-04-02 15:29:19.592 [http-nio-8087-exec-1] INFO  c.w.rparecruitment.controller.ExecuteController - 启用cookie登录=============================
2020-04-02 15:30:20.808 [SpringContextShutdownHook] INFO  o.s.scheduling.concurrent.ThreadPoolTaskExecutor - Shutting down ExecutorService 'applicationTaskExecutor'
2020-04-02 15:30:22.980 [http-nio-8087-exec-1] INFO  c.w.rparecruitment.controller.ExecuteController - 用户登录失败==================================
2020-04-02 15:30:25.535 [main] INFO  c.weaver.rparecruitment.RpaRecruitmentApplication - Starting RpaRecruitmentApplication on DESKTOP-IKISCO3 with PID 28036 (D:\myproject\rpa-recruitment\target\classes started by Administrator in D:\myproject\rpa-recruitment)
2020-04-02 15:30:25.543 [main] INFO  c.weaver.rparecruitment.RpaRecruitmentApplication - No active profile set, falling back to default profiles: default
2020-04-02 15:30:26.764 [main] INFO  o.s.boot.web.embedded.tomcat.TomcatWebServer - Tomcat initialized with port(s): 8087 (http)
2020-04-02 15:30:26.782 [main] INFO  org.apache.coyote.http11.Http11NioProtocol - Initializing ProtocolHandler ["http-nio-8087"]
2020-04-02 15:30:26.783 [main] INFO  org.apache.catalina.core.StandardService - Starting service [Tomcat]
2020-04-02 15:30:26.783 [main] INFO  org.apache.catalina.core.StandardEngine - Starting Servlet engine: [Apache Tomcat/9.0.29]
2020-04-02 15:30:26.913 [main] INFO  o.a.c.core.ContainerBase.[Tomcat].[localhost].[/] - Initializing Spring embedded WebApplicationContext
2020-04-02 15:30:26.913 [main] INFO  org.springframework.web.context.ContextLoader - Root WebApplicationContext: initialization completed in 1294 ms
2020-04-02 15:30:27.105 [main] INFO  o.s.scheduling.concurrent.ThreadPoolTaskExecutor - Initializing ExecutorService 'applicationTaskExecutor'
2020-04-02 15:30:27.204 [main] INFO  org.apache.coyote.http11.Http11NioProtocol - Starting ProtocolHandler ["http-nio-8087"]
2020-04-02 15:30:27.222 [main] INFO  o.s.boot.web.embedded.tomcat.TomcatWebServer - Tomcat started on port(s): 8087 (http) with context path ''
2020-04-02 15:30:27.224 [main] INFO  c.weaver.rparecruitment.RpaRecruitmentApplication - Started RpaRecruitmentApplication in 2.347 seconds (JVM running for 2.876)
2020-04-02 15:30:34.678 [http-nio-8087-exec-2] INFO  o.a.c.core.ContainerBase.[Tomcat].[localhost].[/] - Initializing Spring DispatcherServlet 'dispatcherServlet'
2020-04-02 15:30:34.678 [http-nio-8087-exec-2] INFO  org.springframework.web.servlet.DispatcherServlet - Initializing Servlet 'dispatcherServlet'
2020-04-02 15:30:34.682 [http-nio-8087-exec-2] INFO  org.springframework.web.servlet.DispatcherServlet - Completed initialization in 4 ms
2020-04-02 15:30:40.319 [Forwarding newSession on session null to remote] INFO  org.openqa.selenium.remote.ProtocolHandshake - Detected dialect: W3C
2020-04-02 15:30:50.440 [http-nio-8087-exec-2] INFO  c.w.rparecruitment.controller.ExecuteController - 等待用户登录=================================
2020-04-02 15:31:04.445 [http-nio-8087-exec-2] INFO  c.w.rparecruitment.controller.ExecuteController - 用户登录成功=================================
2020-04-02 15:34:18.205 [SpringContextShutdownHook] INFO  o.s.scheduling.concurrent.ThreadPoolTaskExecutor - Shutting down ExecutorService 'applicationTaskExecutor'
2020-04-02 15:35:49.746 [main] INFO  c.weaver.rparecruitment.RpaRecruitmentApplication - Starting RpaRecruitmentApplication on DESKTOP-IKISCO3 with PID 27868 (D:\myproject\rpa-recruitment\target\classes started by Administrator in D:\myproject\rpa-recruitment)
2020-04-02 15:35:49.750 [main] INFO  c.weaver.rparecruitment.RpaRecruitmentApplication - No active profile set, falling back to default profiles: default
2020-04-02 15:35:50.486 [main] INFO  o.s.boot.web.embedded.tomcat.TomcatWebServer - Tomcat initialized with port(s): 8087 (http)
2020-04-02 15:35:50.494 [main] INFO  org.apache.coyote.http11.Http11NioProtocol - Initializing ProtocolHandler ["http-nio-8087"]
2020-04-02 15:35:50.495 [main] INFO  org.apache.catalina.core.StandardService - Starting service [Tomcat]
2020-04-02 15:35:50.495 [main] INFO  org.apache.catalina.core.StandardEngine - Starting Servlet engine: [Apache Tomcat/9.0.29]
2020-04-02 15:35:50.562 [main] INFO  o.a.c.core.ContainerBase.[Tomcat].[localhost].[/] - Initializing Spring embedded WebApplicationContext
2020-04-02 15:35:50.562 [main] INFO  org.springframework.web.context.ContextLoader - Root WebApplicationContext: initialization completed in 768 ms
2020-04-02 15:35:50.687 [main] INFO  o.s.scheduling.concurrent.ThreadPoolTaskExecutor - Initializing ExecutorService 'applicationTaskExecutor'
2020-04-02 15:35:50.827 [main] INFO  org.apache.coyote.http11.Http11NioProtocol - Starting ProtocolHandler ["http-nio-8087"]
2020-04-02 15:35:50.845 [main] INFO  o.s.boot.web.embedded.tomcat.TomcatWebServer - Tomcat started on port(s): 8087 (http) with context path ''
2020-04-02 15:35:50.847 [main] INFO  c.weaver.rparecruitment.RpaRecruitmentApplication - Started RpaRecruitmentApplication in 1.529 seconds (JVM running for 2.04)
2020-04-02 15:35:59.651 [http-nio-8087-exec-1] INFO  o.a.c.core.ContainerBase.[Tomcat].[localhost].[/] - Initializing Spring DispatcherServlet 'dispatcherServlet'
2020-04-02 15:35:59.652 [http-nio-8087-exec-1] INFO  org.springframework.web.servlet.DispatcherServlet - Initializing Servlet 'dispatcherServlet'
2020-04-02 15:35:59.669 [http-nio-8087-exec-1] INFO  org.springframework.web.servlet.DispatcherServlet - Completed initialization in 17 ms
2020-04-02 15:36:05.473 [Forwarding newSession on session null to remote] INFO  org.openqa.selenium.remote.ProtocolHandshake - Detected dialect: W3C
2020-04-02 15:36:53.771 [http-nio-8087-exec-1] INFO  c.w.rparecruitment.controller.ExecuteController - 启用cookie登录=============================
2020-04-02 15:36:53.795 [SpringContextShutdownHook] INFO  o.s.scheduling.concurrent.ThreadPoolTaskExecutor - Shutting down ExecutorService 'applicationTaskExecutor'
2020-04-02 15:41:41.644 [main] INFO  c.weaver.rparecruitment.RpaRecruitmentApplication - Starting RpaRecruitmentApplication on DESKTOP-IKISCO3 with PID 720 (D:\myproject\rpa-recruitment\target\classes started by Administrator in D:\myproject\rpa-recruitment)
2020-04-02 15:41:41.692 [main] INFO  c.weaver.rparecruitment.RpaRecruitmentApplication - No active profile set, falling back to default profiles: default
2020-04-02 15:41:42.476 [main] INFO  o.s.boot.web.embedded.tomcat.TomcatWebServer - Tomcat initialized with port(s): 8087 (http)
2020-04-02 15:41:42.485 [main] INFO  org.apache.coyote.http11.Http11NioProtocol - Initializing ProtocolHandler ["http-nio-8087"]
2020-04-02 15:41:42.486 [main] INFO  org.apache.catalina.core.StandardService - Starting service [Tomcat]
2020-04-02 15:41:42.487 [main] INFO  org.apache.catalina.core.StandardEngine - Starting Servlet engine: [Apache Tomcat/9.0.29]
2020-04-02 15:41:42.555 [main] INFO  o.a.c.core.ContainerBase.[Tomcat].[localhost].[/] - Initializing Spring embedded WebApplicationContext
2020-04-02 15:41:42.555 [main] INFO  org.springframework.web.context.ContextLoader - Root WebApplicationContext: initialization completed in 813 ms
2020-04-02 15:41:42.687 [main] INFO  o.s.scheduling.concurrent.ThreadPoolTaskExecutor - Initializing ExecutorService 'applicationTaskExecutor'
2020-04-02 15:41:42.801 [main] INFO  org.apache.coyote.http11.Http11NioProtocol - Starting ProtocolHandler ["http-nio-8087"]
2020-04-02 15:41:42.821 [main] INFO  o.s.boot.web.embedded.tomcat.TomcatWebServer - Tomcat started on port(s): 8087 (http) with context path ''
2020-04-02 15:41:42.824 [main] INFO  c.weaver.rparecruitment.RpaRecruitmentApplication - Started RpaRecruitmentApplication in 1.722 seconds (JVM running for 2.447)
2020-04-02 15:41:47.174 [http-nio-8087-exec-1] INFO  o.a.c.core.ContainerBase.[Tomcat].[localhost].[/] - Initializing Spring DispatcherServlet 'dispatcherServlet'
2020-04-02 15:41:47.175 [http-nio-8087-exec-1] INFO  org.springframework.web.servlet.DispatcherServlet - Initializing Servlet 'dispatcherServlet'
2020-04-02 15:41:47.179 [http-nio-8087-exec-1] INFO  org.springframework.web.servlet.DispatcherServlet - Completed initialization in 4 ms
2020-04-02 15:41:52.874 [Forwarding newSession on session null to remote] INFO  org.openqa.selenium.remote.ProtocolHandshake - Detected dialect: W3C
2020-04-02 15:43:00.193 [http-nio-8087-exec-1] INFO  c.w.rparecruitment.controller.ExecuteController - 启用cookie登录=============================
2020-04-02 15:43:00.227 [SpringContextShutdownHook] INFO  o.s.scheduling.concurrent.ThreadPoolTaskExecutor - Shutting down ExecutorService 'applicationTaskExecutor'
2020-04-02 15:43:04.079 [main] INFO  c.weaver.rparecruitment.RpaRecruitmentApplication - Starting RpaRecruitmentApplication on DESKTOP-IKISCO3 with PID 10344 (D:\myproject\rpa-recruitment\target\classes started by Administrator in D:\myproject\rpa-recruitment)
2020-04-02 15:43:04.083 [main] INFO  c.weaver.rparecruitment.RpaRecruitmentApplication - No active profile set, falling back to default profiles: default
2020-04-02 15:43:04.907 [main] INFO  o.s.boot.web.embedded.tomcat.TomcatWebServer - Tomcat initialized with port(s): 8087 (http)
2020-04-02 15:43:04.915 [main] INFO  org.apache.coyote.http11.Http11NioProtocol - Initializing ProtocolHandler ["http-nio-8087"]
2020-04-02 15:43:04.916 [main] INFO  org.apache.catalina.core.StandardService - Starting service [Tomcat]
2020-04-02 15:43:04.916 [main] INFO  org.apache.catalina.core.StandardEngine - Starting Servlet engine: [Apache Tomcat/9.0.29]
2020-04-02 15:43:04.986 [main] INFO  o.a.c.core.ContainerBase.[Tomcat].[localhost].[/] - Initializing Spring embedded WebApplicationContext
2020-04-02 15:43:04.986 [main] INFO  org.springframework.web.context.ContextLoader - Root WebApplicationContext: initialization completed in 818 ms
2020-04-02 15:43:05.152 [main] INFO  o.s.scheduling.concurrent.ThreadPoolTaskExecutor - Initializing ExecutorService 'applicationTaskExecutor'
2020-04-02 15:43:05.299 [main] INFO  org.apache.coyote.http11.Http11NioProtocol - Starting ProtocolHandler ["http-nio-8087"]
2020-04-02 15:43:05.322 [main] INFO  o.s.boot.web.embedded.tomcat.TomcatWebServer - Tomcat started on port(s): 8087 (http) with context path ''
2020-04-02 15:43:05.326 [main] INFO  c.weaver.rparecruitment.RpaRecruitmentApplication - Started RpaRecruitmentApplication in 1.897 seconds (JVM running for 2.7)
2020-04-02 15:43:23.135 [http-nio-8087-exec-1] INFO  o.a.c.core.ContainerBase.[Tomcat].[localhost].[/] - Initializing Spring DispatcherServlet 'dispatcherServlet'
2020-04-02 15:43:23.136 [http-nio-8087-exec-1] INFO  org.springframework.web.servlet.DispatcherServlet - Initializing Servlet 'dispatcherServlet'
2020-04-02 15:43:23.141 [http-nio-8087-exec-1] INFO  org.springframework.web.servlet.DispatcherServlet - Completed initialization in 4 ms
2020-04-02 15:43:28.671 [Forwarding newSession on session null to remote] INFO  org.openqa.selenium.remote.ProtocolHandshake - Detected dialect: W3C
2020-04-02 15:44:29.152 [http-nio-8087-exec-1] INFO  c.w.rparecruitment.controller.ExecuteController - 启用cookie登录=============================
2020-04-02 15:44:29.176 [SpringContextShutdownHook] INFO  o.s.scheduling.concurrent.ThreadPoolTaskExecutor - Shutting down ExecutorService 'applicationTaskExecutor'
2020-04-02 15:44:32.801 [main] INFO  c.weaver.rparecruitment.RpaRecruitmentApplication - Starting RpaRecruitmentApplication on DESKTOP-IKISCO3 with PID 28608 (D:\myproject\rpa-recruitment\target\classes started by Administrator in D:\myproject\rpa-recruitment)
2020-04-02 15:44:32.809 [main] INFO  c.weaver.rparecruitment.RpaRecruitmentApplication - No active profile set, falling back to default profiles: default
2020-04-02 15:44:33.721 [main] INFO  o.s.boot.web.embedded.tomcat.TomcatWebServer - Tomcat initialized with port(s): 8087 (http)
2020-04-02 15:44:33.732 [main] INFO  org.apache.coyote.http11.Http11NioProtocol - Initializing ProtocolHandler ["http-nio-8087"]
2020-04-02 15:44:33.732 [main] INFO  org.apache.catalina.core.StandardService - Starting service [Tomcat]
2020-04-02 15:44:33.732 [main] INFO  org.apache.catalina.core.StandardEngine - Starting Servlet engine: [Apache Tomcat/9.0.29]
2020-04-02 15:44:33.813 [main] INFO  o.a.c.core.ContainerBase.[Tomcat].[localhost].[/] - Initializing Spring embedded WebApplicationContext
2020-04-02 15:44:33.814 [main] INFO  org.springframework.web.context.ContextLoader - Root WebApplicationContext: initialization completed in 862 ms
2020-04-02 15:44:34.086 [main] INFO  o.s.scheduling.concurrent.ThreadPoolTaskExecutor - Initializing ExecutorService 'applicationTaskExecutor'
2020-04-02 15:44:34.221 [main] INFO  org.apache.coyote.http11.Http11NioProtocol - Starting ProtocolHandler ["http-nio-8087"]
2020-04-02 15:44:34.242 [main] INFO  o.s.boot.web.embedded.tomcat.TomcatWebServer - Tomcat started on port(s): 8087 (http) with context path ''
2020-04-02 15:44:34.245 [main] INFO  c.weaver.rparecruitment.RpaRecruitmentApplication - Started RpaRecruitmentApplication in 1.955 seconds (JVM running for 2.682)
2020-04-02 15:44:35.808 [http-nio-8087-exec-2] INFO  o.a.c.core.ContainerBase.[Tomcat].[localhost].[/] - Initializing Spring DispatcherServlet 'dispatcherServlet'
2020-04-02 15:44:35.808 [http-nio-8087-exec-2] INFO  org.springframework.web.servlet.DispatcherServlet - Initializing Servlet 'dispatcherServlet'
2020-04-02 15:44:35.822 [http-nio-8087-exec-2] INFO  org.springframework.web.servlet.DispatcherServlet - Completed initialization in 14 ms
2020-04-02 15:44:41.595 [Forwarding newSession on session null to remote] INFO  org.openqa.selenium.remote.ProtocolHandshake - Detected dialect: W3C
2020-04-02 15:45:42.495 [http-nio-8087-exec-2] INFO  c.w.rparecruitment.controller.ExecuteController - 启用cookie登录=============================
2020-04-02 15:45:42.517 [SpringContextShutdownHook] INFO  o.s.scheduling.concurrent.ThreadPoolTaskExecutor - Shutting down ExecutorService 'applicationTaskExecutor'
2020-04-02 16:05:36.137 [main] INFO  c.weaver.rparecruitment.RpaRecruitmentApplication - Starting RpaRecruitmentApplication on DESKTOP-IKISCO3 with PID 7308 (D:\myproject\rpa-recruitment\target\classes started by Administrator in D:\myproject\rpa-recruitment)
2020-04-02 16:05:36.140 [main] INFO  c.weaver.rparecruitment.RpaRecruitmentApplication - No active profile set, falling back to default profiles: default
2020-04-02 16:05:36.859 [main] INFO  o.s.boot.web.embedded.tomcat.TomcatWebServer - Tomcat initialized with port(s): 8087 (http)
2020-04-02 16:05:36.867 [main] INFO  org.apache.coyote.http11.Http11NioProtocol - Initializing ProtocolHandler ["http-nio-8087"]
2020-04-02 16:05:36.868 [main] INFO  org.apache.catalina.core.StandardService - Starting service [Tomcat]
2020-04-02 16:05:36.868 [main] INFO  org.apache.catalina.core.StandardEngine - Starting Servlet engine: [Apache Tomcat/9.0.29]
2020-04-02 16:05:36.939 [main] INFO  o.a.c.core.ContainerBase.[Tomcat].[localhost].[/] - Initializing Spring embedded WebApplicationContext
2020-04-02 16:05:36.940 [main] INFO  org.springframework.web.context.ContextLoader - Root WebApplicationContext: initialization completed in 766 ms
2020-04-02 16:05:37.076 [main] INFO  o.s.scheduling.concurrent.ThreadPoolTaskExecutor - Initializing ExecutorService 'applicationTaskExecutor'
2020-04-02 16:05:37.184 [main] INFO  org.apache.coyote.http11.Http11NioProtocol - Starting ProtocolHandler ["http-nio-8087"]
2020-04-02 16:05:37.201 [main] INFO  o.s.boot.web.embedded.tomcat.TomcatWebServer - Tomcat started on port(s): 8087 (http) with context path ''
2020-04-02 16:05:37.204 [main] INFO  c.weaver.rparecruitment.RpaRecruitmentApplication - Started RpaRecruitmentApplication in 1.493 seconds (JVM running for 1.969)
2020-04-02 16:07:34.227 [http-nio-8087-exec-2] INFO  o.a.c.core.ContainerBase.[Tomcat].[localhost].[/] - Initializing Spring DispatcherServlet 'dispatcherServlet'
2020-04-02 16:07:34.227 [http-nio-8087-exec-2] INFO  org.springframework.web.servlet.DispatcherServlet - Initializing Servlet 'dispatcherServlet'
2020-04-02 16:07:34.231 [http-nio-8087-exec-2] INFO  org.springframework.web.servlet.DispatcherServlet - Completed initialization in 4 ms
2020-04-02 16:07:39.800 [Forwarding newSession on session null to remote] INFO  org.openqa.selenium.remote.ProtocolHandshake - Detected dialect: W3C
2020-04-02 16:07:43.848 [http-nio-8087-exec-2] INFO  c.w.rparecruitment.controller.ExecuteController - 等待用户登录=================================
2020-04-02 16:08:07.003 [http-nio-8087-exec-2] INFO  c.w.rparecruitment.controller.ExecuteController - 用户登录成功=================================
2020-04-02 16:08:21.553 [SpringContextShutdownHook] INFO  o.s.scheduling.concurrent.ThreadPoolTaskExecutor - Shutting down ExecutorService 'applicationTaskExecutor'
2020-04-02 16:08:25.661 [main] INFO  c.weaver.rparecruitment.RpaRecruitmentApplication - Starting RpaRecruitmentApplication on DESKTOP-IKISCO3 with PID 24352 (D:\myproject\rpa-recruitment\target\classes started by Administrator in D:\myproject\rpa-recruitment)
2020-04-02 16:08:25.665 [main] INFO  c.weaver.rparecruitment.RpaRecruitmentApplication - No active profile set, falling back to default profiles: default
2020-04-02 16:08:26.422 [main] INFO  o.s.boot.web.embedded.tomcat.TomcatWebServer - Tomcat initialized with port(s): 8087 (http)
2020-04-02 16:08:26.429 [main] INFO  org.apache.coyote.http11.Http11NioProtocol - Initializing ProtocolHandler ["http-nio-8087"]
2020-04-02 16:08:26.430 [main] INFO  org.apache.catalina.core.StandardService - Starting service [Tomcat]
2020-04-02 16:08:26.430 [main] INFO  org.apache.catalina.core.StandardEngine - Starting Servlet engine: [Apache Tomcat/9.0.29]
2020-04-02 16:08:26.496 [main] INFO  o.a.c.core.ContainerBase.[Tomcat].[localhost].[/] - Initializing Spring embedded WebApplicationContext
2020-04-02 16:08:26.496 [main] INFO  org.springframework.web.context.ContextLoader - Root WebApplicationContext: initialization completed in 763 ms
2020-04-02 16:08:26.618 [main] INFO  o.s.scheduling.concurrent.ThreadPoolTaskExecutor - Initializing ExecutorService 'applicationTaskExecutor'
2020-04-02 16:08:26.727 [main] INFO  org.apache.coyote.http11.Http11NioProtocol - Starting ProtocolHandler ["http-nio-8087"]
2020-04-02 16:08:26.743 [main] INFO  o.s.boot.web.embedded.tomcat.TomcatWebServer - Tomcat started on port(s): 8087 (http) with context path ''
2020-04-02 16:08:26.746 [main] INFO  c.weaver.rparecruitment.RpaRecruitmentApplication - Started RpaRecruitmentApplication in 1.546 seconds (JVM running for 2.12)
2020-04-02 16:08:28.550 [http-nio-8087-exec-1] INFO  o.a.c.core.ContainerBase.[Tomcat].[localhost].[/] - Initializing Spring DispatcherServlet 'dispatcherServlet'
2020-04-02 16:08:28.550 [http-nio-8087-exec-1] INFO  org.springframework.web.servlet.DispatcherServlet - Initializing Servlet 'dispatcherServlet'
2020-04-02 16:08:28.555 [http-nio-8087-exec-1] INFO  org.springframework.web.servlet.DispatcherServlet - Completed initialization in 5 ms
2020-04-02 16:08:34.175 [Forwarding newSession on session null to remote] INFO  org.openqa.selenium.remote.ProtocolHandshake - Detected dialect: W3C
2020-04-02 16:08:38.666 [http-nio-8087-exec-1] INFO  c.w.rparecruitment.controller.ExecuteController - 启用cookie登录=============================
2020-04-02 16:09:21.567 [SpringContextShutdownHook] INFO  o.s.scheduling.concurrent.ThreadPoolTaskExecutor - Shutting down ExecutorService 'applicationTaskExecutor'
2020-04-02 16:10:00.469 [main] INFO  c.weaver.rparecruitment.RpaRecruitmentApplication - Starting RpaRecruitmentApplication on DESKTOP-IKISCO3 with PID 22448 (D:\myproject\rpa-recruitment\target\classes started by Administrator in D:\myproject\rpa-recruitment)
2020-04-02 16:10:00.472 [main] INFO  c.weaver.rparecruitment.RpaRecruitmentApplication - No active profile set, falling back to default profiles: default
2020-04-02 16:10:01.538 [main] INFO  o.s.boot.web.embedded.tomcat.TomcatWebServer - Tomcat initialized with port(s): 8087 (http)
2020-04-02 16:10:01.545 [main] INFO  org.apache.coyote.http11.Http11NioProtocol - Initializing ProtocolHandler ["http-nio-8087"]
2020-04-02 16:10:01.546 [main] INFO  org.apache.catalina.core.StandardService - Starting service [Tomcat]
2020-04-02 16:10:01.546 [main] INFO  org.apache.catalina.core.StandardEngine - Starting Servlet engine: [Apache Tomcat/9.0.29]
2020-04-02 16:10:01.614 [main] INFO  o.a.c.core.ContainerBase.[Tomcat].[localhost].[/] - Initializing Spring embedded WebApplicationContext
2020-04-02 16:10:01.614 [main] INFO  org.springframework.web.context.ContextLoader - Root WebApplicationContext: initialization completed in 1109 ms
2020-04-02 16:10:01.759 [main] INFO  o.s.scheduling.concurrent.ThreadPoolTaskExecutor - Initializing ExecutorService 'applicationTaskExecutor'
2020-04-02 16:10:01.875 [main] INFO  org.apache.coyote.http11.Http11NioProtocol - Starting ProtocolHandler ["http-nio-8087"]
2020-04-02 16:10:01.892 [main] INFO  o.s.boot.web.embedded.tomcat.TomcatWebServer - Tomcat started on port(s): 8087 (http) with context path ''
2020-04-02 16:10:01.895 [main] INFO  c.weaver.rparecruitment.RpaRecruitmentApplication - Started RpaRecruitmentApplication in 2.039 seconds (JVM running for 2.738)
2020-04-02 16:10:05.760 [http-nio-8087-exec-1] INFO  o.a.c.core.ContainerBase.[Tomcat].[localhost].[/] - Initializing Spring DispatcherServlet 'dispatcherServlet'
2020-04-02 16:10:05.761 [http-nio-8087-exec-1] INFO  org.springframework.web.servlet.DispatcherServlet - Initializing Servlet 'dispatcherServlet'
2020-04-02 16:10:05.764 [http-nio-8087-exec-1] INFO  org.springframework.web.servlet.DispatcherServlet - Completed initialization in 3 ms
2020-04-02 16:10:11.249 [Forwarding newSession on session null to remote] INFO  org.openqa.selenium.remote.ProtocolHandshake - Detected dialect: W3C
2020-04-02 16:10:15.039 [http-nio-8087-exec-1] INFO  c.w.rparecruitment.controller.ExecuteController - 启用cookie登录=============================
2020-04-02 16:10:24.822 [http-nio-8087-exec-1] INFO  c.w.rparecruitment.controller.ExecuteController - 用户登录成功=================================
2020-04-02 16:10:38.735 [http-nio-8087-exec-1] INFO  c.w.rparecruitment.controller.ExecuteController - 获取简历信息开始=========================
2020-04-02 16:10:39.157 [http-nio-8087-exec-1] INFO  c.w.rparecruitment.controller.ExecuteController - 当前列表数量[2],简历标题=============================(51job.com)申请贵公司售后客服专员（上海）－张雪花
2020-04-02 16:10:58.024 [http-nio-8087-exec-1] INFO  c.w.rparecruitment.controller.ExecuteController - 读取简历成功，简历标题[(51job.com)申请贵公司售后客服专员（上海）－张雪花]投递时间[2020-04-02]
2020-04-02 16:11:04.606 [http-nio-8087-exec-1] INFO  c.w.rparecruitment.controller.ExecuteController - 获取简历信息开始=========================
2020-04-02 16:11:04.628 [http-nio-8087-exec-1] INFO  c.w.rparecruitment.controller.ExecuteController - 当前列表数量[1],简历标题=============================(51job.com)申请贵公司售后客服专员（上海）－孟祥玲
2020-04-02 16:11:15.239 [http-nio-8087-exec-1] INFO  c.w.rparecruitment.controller.ExecuteController - 读取简历成功，简历标题[(51job.com)申请贵公司售后客服专员（上海）－孟祥玲]投递时间[2020-04-02]
2020-04-02 16:11:44.617 [http-nio-8087-exec-1] INFO  c.w.rparecruitment.controller.ExecuteController - 发送简历信息=========================[{"address":"上海","age":"43","deliveryTime":"2020-04-02","education":"大专","email":"15021889162@163.com","imageFileId":"10880","name":"张雪花","phone":"15021889162","position":"销售代表","sex":"女","source":"前程无忧","title":"(51job.com)申请贵公司售后客服专员（上海）－张雪花"},{"address":"上海-闵行区","age":"32","deliveryTime":"2020-04-02","education":"大专","email":"3259063552@qq.com","imageFileId":"10881","name":"孟祥玲","phone":"18745123921","position":"售前/售后技术支持主管","sex":"女","source":"前程无忧","title":"(51job.com)申请贵公司售后客服专员（上海）－孟祥玲"}]
2020-04-02 16:11:46.619 [http-nio-8087-exec-1] INFO  c.w.rparecruitment.controller.ExecuteController - 发送简历成功==========================


2020-04-02 16:13:38.993 [SpringContextShutdownHook] INFO  o.s.scheduling.concurrent.ThreadPoolTaskExecutor - Shutting down ExecutorService 'applicationTaskExecutor'
2020-04-02 16:13:48.524 [main] INFO  c.weaver.rparecruitment.RpaRecruitmentApplication - Starting RpaRecruitmentApplication on DESKTOP-IKISCO3 with PID 15684 (D:\myproject\rpa-recruitment\target\classes started by Administrator in D:\myproject\rpa-recruitment)
2020-04-02 16:13:48.527 [main] INFO  c.weaver.rparecruitment.RpaRecruitmentApplication - No active profile set, falling back to default profiles: default
2020-04-02 16:13:49.293 [main] INFO  o.s.boot.web.embedded.tomcat.TomcatWebServer - Tomcat initialized with port(s): 8087 (http)
2020-04-02 16:13:49.301 [main] INFO  org.apache.coyote.http11.Http11NioProtocol - Initializing ProtocolHandler ["http-nio-8087"]
2020-04-02 16:13:49.302 [main] INFO  org.apache.catalina.core.StandardService - Starting service [Tomcat]
2020-04-02 16:13:49.302 [main] INFO  org.apache.catalina.core.StandardEngine - Starting Servlet engine: [Apache Tomcat/9.0.29]
2020-04-02 16:13:49.377 [main] INFO  o.a.c.core.ContainerBase.[Tomcat].[localhost].[/] - Initializing Spring embedded WebApplicationContext
2020-04-02 16:13:49.377 [main] INFO  org.springframework.web.context.ContextLoader - Root WebApplicationContext: initialization completed in 804 ms
2020-04-02 16:13:49.515 [main] INFO  o.s.scheduling.concurrent.ThreadPoolTaskExecutor - Initializing ExecutorService 'applicationTaskExecutor'
2020-04-02 16:13:49.626 [main] INFO  org.apache.coyote.http11.Http11NioProtocol - Starting ProtocolHandler ["http-nio-8087"]
2020-04-02 16:13:49.643 [main] INFO  o.s.boot.web.embedded.tomcat.TomcatWebServer - Tomcat started on port(s): 8087 (http) with context path ''
2020-04-02 16:13:49.645 [main] INFO  c.weaver.rparecruitment.RpaRecruitmentApplication - Started RpaRecruitmentApplication in 1.636 seconds (JVM running for 2.124)
2020-04-02 16:13:54.612 [http-nio-8087-exec-1] INFO  o.a.c.core.ContainerBase.[Tomcat].[localhost].[/] - Initializing Spring DispatcherServlet 'dispatcherServlet'
2020-04-02 16:13:54.612 [http-nio-8087-exec-1] INFO  org.springframework.web.servlet.DispatcherServlet - Initializing Servlet 'dispatcherServlet'
2020-04-02 16:13:54.615 [http-nio-8087-exec-1] INFO  org.springframework.web.servlet.DispatcherServlet - Completed initialization in 3 ms
2020-04-02 16:14:00.226 [Forwarding newSession on session null to remote] INFO  org.openqa.selenium.remote.ProtocolHandshake - Detected dialect: W3C
2020-04-02 16:14:04.106 [http-nio-8087-exec-1] INFO  c.w.rparecruitment.controller.ExecuteController - 启用cookie登录=============================
2020-04-02 16:14:09.316 [http-nio-8087-exec-1] INFO  c.w.rparecruitment.controller.ExecuteController - 用户登录成功=================================
2020-04-02 16:14:32.178 [http-nio-8087-exec-1] INFO  c.w.rparecruitment.controller.ExecuteController - 获取简历信息开始=========================
2020-04-02 16:14:32.199 [http-nio-8087-exec-1] INFO  c.w.rparecruitment.controller.ExecuteController - 当前列表数量[2],简历标题=============================(51job.com)申请贵公司售后客服专员（上海）－张芳芳
2020-04-02 16:14:35.440 [http-nio-8087-exec-1] INFO  c.w.rparecruitment.controller.ExecuteController - 读取简历成功，简历标题[(51job.com)申请贵公司售后客服专员（上海）－张芳芳]投递时间[2020-04-02]
2020-04-02 16:14:41.908 [http-nio-8087-exec-1] INFO  c.w.rparecruitment.controller.ExecuteController - 获取简历信息开始=========================
2020-04-02 16:14:41.932 [http-nio-8087-exec-1] INFO  c.w.rparecruitment.controller.ExecuteController - 当前列表数量[1],简历标题=============================(51job.com)申请贵公司售后客服专员（上海）－张雪花
2020-04-02 16:14:49.990 [http-nio-8087-exec-1] INFO  c.w.rparecruitment.controller.ExecuteController - 读取简历成功，简历标题[(51job.com)申请贵公司售后客服专员（上海）－张雪花]投递时间[2020-04-02]
2020-04-02 16:15:40.204 [http-nio-8087-exec-1] INFO  c.w.rparecruitment.controller.ExecuteController - 发送简历信息=========================[{"address":"徐州","age":"27","deliveryTime":"2020-04-02","education":"大专","email":"","imageFileId":"10882","name":"张芳芳","phone":"18116151195","position":"其他","sex":"女","source":"前程无忧","title":"(51job.com)申请贵公司售后客服专员（上海）－张芳芳"},{"address":"上海","age":"43","deliveryTime":"2020-04-02","education":"大专","email":"15021889162@163.com","imageFileId":"10883","name":"张雪花","phone":"15021889162","position":"销售代表","sex":"女","source":"前程无忧","title":"(51job.com)申请贵公司售后客服专员（上海）－张雪花"}]
2020-04-02 16:16:33.327 [SpringContextShutdownHook] INFO  o.s.scheduling.concurrent.ThreadPoolTaskExecutor - Shutting down ExecutorService 'applicationTaskExecutor'
2020-04-02 16:16:43.566 [main] INFO  c.weaver.rparecruitment.RpaRecruitmentApplication - Starting RpaRecruitmentApplication on DESKTOP-IKISCO3 with PID 27632 (D:\myproject\rpa-recruitment\target\classes started by Administrator in D:\myproject\rpa-recruitment)
2020-04-02 16:16:43.571 [main] INFO  c.weaver.rparecruitment.RpaRecruitmentApplication - No active profile set, falling back to default profiles: default
2020-04-02 16:16:44.239 [main] INFO  o.s.boot.web.embedded.tomcat.TomcatWebServer - Tomcat initialized with port(s): 8087 (http)
2020-04-02 16:16:44.246 [main] INFO  org.apache.coyote.http11.Http11NioProtocol - Initializing ProtocolHandler ["http-nio-8087"]
2020-04-02 16:16:44.246 [main] INFO  org.apache.catalina.core.StandardService - Starting service [Tomcat]
2020-04-02 16:16:44.247 [main] INFO  org.apache.catalina.core.StandardEngine - Starting Servlet engine: [Apache Tomcat/9.0.29]
2020-04-02 16:16:44.315 [main] INFO  o.a.c.core.ContainerBase.[Tomcat].[localhost].[/] - Initializing Spring embedded WebApplicationContext
2020-04-02 16:16:44.316 [main] INFO  org.springframework.web.context.ContextLoader - Root WebApplicationContext: initialization completed in 661 ms
2020-04-02 16:16:44.513 [main] INFO  o.s.scheduling.concurrent.ThreadPoolTaskExecutor - Initializing ExecutorService 'applicationTaskExecutor'
2020-04-02 16:16:44.612 [main] INFO  org.apache.coyote.http11.Http11NioProtocol - Starting ProtocolHandler ["http-nio-8087"]
2020-04-02 16:16:44.627 [main] INFO  o.s.boot.web.embedded.tomcat.TomcatWebServer - Tomcat started on port(s): 8087 (http) with context path ''
2020-04-02 16:16:44.630 [main] INFO  c.weaver.rparecruitment.RpaRecruitmentApplication - Started RpaRecruitmentApplication in 1.582 seconds (JVM running for 2.182)
2020-04-02 16:16:57.683 [http-nio-8087-exec-2] INFO  o.a.c.core.ContainerBase.[Tomcat].[localhost].[/] - Initializing Spring DispatcherServlet 'dispatcherServlet'
2020-04-02 16:16:57.683 [http-nio-8087-exec-2] INFO  org.springframework.web.servlet.DispatcherServlet - Initializing Servlet 'dispatcherServlet'
2020-04-02 16:16:57.688 [http-nio-8087-exec-2] INFO  org.springframework.web.servlet.DispatcherServlet - Completed initialization in 5 ms
2020-04-02 16:17:03.247 [Forwarding newSession on session null to remote] INFO  org.openqa.selenium.remote.ProtocolHandshake - Detected dialect: W3C
2020-04-02 16:17:08.468 [http-nio-8087-exec-2] INFO  c.w.rparecruitment.controller.ExecuteController - 启用cookie登录=============================
2020-04-02 16:17:12.062 [http-nio-8087-exec-2] INFO  c.w.rparecruitment.controller.ExecuteController - 用户登录成功=================================
2020-04-02 16:17:24.040 [http-nio-8087-exec-2] INFO  c.w.rparecruitment.controller.ExecuteController - 获取简历信息开始=========================
2020-04-02 16:17:24.078 [http-nio-8087-exec-2] INFO  c.w.rparecruitment.controller.ExecuteController - 当前列表数量[2],简历标题=============================(51job.com)申请贵公司售后客服专员（上海）－张芳芳
2020-04-02 16:17:26.956 [http-nio-8087-exec-2] INFO  c.w.rparecruitment.controller.ExecuteController - 读取简历成功，简历标题[(51job.com)申请贵公司售后客服专员（上海）－张芳芳]投递时间[2020-04-02]
2020-04-02 16:17:31.238 [http-nio-8087-exec-2] INFO  c.w.rparecruitment.controller.ExecuteController - 获取简历信息开始=========================
2020-04-02 16:17:31.257 [http-nio-8087-exec-2] INFO  c.w.rparecruitment.controller.ExecuteController - 当前列表数量[1],简历标题=============================(51job.com)申请贵公司售后客服专员（上海）－张雪花
2020-04-02 16:17:33.579 [http-nio-8087-exec-2] INFO  c.w.rparecruitment.controller.ExecuteController - 读取简历成功，简历标题[(51job.com)申请贵公司售后客服专员（上海）－张雪花]投递时间[2020-04-02]
2020-04-02 16:17:51.164 [http-nio-8087-exec-2] INFO  c.w.rparecruitment.controller.ExecuteController - 发送简历信息=========================[{"address":"徐州","age":"27","deliveryTime":"2020-04-02","education":"大专","email":"","imageFileId":"10884","name":"张芳芳","phone":"18116151195","position":"其他","sex":"女","source":"前程无忧","title":"(51job.com)申请贵公司售后客服专员（上海）－张芳芳"},{"address":"上海","age":"43","deliveryTime":"2020-04-02","education":"大专","email":"15021889162@163.com","imageFileId":"10885","name":"张雪花","phone":"15021889162","position":"销售代表","sex":"女","source":"前程无忧","title":"(51job.com)申请贵公司售后客服专员（上海）－张雪花"}]
2020-04-02 16:18:54.783 [SpringContextShutdownHook] INFO  o.s.scheduling.concurrent.ThreadPoolTaskExecutor - Shutting down ExecutorService 'applicationTaskExecutor'
2020-04-02 16:19:37.739 [main] INFO  c.weaver.rparecruitment.RpaRecruitmentApplication - Starting RpaRecruitmentApplication on DESKTOP-IKISCO3 with PID 21324 (D:\myproject\rpa-recruitment\target\classes started by Administrator in D:\myproject\rpa-recruitment)
2020-04-02 16:19:37.741 [main] INFO  c.weaver.rparecruitment.RpaRecruitmentApplication - No active profile set, falling back to default profiles: default
2020-04-02 16:19:38.377 [main] INFO  o.s.boot.web.embedded.tomcat.TomcatWebServer - Tomcat initialized with port(s): 8087 (http)
2020-04-02 16:19:38.384 [main] INFO  org.apache.coyote.http11.Http11NioProtocol - Initializing ProtocolHandler ["http-nio-8087"]
2020-04-02 16:19:38.385 [main] INFO  org.apache.catalina.core.StandardService - Starting service [Tomcat]
2020-04-02 16:19:38.385 [main] INFO  org.apache.catalina.core.StandardEngine - Starting Servlet engine: [Apache Tomcat/9.0.29]
2020-04-02 16:19:38.463 [main] INFO  o.a.c.core.ContainerBase.[Tomcat].[localhost].[/] - Initializing Spring embedded WebApplicationContext
2020-04-02 16:19:38.463 [main] INFO  org.springframework.web.context.ContextLoader - Root WebApplicationContext: initialization completed in 688 ms
2020-04-02 16:19:38.578 [main] INFO  o.s.scheduling.concurrent.ThreadPoolTaskExecutor - Initializing ExecutorService 'applicationTaskExecutor'
2020-04-02 16:19:38.681 [main] INFO  org.apache.coyote.http11.Http11NioProtocol - Starting ProtocolHandler ["http-nio-8087"]
2020-04-02 16:19:38.698 [main] INFO  o.s.boot.web.embedded.tomcat.TomcatWebServer - Tomcat started on port(s): 8087 (http) with context path ''
2020-04-02 16:19:38.700 [main] INFO  c.weaver.rparecruitment.RpaRecruitmentApplication - Started RpaRecruitmentApplication in 1.371 seconds (JVM running for 1.871)
2020-04-02 16:19:40.955 [http-nio-8087-exec-1] INFO  o.a.c.core.ContainerBase.[Tomcat].[localhost].[/] - Initializing Spring DispatcherServlet 'dispatcherServlet'
2020-04-02 16:19:40.955 [http-nio-8087-exec-1] INFO  org.springframework.web.servlet.DispatcherServlet - Initializing Servlet 'dispatcherServlet'
2020-04-02 16:19:40.960 [http-nio-8087-exec-1] INFO  org.springframework.web.servlet.DispatcherServlet - Completed initialization in 4 ms
2020-04-02 16:19:46.499 [Forwarding newSession on session null to remote] INFO  org.openqa.selenium.remote.ProtocolHandshake - Detected dialect: W3C
2020-04-02 16:19:53.729 [http-nio-8087-exec-1] INFO  c.w.rparecruitment.controller.ExecuteController - 启用cookie登录=============================
2020-04-02 16:20:00.278 [http-nio-8087-exec-1] INFO  c.w.rparecruitment.controller.ExecuteController - 用户登录成功=================================
2020-04-02 16:20:08.929 [http-nio-8087-exec-1] INFO  c.w.rparecruitment.controller.ExecuteController - 获取简历信息开始=========================
2020-04-02 16:20:08.949 [http-nio-8087-exec-1] INFO  c.w.rparecruitment.controller.ExecuteController - 当前列表数量[2],简历标题=============================(51job.com)申请贵公司售后客服专员（上海）－张芳芳
2020-04-02 16:20:10.839 [http-nio-8087-exec-1] INFO  c.w.rparecruitment.controller.ExecuteController - 读取简历成功，简历标题[(51job.com)申请贵公司售后客服专员（上海）－张芳芳]投递时间[2020-04-02]
2020-04-02 16:20:17.535 [http-nio-8087-exec-1] INFO  c.w.rparecruitment.controller.ExecuteController - 获取简历信息开始=========================
2020-04-02 16:20:17.555 [http-nio-8087-exec-1] INFO  c.w.rparecruitment.controller.ExecuteController - 当前列表数量[1],简历标题=============================(51job.com)申请贵公司售后客服专员（上海）－张雪花
2020-04-02 16:20:19.781 [http-nio-8087-exec-1] INFO  c.w.rparecruitment.controller.ExecuteController - 读取简历成功，简历标题[(51job.com)申请贵公司售后客服专员（上海）－张雪花]投递时间[2020-04-02]
2020-04-02 16:20:22.018 [http-nio-8087-exec-1] INFO  c.w.rparecruitment.controller.ExecuteController - 发送简历信息=========================[{"address":"徐州","age":"27","deliveryTime":"2020-04-02","education":"大专","email":"","imageFileId":"10886","name":"张芳芳","phone":"18116151195","position":"其他","sex":"女","source":"前程无忧","title":"(51job.com)申请贵公司售后客服专员（上海）－张芳芳"},{"address":"上海","age":"43","deliveryTime":"2020-04-02","education":"大专","email":"15021889162@163.com","imageFileId":"10887","name":"张雪花","phone":"15021889162","position":"销售代表","sex":"女","source":"前程无忧","title":"(51job.com)申请贵公司售后客服专员（上海）－张雪花"}]
2020-04-02 16:23:28.939 [SpringContextShutdownHook] INFO  o.s.scheduling.concurrent.ThreadPoolTaskExecutor - Shutting down ExecutorService 'applicationTaskExecutor'
