2020-04-01 09:14:57.523 [main] INFO  c.weaver.rparecruitment.RpaRecruitmentApplication - Starting RpaRecruitmentApplication on DESKTOP-IKISCO3 with PID 8104 (D:\myproject\rpa-recruitment\target\classes started by Administrator in D:\myproject\rpa-recruitment)
2020-04-01 09:14:57.527 [main] INFO  c.weaver.rparecruitment.RpaRecruitmentApplication - No active profile set, falling back to default profiles: default
2020-04-01 09:14:58.163 [main] INFO  o.s.boot.web.embedded.tomcat.TomcatWebServer - Tomcat initialized with port(s): 8087 (http)
2020-04-01 09:14:58.170 [main] INFO  org.apache.coyote.http11.Http11NioProtocol - Initializing ProtocolHandler ["http-nio-8087"]
2020-04-01 09:14:58.170 [main] INFO  org.apache.catalina.core.StandardService - Starting service [Tomcat]
2020-04-01 09:14:58.171 [main] INFO  org.apache.catalina.core.StandardEngine - Starting Servlet engine: [Apache Tomcat/9.0.29]
2020-04-01 09:14:58.251 [main] INFO  o.a.c.core.ContainerBase.[Tomcat].[localhost].[/] - Initializing Spring embedded WebApplicationContext
2020-04-01 09:14:58.251 [main] INFO  org.springframework.web.context.ContextLoader - Root WebApplicationContext: initialization completed in 685 ms
2020-04-01 09:14:58.372 [main] INFO  o.s.scheduling.concurrent.ThreadPoolTaskExecutor - Initializing ExecutorService 'applicationTaskExecutor'
2020-04-01 09:14:58.473 [main] INFO  org.apache.coyote.http11.Http11NioProtocol - Starting ProtocolHandler ["http-nio-8087"]
2020-04-01 09:14:58.489 [main] INFO  o.s.boot.web.embedded.tomcat.TomcatWebServer - Tomcat started on port(s): 8087 (http) with context path ''
2020-04-01 09:14:58.492 [main] INFO  c.weaver.rparecruitment.RpaRecruitmentApplication - Started RpaRecruitmentApplication in 1.44 seconds (JVM running for 2.029)
2020-04-01 09:33:01.262 [http-nio-8087-exec-1] INFO  o.a.c.core.ContainerBase.[Tomcat].[localhost].[/] - Initializing Spring DispatcherServlet 'dispatcherServlet'
2020-04-01 09:33:01.263 [http-nio-8087-exec-1] INFO  org.springframework.web.servlet.DispatcherServlet - Initializing Servlet 'dispatcherServlet'
2020-04-01 09:33:01.277 [http-nio-8087-exec-1] INFO  org.springframework.web.servlet.DispatcherServlet - Completed initialization in 14 ms
2020-04-01 10:13:08.149 [SpringContextShutdownHook] INFO  o.s.scheduling.concurrent.ThreadPoolTaskExecutor - Shutting down ExecutorService 'applicationTaskExecutor'
2020-04-01 10:13:11.982 [main] INFO  c.weaver.rparecruitment.RpaRecruitmentApplication - Starting RpaRecruitmentApplication on DESKTOP-IKISCO3 with PID 9452 (D:\myproject\rpa-recruitment\target\classes started by Administrator in D:\myproject\rpa-recruitment)
2020-04-01 10:13:11.986 [main] INFO  c.weaver.rparecruitment.RpaRecruitmentApplication - No active profile set, falling back to default profiles: default
2020-04-01 10:13:12.778 [main] INFO  o.s.boot.web.embedded.tomcat.TomcatWebServer - Tomcat initialized with port(s): 8087 (http)
2020-04-01 10:13:12.785 [main] INFO  org.apache.coyote.http11.Http11NioProtocol - Initializing ProtocolHandler ["http-nio-8087"]
2020-04-01 10:13:12.785 [main] INFO  org.apache.catalina.core.StandardService - Starting service [Tomcat]
2020-04-01 10:13:12.786 [main] INFO  org.apache.catalina.core.StandardEngine - Starting Servlet engine: [Apache Tomcat/9.0.29]
2020-04-01 10:13:12.869 [main] INFO  o.a.c.core.ContainerBase.[Tomcat].[localhost].[/] - Initializing Spring embedded WebApplicationContext
2020-04-01 10:13:12.870 [main] INFO  org.springframework.web.context.ContextLoader - Root WebApplicationContext: initialization completed in 833 ms
2020-04-01 10:13:13.015 [main] INFO  o.s.scheduling.concurrent.ThreadPoolTaskExecutor - Initializing ExecutorService 'applicationTaskExecutor'
2020-04-01 10:13:13.121 [main] INFO  org.apache.coyote.http11.Http11NioProtocol - Starting ProtocolHandler ["http-nio-8087"]
2020-04-01 10:13:13.137 [main] INFO  o.s.boot.web.embedded.tomcat.TomcatWebServer - Tomcat started on port(s): 8087 (http) with context path ''
2020-04-01 10:13:13.140 [main] INFO  c.weaver.rparecruitment.RpaRecruitmentApplication - Started RpaRecruitmentApplication in 1.593 seconds (JVM running for 2.159)
2020-04-01 10:13:17.540 [http-nio-8087-exec-1] INFO  o.a.c.core.ContainerBase.[Tomcat].[localhost].[/] - Initializing Spring DispatcherServlet 'dispatcherServlet'
2020-04-01 10:13:17.541 [http-nio-8087-exec-1] INFO  org.springframework.web.servlet.DispatcherServlet - Initializing Servlet 'dispatcherServlet'
2020-04-01 10:13:17.544 [http-nio-8087-exec-1] INFO  org.springframework.web.servlet.DispatcherServlet - Completed initialization in 3 ms
2020-04-01 10:34:06.532 [SpringContextShutdownHook] INFO  o.s.scheduling.concurrent.ThreadPoolTaskExecutor - Shutting down ExecutorService 'applicationTaskExecutor'
2020-04-01 11:52:56.244 [main] INFO  c.weaver.rparecruitment.RpaRecruitmentApplication - Starting RpaRecruitmentApplication on DESKTOP-IKISCO3 with PID 19488 (D:\myproject\rpa-recruitment\target\classes started by Administrator in D:\myproject\rpa-recruitment)
2020-04-01 11:52:56.247 [main] INFO  c.weaver.rparecruitment.RpaRecruitmentApplication - No active profile set, falling back to default profiles: default
2020-04-01 11:52:57.065 [main] INFO  o.s.boot.web.embedded.tomcat.TomcatWebServer - Tomcat initialized with port(s): 8087 (http)
2020-04-01 11:52:57.074 [main] INFO  org.apache.coyote.http11.Http11NioProtocol - Initializing ProtocolHandler ["http-nio-8087"]
2020-04-01 11:52:57.075 [main] INFO  org.apache.catalina.core.StandardService - Starting service [Tomcat]
2020-04-01 11:52:57.075 [main] INFO  org.apache.catalina.core.StandardEngine - Starting Servlet engine: [Apache Tomcat/9.0.29]
2020-04-01 11:52:57.162 [main] INFO  o.a.c.core.ContainerBase.[Tomcat].[localhost].[/] - Initializing Spring embedded WebApplicationContext
2020-04-01 11:52:57.162 [main] INFO  org.springframework.web.context.ContextLoader - Root WebApplicationContext: initialization completed in 868 ms
2020-04-01 11:52:57.290 [main] INFO  o.s.scheduling.concurrent.ThreadPoolTaskExecutor - Initializing ExecutorService 'applicationTaskExecutor'
2020-04-01 11:52:57.391 [main] INFO  org.apache.coyote.http11.Http11NioProtocol - Starting ProtocolHandler ["http-nio-8087"]
2020-04-01 11:52:57.407 [main] INFO  o.s.boot.web.embedded.tomcat.TomcatWebServer - Tomcat started on port(s): 8087 (http) with context path ''
2020-04-01 11:52:57.409 [main] INFO  c.weaver.rparecruitment.RpaRecruitmentApplication - Started RpaRecruitmentApplication in 1.632 seconds (JVM running for 2.207)
2020-04-01 11:53:08.628 [http-nio-8087-exec-1] INFO  o.a.c.core.ContainerBase.[Tomcat].[localhost].[/] - Initializing Spring DispatcherServlet 'dispatcherServlet'
2020-04-01 11:53:08.628 [http-nio-8087-exec-1] INFO  org.springframework.web.servlet.DispatcherServlet - Initializing Servlet 'dispatcherServlet'
2020-04-01 11:53:08.635 [http-nio-8087-exec-1] INFO  org.springframework.web.servlet.DispatcherServlet - Completed initialization in 7 ms
2020-04-01 12:13:27.262 [SpringContextShutdownHook] INFO  o.s.scheduling.concurrent.ThreadPoolTaskExecutor - Shutting down ExecutorService 'applicationTaskExecutor'
2020-04-01 14:29:47.454 [main] INFO  c.weaver.rparecruitment.RpaRecruitmentApplication - Starting RpaRecruitmentApplication on DESKTOP-IKISCO3 with PID 12168 (D:\myproject\rpa-recruitment\target\classes started by Administrator in D:\myproject\rpa-recruitment)
2020-04-01 14:29:47.457 [main] INFO  c.weaver.rparecruitment.RpaRecruitmentApplication - No active profile set, falling back to default profiles: default
2020-04-01 14:29:48.105 [main] INFO  o.s.boot.web.embedded.tomcat.TomcatWebServer - Tomcat initialized with port(s): 8087 (http)
2020-04-01 14:29:48.112 [main] INFO  org.apache.coyote.http11.Http11NioProtocol - Initializing ProtocolHandler ["http-nio-8087"]
2020-04-01 14:29:48.112 [main] INFO  org.apache.catalina.core.StandardService - Starting service [Tomcat]
2020-04-01 14:29:48.112 [main] INFO  org.apache.catalina.core.StandardEngine - Starting Servlet engine: [Apache Tomcat/9.0.29]
2020-04-01 14:29:48.195 [main] INFO  o.a.c.core.ContainerBase.[Tomcat].[localhost].[/] - Initializing Spring embedded WebApplicationContext
2020-04-01 14:29:48.196 [main] INFO  org.springframework.web.context.ContextLoader - Root WebApplicationContext: initialization completed in 663 ms
2020-04-01 14:29:48.347 [main] INFO  o.s.scheduling.concurrent.ThreadPoolTaskExecutor - Initializing ExecutorService 'applicationTaskExecutor'
2020-04-01 14:29:48.451 [main] INFO  org.apache.coyote.http11.Http11NioProtocol - Starting ProtocolHandler ["http-nio-8087"]
2020-04-01 14:29:48.467 [main] INFO  o.s.boot.web.embedded.tomcat.TomcatWebServer - Tomcat started on port(s): 8087 (http) with context path ''
2020-04-01 14:29:48.469 [main] INFO  c.weaver.rparecruitment.RpaRecruitmentApplication - Started RpaRecruitmentApplication in 1.535 seconds (JVM running for 2.351)
2020-04-01 14:38:39.036 [http-nio-8087-exec-1] INFO  o.a.c.core.ContainerBase.[Tomcat].[localhost].[/] - Initializing Spring DispatcherServlet 'dispatcherServlet'
2020-04-01 14:38:39.037 [http-nio-8087-exec-1] INFO  org.springframework.web.servlet.DispatcherServlet - Initializing Servlet 'dispatcherServlet'
2020-04-01 14:38:39.043 [http-nio-8087-exec-1] INFO  org.springframework.web.servlet.DispatcherServlet - Completed initialization in 6 ms
2020-04-01 14:38:52.101 [Forwarding newSession on session null to remote] INFO  org.openqa.selenium.remote.ProtocolHandshake - Detected dialect: W3C
2020-04-01 14:38:54.015 [http-nio-8087-exec-1] INFO  c.w.rparecruitment.controller.ExecuteController - 等待用户登录=================================
2020-04-01 14:39:18.639 [http-nio-8087-exec-1] INFO  c.w.rparecruitment.controller.ExecuteController - 用户登录成功=================================
2020-04-01 14:40:06.816 [http-nio-8087-exec-1] INFO  c.w.rparecruitment.controller.ExecuteController - 获取简历信息开始=========================
2020-04-01 14:40:06.837 [http-nio-8087-exec-1] INFO  c.w.rparecruitment.controller.ExecuteController - 当前列表数量[2],简历标题=============================(51job.com)申请贵公司大客户销售（襄阳）（襄阳）－李正鹏
2020-04-01 14:44:05.660 [SpringContextShutdownHook] INFO  o.s.scheduling.concurrent.ThreadPoolTaskExecutor - Shutting down ExecutorService 'applicationTaskExecutor'
2020-04-01 14:44:09.836 [main] INFO  c.weaver.rparecruitment.RpaRecruitmentApplication - Starting RpaRecruitmentApplication on DESKTOP-IKISCO3 with PID 1464 (D:\myproject\rpa-recruitment\target\classes started by Administrator in D:\myproject\rpa-recruitment)
2020-04-01 14:44:09.842 [main] INFO  c.weaver.rparecruitment.RpaRecruitmentApplication - No active profile set, falling back to default profiles: default
2020-04-01 14:44:10.576 [main] INFO  o.s.boot.web.embedded.tomcat.TomcatWebServer - Tomcat initialized with port(s): 8087 (http)
2020-04-01 14:44:10.583 [main] INFO  org.apache.coyote.http11.Http11NioProtocol - Initializing ProtocolHandler ["http-nio-8087"]
2020-04-01 14:44:10.584 [main] INFO  org.apache.catalina.core.StandardService - Starting service [Tomcat]
2020-04-01 14:44:10.584 [main] INFO  org.apache.catalina.core.StandardEngine - Starting Servlet engine: [Apache Tomcat/9.0.29]
2020-04-01 14:44:10.663 [main] INFO  o.a.c.core.ContainerBase.[Tomcat].[localhost].[/] - Initializing Spring embedded WebApplicationContext
2020-04-01 14:44:10.663 [main] INFO  org.springframework.web.context.ContextLoader - Root WebApplicationContext: initialization completed in 738 ms
2020-04-01 14:44:10.799 [main] INFO  o.s.scheduling.concurrent.ThreadPoolTaskExecutor - Initializing ExecutorService 'applicationTaskExecutor'
2020-04-01 14:44:10.908 [main] INFO  org.apache.coyote.http11.Http11NioProtocol - Starting ProtocolHandler ["http-nio-8087"]
2020-04-01 14:44:10.925 [main] INFO  o.s.boot.web.embedded.tomcat.TomcatWebServer - Tomcat started on port(s): 8087 (http) with context path ''
2020-04-01 14:44:10.928 [main] INFO  c.weaver.rparecruitment.RpaRecruitmentApplication - Started RpaRecruitmentApplication in 1.636 seconds (JVM running for 2.324)
2020-04-01 14:44:17.581 [http-nio-8087-exec-2] INFO  o.a.c.core.ContainerBase.[Tomcat].[localhost].[/] - Initializing Spring DispatcherServlet 'dispatcherServlet'
2020-04-01 14:44:17.582 [http-nio-8087-exec-2] INFO  org.springframework.web.servlet.DispatcherServlet - Initializing Servlet 'dispatcherServlet'
2020-04-01 14:44:17.586 [http-nio-8087-exec-2] INFO  org.springframework.web.servlet.DispatcherServlet - Completed initialization in 4 ms
2020-04-01 14:44:23.365 [Forwarding newSession on session null to remote] INFO  org.openqa.selenium.remote.ProtocolHandshake - Detected dialect: W3C
2020-04-01 14:44:24.903 [http-nio-8087-exec-2] INFO  c.w.rparecruitment.controller.ExecuteController - 等待用户登录=================================
2020-04-01 14:45:05.184 [SpringContextShutdownHook] INFO  o.s.scheduling.concurrent.ThreadPoolTaskExecutor - Shutting down ExecutorService 'applicationTaskExecutor'
2020-04-01 14:45:14.922 [main] INFO  c.weaver.rparecruitment.RpaRecruitmentApplication - Starting RpaRecruitmentApplication on DESKTOP-IKISCO3 with PID 19852 (D:\myproject\rpa-recruitment\target\classes started by Administrator in D:\myproject\rpa-recruitment)
2020-04-01 14:45:14.926 [main] INFO  c.weaver.rparecruitment.RpaRecruitmentApplication - No active profile set, falling back to default profiles: default
2020-04-01 14:45:15.631 [main] INFO  o.s.boot.web.embedded.tomcat.TomcatWebServer - Tomcat initialized with port(s): 8087 (http)
2020-04-01 14:45:15.637 [main] INFO  org.apache.coyote.http11.Http11NioProtocol - Initializing ProtocolHandler ["http-nio-8087"]
2020-04-01 14:45:15.638 [main] INFO  org.apache.catalina.core.StandardService - Starting service [Tomcat]
2020-04-01 14:45:15.638 [main] INFO  org.apache.catalina.core.StandardEngine - Starting Servlet engine: [Apache Tomcat/9.0.29]
2020-04-01 14:45:15.718 [main] INFO  o.a.c.core.ContainerBase.[Tomcat].[localhost].[/] - Initializing Spring embedded WebApplicationContext
2020-04-01 14:45:15.719 [main] INFO  org.springframework.web.context.ContextLoader - Root WebApplicationContext: initialization completed in 710 ms
2020-04-01 14:45:15.839 [main] INFO  o.s.scheduling.concurrent.ThreadPoolTaskExecutor - Initializing ExecutorService 'applicationTaskExecutor'
2020-04-01 14:45:15.936 [main] INFO  org.apache.coyote.http11.Http11NioProtocol - Starting ProtocolHandler ["http-nio-8087"]
2020-04-01 14:45:15.953 [main] INFO  o.s.boot.web.embedded.tomcat.TomcatWebServer - Tomcat started on port(s): 8087 (http) with context path ''
2020-04-01 14:45:15.955 [main] INFO  c.weaver.rparecruitment.RpaRecruitmentApplication - Started RpaRecruitmentApplication in 1.511 seconds (JVM running for 2.176)
2020-04-01 14:45:29.597 [http-nio-8087-exec-1] INFO  o.a.c.core.ContainerBase.[Tomcat].[localhost].[/] - Initializing Spring DispatcherServlet 'dispatcherServlet'
2020-04-01 14:45:29.597 [http-nio-8087-exec-1] INFO  org.springframework.web.servlet.DispatcherServlet - Initializing Servlet 'dispatcherServlet'
2020-04-01 14:45:29.601 [http-nio-8087-exec-1] INFO  org.springframework.web.servlet.DispatcherServlet - Completed initialization in 4 ms
2020-04-01 14:45:35.203 [Forwarding newSession on session null to remote] INFO  org.openqa.selenium.remote.ProtocolHandshake - Detected dialect: W3C
2020-04-01 14:45:36.713 [http-nio-8087-exec-1] INFO  c.w.rparecruitment.controller.ExecuteController - 等待用户登录=================================
2020-04-01 14:46:57.646 [http-nio-8087-exec-1] INFO  c.w.rparecruitment.controller.ExecuteController - 用户登录成功=================================
2020-04-01 14:47:11.232 [http-nio-8087-exec-1] INFO  c.w.rparecruitment.controller.ExecuteController - 获取简历信息开始=========================
2020-04-01 14:47:11.255 [http-nio-8087-exec-1] INFO  c.w.rparecruitment.controller.ExecuteController - 当前列表数量[1],简历标题=============================(51job.com)申请贵公司售后客服专员（上海）－吴丹
2020-04-01 14:50:39.150 [SpringContextShutdownHook] INFO  o.s.scheduling.concurrent.ThreadPoolTaskExecutor - Shutting down ExecutorService 'applicationTaskExecutor'
2020-04-01 14:50:43.493 [main] INFO  c.weaver.rparecruitment.RpaRecruitmentApplication - Starting RpaRecruitmentApplication on DESKTOP-IKISCO3 with PID 496 (D:\myproject\rpa-recruitment\target\classes started by Administrator in D:\myproject\rpa-recruitment)
2020-04-01 14:50:43.496 [main] INFO  c.weaver.rparecruitment.RpaRecruitmentApplication - No active profile set, falling back to default profiles: default
2020-04-01 14:50:44.339 [main] INFO  o.s.boot.web.embedded.tomcat.TomcatWebServer - Tomcat initialized with port(s): 8087 (http)
2020-04-01 14:50:44.347 [main] INFO  org.apache.coyote.http11.Http11NioProtocol - Initializing ProtocolHandler ["http-nio-8087"]
2020-04-01 14:50:44.348 [main] INFO  org.apache.catalina.core.StandardService - Starting service [Tomcat]
2020-04-01 14:50:44.348 [main] INFO  org.apache.catalina.core.StandardEngine - Starting Servlet engine: [Apache Tomcat/9.0.29]
2020-04-01 14:50:44.447 [main] INFO  o.a.c.core.ContainerBase.[Tomcat].[localhost].[/] - Initializing Spring embedded WebApplicationContext
2020-04-01 14:50:44.447 [main] INFO  org.springframework.web.context.ContextLoader - Root WebApplicationContext: initialization completed in 861 ms
2020-04-01 14:50:44.595 [main] INFO  o.s.scheduling.concurrent.ThreadPoolTaskExecutor - Initializing ExecutorService 'applicationTaskExecutor'
2020-04-01 14:50:44.699 [main] INFO  org.apache.coyote.http11.Http11NioProtocol - Starting ProtocolHandler ["http-nio-8087"]
2020-04-01 14:50:44.717 [main] INFO  o.s.boot.web.embedded.tomcat.TomcatWebServer - Tomcat started on port(s): 8087 (http) with context path ''
2020-04-01 14:50:44.720 [main] INFO  c.weaver.rparecruitment.RpaRecruitmentApplication - Started RpaRecruitmentApplication in 1.671 seconds (JVM running for 2.403)
2020-04-01 14:50:56.202 [http-nio-8087-exec-2] INFO  o.a.c.core.ContainerBase.[Tomcat].[localhost].[/] - Initializing Spring DispatcherServlet 'dispatcherServlet'
2020-04-01 14:50:56.203 [http-nio-8087-exec-2] INFO  org.springframework.web.servlet.DispatcherServlet - Initializing Servlet 'dispatcherServlet'
2020-04-01 14:50:56.210 [http-nio-8087-exec-2] INFO  org.springframework.web.servlet.DispatcherServlet - Completed initialization in 7 ms
2020-04-01 14:51:02.214 [Forwarding newSession on session null to remote] INFO  org.openqa.selenium.remote.ProtocolHandshake - Detected dialect: W3C
2020-04-01 14:51:03.776 [http-nio-8087-exec-2] INFO  c.w.rparecruitment.controller.ExecuteController - 等待用户登录=================================
2020-04-01 14:51:21.249 [http-nio-8087-exec-2] INFO  c.w.rparecruitment.controller.ExecuteController - 用户登录成功=================================
2020-04-01 14:51:55.995 [http-nio-8087-exec-2] INFO  c.w.rparecruitment.controller.ExecuteController - 获取简历信息开始=========================
2020-04-01 14:51:56.016 [http-nio-8087-exec-2] INFO  c.w.rparecruitment.controller.ExecuteController - 当前列表数量[2],简历标题=============================(51job.com)申请贵公司大客户销售（襄阳）（襄阳）－李正鹏
2020-04-01 14:53:50.022 [SpringContextShutdownHook] INFO  o.s.scheduling.concurrent.ThreadPoolTaskExecutor - Shutting down ExecutorService 'applicationTaskExecutor'
2020-04-01 17:21:05.404 [main] INFO  c.weaver.rparecruitment.RpaRecruitmentApplication - Starting RpaRecruitmentApplication on DESKTOP-IKISCO3 with PID 20076 (D:\myproject\rpa-recruitment\target\classes started by Administrator in D:\myproject\rpa-recruitment)
2020-04-01 17:21:05.406 [main] INFO  c.weaver.rparecruitment.RpaRecruitmentApplication - No active profile set, falling back to default profiles: default
2020-04-01 17:21:06.264 [main] INFO  o.s.boot.web.embedded.tomcat.TomcatWebServer - Tomcat initialized with port(s): 8087 (http)
2020-04-01 17:21:06.272 [main] INFO  org.apache.coyote.http11.Http11NioProtocol - Initializing ProtocolHandler ["http-nio-8087"]
2020-04-01 17:21:06.273 [main] INFO  org.apache.catalina.core.StandardService - Starting service [Tomcat]
2020-04-01 17:21:06.273 [main] INFO  org.apache.catalina.core.StandardEngine - Starting Servlet engine: [Apache Tomcat/9.0.29]
2020-04-01 17:21:06.518 [main] INFO  o.a.c.core.ContainerBase.[Tomcat].[localhost].[/] - Initializing Spring embedded WebApplicationContext
2020-04-01 17:21:06.518 [main] INFO  org.springframework.web.context.ContextLoader - Root WebApplicationContext: initialization completed in 1079 ms
2020-04-01 17:21:06.699 [main] INFO  o.s.scheduling.concurrent.ThreadPoolTaskExecutor - Initializing ExecutorService 'applicationTaskExecutor'
2020-04-01 17:21:06.827 [main] INFO  org.apache.coyote.http11.Http11NioProtocol - Starting ProtocolHandler ["http-nio-8087"]
2020-04-01 17:21:06.844 [main] INFO  o.s.boot.web.embedded.tomcat.TomcatWebServer - Tomcat started on port(s): 8087 (http) with context path ''
2020-04-01 17:21:06.846 [main] INFO  c.weaver.rparecruitment.RpaRecruitmentApplication - Started RpaRecruitmentApplication in 1.981 seconds (JVM running for 2.864)
2020-04-01 17:25:54.912 [http-nio-8087-exec-1] INFO  o.a.c.core.ContainerBase.[Tomcat].[localhost].[/] - Initializing Spring DispatcherServlet 'dispatcherServlet'
2020-04-01 17:25:54.912 [http-nio-8087-exec-1] INFO  org.springframework.web.servlet.DispatcherServlet - Initializing Servlet 'dispatcherServlet'
2020-04-01 17:25:54.917 [http-nio-8087-exec-1] INFO  org.springframework.web.servlet.DispatcherServlet - Completed initialization in 5 ms
2020-04-01 17:26:00.697 [Forwarding newSession on session null to remote] INFO  org.openqa.selenium.remote.ProtocolHandshake - Detected dialect: W3C
2020-04-01 17:28:42.311 [Forwarding newSession on session null to remote] INFO  org.openqa.selenium.remote.ProtocolHandshake - Detected dialect: W3C
2020-04-01 17:30:50.941 [Forwarding newSession on session null to remote] INFO  org.openqa.selenium.remote.ProtocolHandshake - Detected dialect: W3C
2020-04-01 17:34:00.109 [SpringContextShutdownHook] INFO  o.s.scheduling.concurrent.ThreadPoolTaskExecutor - Shutting down ExecutorService 'applicationTaskExecutor'
2020-04-01 17:34:03.820 [main] INFO  c.weaver.rparecruitment.RpaRecruitmentApplication - Starting RpaRecruitmentApplication on DESKTOP-IKISCO3 with PID 21480 (D:\myproject\rpa-recruitment\target\classes started by Administrator in D:\myproject\rpa-recruitment)
2020-04-01 17:34:03.823 [main] INFO  c.weaver.rparecruitment.RpaRecruitmentApplication - No active profile set, falling back to default profiles: default
2020-04-01 17:34:04.473 [main] INFO  o.s.boot.web.embedded.tomcat.TomcatWebServer - Tomcat initialized with port(s): 8087 (http)
2020-04-01 17:34:04.481 [main] INFO  org.apache.coyote.http11.Http11NioProtocol - Initializing ProtocolHandler ["http-nio-8087"]
2020-04-01 17:34:04.481 [main] INFO  org.apache.catalina.core.StandardService - Starting service [Tomcat]
2020-04-01 17:34:04.481 [main] INFO  org.apache.catalina.core.StandardEngine - Starting Servlet engine: [Apache Tomcat/9.0.29]
2020-04-01 17:34:04.560 [main] INFO  o.a.c.core.ContainerBase.[Tomcat].[localhost].[/] - Initializing Spring embedded WebApplicationContext
2020-04-01 17:34:04.560 [main] INFO  org.springframework.web.context.ContextLoader - Root WebApplicationContext: initialization completed in 702 ms
2020-04-01 17:34:04.685 [main] INFO  o.s.scheduling.concurrent.ThreadPoolTaskExecutor - Initializing ExecutorService 'applicationTaskExecutor'
2020-04-01 17:34:04.787 [main] INFO  org.apache.coyote.http11.Http11NioProtocol - Starting ProtocolHandler ["http-nio-8087"]
2020-04-01 17:34:04.802 [main] INFO  o.s.boot.web.embedded.tomcat.TomcatWebServer - Tomcat started on port(s): 8087 (http) with context path ''
2020-04-01 17:34:04.804 [main] INFO  c.weaver.rparecruitment.RpaRecruitmentApplication - Started RpaRecruitmentApplication in 1.414 seconds (JVM running for 2.13)
2020-04-01 17:34:13.372 [http-nio-8087-exec-3] INFO  o.a.c.core.ContainerBase.[Tomcat].[localhost].[/] - Initializing Spring DispatcherServlet 'dispatcherServlet'
2020-04-01 17:34:13.373 [http-nio-8087-exec-3] INFO  org.springframework.web.servlet.DispatcherServlet - Initializing Servlet 'dispatcherServlet'
2020-04-01 17:34:13.378 [http-nio-8087-exec-3] INFO  org.springframework.web.servlet.DispatcherServlet - Completed initialization in 5 ms
2020-04-01 17:34:19.115 [Forwarding newSession on session null to remote] INFO  org.openqa.selenium.remote.ProtocolHandshake - Detected dialect: W3C
2020-04-01 17:35:24.200 [SpringContextShutdownHook] INFO  o.s.scheduling.concurrent.ThreadPoolTaskExecutor - Shutting down ExecutorService 'applicationTaskExecutor'
2020-04-01 17:35:27.578 [main] INFO  c.weaver.rparecruitment.RpaRecruitmentApplication - Starting RpaRecruitmentApplication on DESKTOP-IKISCO3 with PID 8516 (D:\myproject\rpa-recruitment\target\classes started by Administrator in D:\myproject\rpa-recruitment)
2020-04-01 17:35:27.581 [main] INFO  c.weaver.rparecruitment.RpaRecruitmentApplication - No active profile set, falling back to default profiles: default
2020-04-01 17:35:28.326 [main] INFO  o.s.boot.web.embedded.tomcat.TomcatWebServer - Tomcat initialized with port(s): 8087 (http)
2020-04-01 17:35:28.333 [main] INFO  org.apache.coyote.http11.Http11NioProtocol - Initializing ProtocolHandler ["http-nio-8087"]
2020-04-01 17:35:28.334 [main] INFO  org.apache.catalina.core.StandardService - Starting service [Tomcat]
2020-04-01 17:35:28.334 [main] INFO  org.apache.catalina.core.StandardEngine - Starting Servlet engine: [Apache Tomcat/9.0.29]
2020-04-01 17:35:28.413 [main] INFO  o.a.c.core.ContainerBase.[Tomcat].[localhost].[/] - Initializing Spring embedded WebApplicationContext
2020-04-01 17:35:28.413 [main] INFO  org.springframework.web.context.ContextLoader - Root WebApplicationContext: initialization completed in 763 ms
2020-04-01 17:35:28.528 [main] INFO  o.s.scheduling.concurrent.ThreadPoolTaskExecutor - Initializing ExecutorService 'applicationTaskExecutor'
2020-04-01 17:35:28.630 [main] INFO  org.apache.coyote.http11.Http11NioProtocol - Starting ProtocolHandler ["http-nio-8087"]
2020-04-01 17:35:28.647 [main] INFO  o.s.boot.web.embedded.tomcat.TomcatWebServer - Tomcat started on port(s): 8087 (http) with context path ''
2020-04-01 17:35:28.649 [main] INFO  c.weaver.rparecruitment.RpaRecruitmentApplication - Started RpaRecruitmentApplication in 1.54 seconds (JVM running for 2.257)
2020-04-01 17:35:33.642 [http-nio-8087-exec-1] INFO  o.a.c.core.ContainerBase.[Tomcat].[localhost].[/] - Initializing Spring DispatcherServlet 'dispatcherServlet'
2020-04-01 17:35:33.643 [http-nio-8087-exec-1] INFO  org.springframework.web.servlet.DispatcherServlet - Initializing Servlet 'dispatcherServlet'
2020-04-01 17:35:33.647 [http-nio-8087-exec-1] INFO  org.springframework.web.servlet.DispatcherServlet - Completed initialization in 4 ms
2020-04-01 17:35:39.270 [Forwarding newSession on session null to remote] INFO  org.openqa.selenium.remote.ProtocolHandshake - Detected dialect: W3C
2020-04-01 17:37:32.501 [SpringContextShutdownHook] INFO  o.s.scheduling.concurrent.ThreadPoolTaskExecutor - Shutting down ExecutorService 'applicationTaskExecutor'
2020-04-01 17:37:36.157 [main] INFO  c.weaver.rparecruitment.RpaRecruitmentApplication - Starting RpaRecruitmentApplication on DESKTOP-IKISCO3 with PID 11408 (D:\myproject\rpa-recruitment\target\classes started by Administrator in D:\myproject\rpa-recruitment)
2020-04-01 17:37:36.160 [main] INFO  c.weaver.rparecruitment.RpaRecruitmentApplication - No active profile set, falling back to default profiles: default
2020-04-01 17:37:36.926 [main] INFO  o.s.boot.web.embedded.tomcat.TomcatWebServer - Tomcat initialized with port(s): 8087 (http)
2020-04-01 17:37:36.934 [main] INFO  org.apache.coyote.http11.Http11NioProtocol - Initializing ProtocolHandler ["http-nio-8087"]
2020-04-01 17:37:36.935 [main] INFO  org.apache.catalina.core.StandardService - Starting service [Tomcat]
2020-04-01 17:37:36.935 [main] INFO  org.apache.catalina.core.StandardEngine - Starting Servlet engine: [Apache Tomcat/9.0.29]
2020-04-01 17:37:37.015 [main] INFO  o.a.c.core.ContainerBase.[Tomcat].[localhost].[/] - Initializing Spring embedded WebApplicationContext
2020-04-01 17:37:37.016 [main] INFO  org.springframework.web.context.ContextLoader - Root WebApplicationContext: initialization completed in 814 ms
2020-04-01 17:37:37.134 [main] INFO  o.s.scheduling.concurrent.ThreadPoolTaskExecutor - Initializing ExecutorService 'applicationTaskExecutor'
2020-04-01 17:37:37.233 [main] INFO  org.apache.coyote.http11.Http11NioProtocol - Starting ProtocolHandler ["http-nio-8087"]
2020-04-01 17:37:37.249 [main] INFO  o.s.boot.web.embedded.tomcat.TomcatWebServer - Tomcat started on port(s): 8087 (http) with context path ''
2020-04-01 17:37:37.252 [main] INFO  c.weaver.rparecruitment.RpaRecruitmentApplication - Started RpaRecruitmentApplication in 1.546 seconds (JVM running for 2.249)
2020-04-01 17:37:42.165 [http-nio-8087-exec-1] INFO  o.a.c.core.ContainerBase.[Tomcat].[localhost].[/] - Initializing Spring DispatcherServlet 'dispatcherServlet'
2020-04-01 17:37:42.166 [http-nio-8087-exec-1] INFO  org.springframework.web.servlet.DispatcherServlet - Initializing Servlet 'dispatcherServlet'
2020-04-01 17:37:42.169 [http-nio-8087-exec-1] INFO  org.springframework.web.servlet.DispatcherServlet - Completed initialization in 3 ms
2020-04-01 17:37:47.685 [Forwarding newSession on session null to remote] INFO  org.openqa.selenium.remote.ProtocolHandshake - Detected dialect: W3C
2020-04-01 17:55:02.768 [SpringContextShutdownHook] INFO  o.s.scheduling.concurrent.ThreadPoolTaskExecutor - Shutting down ExecutorService 'applicationTaskExecutor'
2020-04-01 17:55:06.722 [main] INFO  c.weaver.rparecruitment.RpaRecruitmentApplication - Starting RpaRecruitmentApplication on DESKTOP-IKISCO3 with PID 6140 (D:\myproject\rpa-recruitment\target\classes started by Administrator in D:\myproject\rpa-recruitment)
2020-04-01 17:55:06.725 [main] INFO  c.weaver.rparecruitment.RpaRecruitmentApplication - No active profile set, falling back to default profiles: default
2020-04-01 17:55:07.531 [main] INFO  o.s.boot.web.embedded.tomcat.TomcatWebServer - Tomcat initialized with port(s): 8087 (http)
2020-04-01 17:55:07.538 [main] INFO  org.apache.coyote.http11.Http11NioProtocol - Initializing ProtocolHandler ["http-nio-8087"]
2020-04-01 17:55:07.539 [main] INFO  org.apache.catalina.core.StandardService - Starting service [Tomcat]
2020-04-01 17:55:07.539 [main] INFO  org.apache.catalina.core.StandardEngine - Starting Servlet engine: [Apache Tomcat/9.0.29]
2020-04-01 17:55:07.629 [main] INFO  o.a.c.core.ContainerBase.[Tomcat].[localhost].[/] - Initializing Spring embedded WebApplicationContext
2020-04-01 17:55:07.629 [main] INFO  org.springframework.web.context.ContextLoader - Root WebApplicationContext: initialization completed in 829 ms
2020-04-01 17:55:07.758 [main] INFO  o.s.scheduling.concurrent.ThreadPoolTaskExecutor - Initializing ExecutorService 'applicationTaskExecutor'
2020-04-01 17:55:07.878 [main] INFO  org.apache.coyote.http11.Http11NioProtocol - Starting ProtocolHandler ["http-nio-8087"]
2020-04-01 17:55:07.896 [main] INFO  o.s.boot.web.embedded.tomcat.TomcatWebServer - Tomcat started on port(s): 8087 (http) with context path ''
2020-04-01 17:55:07.898 [main] INFO  c.weaver.rparecruitment.RpaRecruitmentApplication - Started RpaRecruitmentApplication in 1.636 seconds (JVM running for 2.313)
2020-04-01 17:55:13.761 [http-nio-8087-exec-2] INFO  o.a.c.core.ContainerBase.[Tomcat].[localhost].[/] - Initializing Spring DispatcherServlet 'dispatcherServlet'
2020-04-01 17:55:13.761 [http-nio-8087-exec-2] INFO  org.springframework.web.servlet.DispatcherServlet - Initializing Servlet 'dispatcherServlet'
2020-04-01 17:55:13.765 [http-nio-8087-exec-2] INFO  org.springframework.web.servlet.DispatcherServlet - Completed initialization in 4 ms
2020-04-01 17:55:19.488 [Forwarding newSession on session null to remote] INFO  org.openqa.selenium.remote.ProtocolHandshake - Detected dialect: W3C
2020-04-01 17:55:24.465 [http-nio-8087-exec-2] INFO  c.w.rparecruitment.controller.ExecuteController - 启用cookie登录=============================
2020-04-01 17:57:13.889 [SpringContextShutdownHook] INFO  o.s.scheduling.concurrent.ThreadPoolTaskExecutor - Shutting down ExecutorService 'applicationTaskExecutor'
2020-04-01 17:57:19.636 [main] INFO  c.weaver.rparecruitment.RpaRecruitmentApplication - Starting RpaRecruitmentApplication on DESKTOP-IKISCO3 with PID 21800 (D:\myproject\rpa-recruitment\target\classes started by Administrator in D:\myproject\rpa-recruitment)
2020-04-01 17:57:19.639 [main] INFO  c.weaver.rparecruitment.RpaRecruitmentApplication - No active profile set, falling back to default profiles: default
2020-04-01 17:57:20.397 [main] INFO  o.s.boot.web.embedded.tomcat.TomcatWebServer - Tomcat initialized with port(s): 8087 (http)
2020-04-01 17:57:20.404 [main] INFO  org.apache.coyote.http11.Http11NioProtocol - Initializing ProtocolHandler ["http-nio-8087"]
2020-04-01 17:57:20.405 [main] INFO  org.apache.catalina.core.StandardService - Starting service [Tomcat]
2020-04-01 17:57:20.405 [main] INFO  org.apache.catalina.core.StandardEngine - Starting Servlet engine: [Apache Tomcat/9.0.29]
2020-04-01 17:57:20.481 [main] INFO  o.a.c.core.ContainerBase.[Tomcat].[localhost].[/] - Initializing Spring embedded WebApplicationContext
2020-04-01 17:57:20.481 [main] INFO  org.springframework.web.context.ContextLoader - Root WebApplicationContext: initialization completed in 774 ms
2020-04-01 17:57:20.597 [main] INFO  o.s.scheduling.concurrent.ThreadPoolTaskExecutor - Initializing ExecutorService 'applicationTaskExecutor'
2020-04-01 17:57:20.707 [main] INFO  org.apache.coyote.http11.Http11NioProtocol - Starting ProtocolHandler ["http-nio-8087"]
2020-04-01 17:57:20.724 [main] INFO  o.s.boot.web.embedded.tomcat.TomcatWebServer - Tomcat started on port(s): 8087 (http) with context path ''
2020-04-01 17:57:20.726 [main] INFO  c.weaver.rparecruitment.RpaRecruitmentApplication - Started RpaRecruitmentApplication in 1.466 seconds (JVM running for 3.047)
2020-04-01 17:57:26.992 [http-nio-8087-exec-1] INFO  o.a.c.core.ContainerBase.[Tomcat].[localhost].[/] - Initializing Spring DispatcherServlet 'dispatcherServlet'
2020-04-01 17:57:26.992 [http-nio-8087-exec-1] INFO  org.springframework.web.servlet.DispatcherServlet - Initializing Servlet 'dispatcherServlet'
2020-04-01 17:57:26.998 [http-nio-8087-exec-1] INFO  org.springframework.web.servlet.DispatcherServlet - Completed initialization in 6 ms
2020-04-01 17:57:32.960 [Forwarding newSession on session null to remote] INFO  org.openqa.selenium.remote.ProtocolHandshake - Detected dialect: W3C
2020-04-01 17:57:36.826 [http-nio-8087-exec-1] INFO  c.w.rparecruitment.controller.ExecuteController - 启用cookie登录=============================
2020-04-01 18:04:28.098 [SpringContextShutdownHook] INFO  o.s.scheduling.concurrent.ThreadPoolTaskExecutor - Shutting down ExecutorService 'applicationTaskExecutor'
2020-04-01 18:04:33.481 [main] INFO  c.weaver.rparecruitment.RpaRecruitmentApplication - Starting RpaRecruitmentApplication on DESKTOP-IKISCO3 with PID 16088 (D:\myproject\rpa-recruitment\target\classes started by Administrator in D:\myproject\rpa-recruitment)
2020-04-01 18:04:33.485 [main] INFO  c.weaver.rparecruitment.RpaRecruitmentApplication - No active profile set, falling back to default profiles: default
2020-04-01 18:04:34.210 [main] INFO  o.s.boot.web.embedded.tomcat.TomcatWebServer - Tomcat initialized with port(s): 8087 (http)
2020-04-01 18:04:34.220 [main] INFO  org.apache.coyote.http11.Http11NioProtocol - Initializing ProtocolHandler ["http-nio-8087"]
2020-04-01 18:04:34.221 [main] INFO  org.apache.catalina.core.StandardService - Starting service [Tomcat]
2020-04-01 18:04:34.221 [main] INFO  org.apache.catalina.core.StandardEngine - Starting Servlet engine: [Apache Tomcat/9.0.29]
2020-04-01 18:04:34.305 [main] INFO  o.a.c.core.ContainerBase.[Tomcat].[localhost].[/] - Initializing Spring embedded WebApplicationContext
2020-04-01 18:04:34.305 [main] INFO  org.springframework.web.context.ContextLoader - Root WebApplicationContext: initialization completed in 757 ms
2020-04-01 18:04:34.433 [main] INFO  o.s.scheduling.concurrent.ThreadPoolTaskExecutor - Initializing ExecutorService 'applicationTaskExecutor'
2020-04-01 18:04:34.545 [main] INFO  org.apache.coyote.http11.Http11NioProtocol - Starting ProtocolHandler ["http-nio-8087"]
2020-04-01 18:04:34.564 [main] INFO  o.s.boot.web.embedded.tomcat.TomcatWebServer - Tomcat started on port(s): 8087 (http) with context path ''
2020-04-01 18:04:34.566 [main] INFO  c.weaver.rparecruitment.RpaRecruitmentApplication - Started RpaRecruitmentApplication in 1.59 seconds (JVM running for 2.57)
2020-04-01 18:04:45.422 [http-nio-8087-exec-2] INFO  o.a.c.core.ContainerBase.[Tomcat].[localhost].[/] - Initializing Spring DispatcherServlet 'dispatcherServlet'
2020-04-01 18:04:45.422 [http-nio-8087-exec-2] INFO  org.springframework.web.servlet.DispatcherServlet - Initializing Servlet 'dispatcherServlet'
2020-04-01 18:04:45.426 [http-nio-8087-exec-2] INFO  org.springframework.web.servlet.DispatcherServlet - Completed initialization in 4 ms
2020-04-01 18:04:51.074 [Forwarding newSession on session null to remote] INFO  org.openqa.selenium.remote.ProtocolHandshake - Detected dialect: W3C
2020-04-01 18:04:54.776 [http-nio-8087-exec-2] INFO  c.w.rparecruitment.controller.ExecuteController - 启用cookie登录=============================
2020-04-01 18:05:55.715 [Forwarding newSession on session null to remote] INFO  org.openqa.selenium.remote.ProtocolHandshake - Detected dialect: W3C
2020-04-01 18:05:58.218 [http-nio-8087-exec-1] INFO  c.w.rparecruitment.controller.ExecuteController - 启用cookie登录=============================
2020-04-01 18:06:46.839 [SpringContextShutdownHook] INFO  o.s.scheduling.concurrent.ThreadPoolTaskExecutor - Shutting down ExecutorService 'applicationTaskExecutor'
2020-04-01 18:06:50.248 [main] INFO  c.weaver.rparecruitment.RpaRecruitmentApplication - Starting RpaRecruitmentApplication on DESKTOP-IKISCO3 with PID 21452 (D:\myproject\rpa-recruitment\target\classes started by Administrator in D:\myproject\rpa-recruitment)
2020-04-01 18:06:50.252 [main] INFO  c.weaver.rparecruitment.RpaRecruitmentApplication - No active profile set, falling back to default profiles: default
2020-04-01 18:06:50.976 [main] INFO  o.s.boot.web.embedded.tomcat.TomcatWebServer - Tomcat initialized with port(s): 8087 (http)
2020-04-01 18:06:50.982 [main] INFO  org.apache.coyote.http11.Http11NioProtocol - Initializing ProtocolHandler ["http-nio-8087"]
2020-04-01 18:06:50.983 [main] INFO  org.apache.catalina.core.StandardService - Starting service [Tomcat]
2020-04-01 18:06:50.983 [main] INFO  org.apache.catalina.core.StandardEngine - Starting Servlet engine: [Apache Tomcat/9.0.29]
2020-04-01 18:06:51.075 [main] INFO  o.a.c.core.ContainerBase.[Tomcat].[localhost].[/] - Initializing Spring embedded WebApplicationContext
2020-04-01 18:06:51.075 [main] INFO  org.springframework.web.context.ContextLoader - Root WebApplicationContext: initialization completed in 784 ms
2020-04-01 18:06:51.203 [main] INFO  o.s.scheduling.concurrent.ThreadPoolTaskExecutor - Initializing ExecutorService 'applicationTaskExecutor'
2020-04-01 18:06:51.305 [main] INFO  org.apache.coyote.http11.Http11NioProtocol - Starting ProtocolHandler ["http-nio-8087"]
2020-04-01 18:06:51.321 [main] INFO  o.s.boot.web.embedded.tomcat.TomcatWebServer - Tomcat started on port(s): 8087 (http) with context path ''
2020-04-01 18:06:51.324 [main] INFO  c.weaver.rparecruitment.RpaRecruitmentApplication - Started RpaRecruitmentApplication in 1.503 seconds (JVM running for 2.176)
2020-04-01 18:06:55.121 [http-nio-8087-exec-1] INFO  o.a.c.core.ContainerBase.[Tomcat].[localhost].[/] - Initializing Spring DispatcherServlet 'dispatcherServlet'
2020-04-01 18:06:55.121 [http-nio-8087-exec-1] INFO  org.springframework.web.servlet.DispatcherServlet - Initializing Servlet 'dispatcherServlet'
2020-04-01 18:06:55.126 [http-nio-8087-exec-1] INFO  org.springframework.web.servlet.DispatcherServlet - Completed initialization in 5 ms
2020-04-01 18:07:00.622 [Forwarding newSession on session null to remote] INFO  org.openqa.selenium.remote.ProtocolHandshake - Detected dialect: W3C
2020-04-01 18:07:03.965 [http-nio-8087-exec-1] INFO  c.w.rparecruitment.controller.ExecuteController - 启用cookie登录=============================
2020-04-01 18:10:23.267 [SpringContextShutdownHook] INFO  o.s.scheduling.concurrent.ThreadPoolTaskExecutor - Shutting down ExecutorService 'applicationTaskExecutor'
2020-04-01 18:10:29.276 [main] INFO  c.weaver.rparecruitment.RpaRecruitmentApplication - Starting RpaRecruitmentApplication on DESKTOP-IKISCO3 with PID 14972 (D:\myproject\rpa-recruitment\target\classes started by Administrator in D:\myproject\rpa-recruitment)
2020-04-01 18:10:29.282 [main] INFO  c.weaver.rparecruitment.RpaRecruitmentApplication - No active profile set, falling back to default profiles: default
2020-04-01 18:10:30.120 [main] INFO  o.s.boot.web.embedded.tomcat.TomcatWebServer - Tomcat initialized with port(s): 8087 (http)
2020-04-01 18:10:30.127 [main] INFO  org.apache.coyote.http11.Http11NioProtocol - Initializing ProtocolHandler ["http-nio-8087"]
2020-04-01 18:10:30.127 [main] INFO  org.apache.catalina.core.StandardService - Starting service [Tomcat]
2020-04-01 18:10:30.128 [main] INFO  org.apache.catalina.core.StandardEngine - Starting Servlet engine: [Apache Tomcat/9.0.29]
2020-04-01 18:10:30.219 [main] INFO  o.a.c.core.ContainerBase.[Tomcat].[localhost].[/] - Initializing Spring embedded WebApplicationContext
2020-04-01 18:10:30.220 [main] INFO  org.springframework.web.context.ContextLoader - Root WebApplicationContext: initialization completed in 899 ms
2020-04-01 18:10:30.346 [main] INFO  o.s.scheduling.concurrent.ThreadPoolTaskExecutor - Initializing ExecutorService 'applicationTaskExecutor'
2020-04-01 18:10:30.463 [main] INFO  org.apache.coyote.http11.Http11NioProtocol - Starting ProtocolHandler ["http-nio-8087"]
2020-04-01 18:10:30.480 [main] INFO  o.s.boot.web.embedded.tomcat.TomcatWebServer - Tomcat started on port(s): 8087 (http) with context path ''
2020-04-01 18:10:30.483 [main] INFO  c.weaver.rparecruitment.RpaRecruitmentApplication - Started RpaRecruitmentApplication in 1.758 seconds (JVM running for 2.529)
2020-04-01 18:10:51.194 [http-nio-8087-exec-1] INFO  o.a.c.core.ContainerBase.[Tomcat].[localhost].[/] - Initializing Spring DispatcherServlet 'dispatcherServlet'
2020-04-01 18:10:51.194 [http-nio-8087-exec-1] INFO  org.springframework.web.servlet.DispatcherServlet - Initializing Servlet 'dispatcherServlet'
2020-04-01 18:10:51.198 [http-nio-8087-exec-1] INFO  org.springframework.web.servlet.DispatcherServlet - Completed initialization in 4 ms
2020-04-01 18:10:56.901 [Forwarding newSession on session null to remote] INFO  org.openqa.selenium.remote.ProtocolHandshake - Detected dialect: W3C
2020-04-01 18:11:00.536 [http-nio-8087-exec-1] INFO  c.w.rparecruitment.controller.ExecuteController - 启用cookie登录=============================
2020-04-01 18:19:21.147 [http-nio-8087-exec-1] INFO  c.w.rparecruitment.controller.ExecuteController - 获取简历信息开始=========================
2020-04-01 18:19:21.837 [http-nio-8087-exec-1] INFO  c.w.rparecruitment.controller.ExecuteController - 当前列表数量[4],简历标题=============================(51job.com)申请贵公司行政前台（上海）－吴春丽
2020-04-01 18:22:49.554 [SpringContextShutdownHook] INFO  o.s.scheduling.concurrent.ThreadPoolTaskExecutor - Shutting down ExecutorService 'applicationTaskExecutor'
2020-04-01 18:22:52.350 [main] INFO  c.weaver.rparecruitment.RpaRecruitmentApplication - Starting RpaRecruitmentApplication on DESKTOP-IKISCO3 with PID 10592 (D:\myproject\rpa-recruitment\target\classes started by Administrator in D:\myproject\rpa-recruitment)
2020-04-01 18:22:52.353 [main] INFO  c.weaver.rparecruitment.RpaRecruitmentApplication - No active profile set, falling back to default profiles: default
2020-04-01 18:22:53.117 [main] INFO  o.s.boot.web.embedded.tomcat.TomcatWebServer - Tomcat initialized with port(s): 8087 (http)
2020-04-01 18:22:53.126 [main] INFO  org.apache.coyote.http11.Http11NioProtocol - Initializing ProtocolHandler ["http-nio-8087"]
2020-04-01 18:22:53.126 [main] INFO  org.apache.catalina.core.StandardService - Starting service [Tomcat]
2020-04-01 18:22:53.127 [main] INFO  org.apache.catalina.core.StandardEngine - Starting Servlet engine: [Apache Tomcat/9.0.29]
2020-04-01 18:22:53.236 [main] INFO  o.a.c.core.ContainerBase.[Tomcat].[localhost].[/] - Initializing Spring embedded WebApplicationContext
2020-04-01 18:22:53.237 [main] INFO  org.springframework.web.context.ContextLoader - Root WebApplicationContext: initialization completed in 804 ms
2020-04-01 18:22:53.358 [main] INFO  o.s.scheduling.concurrent.ThreadPoolTaskExecutor - Initializing ExecutorService 'applicationTaskExecutor'
2020-04-01 18:22:53.460 [main] INFO  org.apache.coyote.http11.Http11NioProtocol - Starting ProtocolHandler ["http-nio-8087"]
2020-04-01 18:22:53.477 [main] INFO  o.s.boot.web.embedded.tomcat.TomcatWebServer - Tomcat started on port(s): 8087 (http) with context path ''
2020-04-01 18:22:53.480 [main] INFO  c.weaver.rparecruitment.RpaRecruitmentApplication - Started RpaRecruitmentApplication in 1.635 seconds (JVM running for 2.362)
2020-04-01 18:23:05.915 [http-nio-8087-exec-1] INFO  o.a.c.core.ContainerBase.[Tomcat].[localhost].[/] - Initializing Spring DispatcherServlet 'dispatcherServlet'
2020-04-01 18:23:05.915 [http-nio-8087-exec-1] INFO  org.springframework.web.servlet.DispatcherServlet - Initializing Servlet 'dispatcherServlet'
2020-04-01 18:23:05.919 [http-nio-8087-exec-1] INFO  org.springframework.web.servlet.DispatcherServlet - Completed initialization in 4 ms
2020-04-01 18:23:11.485 [Forwarding newSession on session null to remote] INFO  org.openqa.selenium.remote.ProtocolHandshake - Detected dialect: W3C
2020-04-01 18:23:29.994 [http-nio-8087-exec-1] INFO  c.w.rparecruitment.controller.ExecuteController - 等待用户登录=================================
2020-04-01 18:23:55.210 [http-nio-8087-exec-1] INFO  c.w.rparecruitment.controller.ExecuteController - 用户登录成功=================================
2020-04-01 18:24:18.446 [SpringContextShutdownHook] INFO  o.s.scheduling.concurrent.ThreadPoolTaskExecutor - Shutting down ExecutorService 'applicationTaskExecutor'
2020-04-01 18:24:23.517 [main] INFO  c.weaver.rparecruitment.RpaRecruitmentApplication - Starting RpaRecruitmentApplication on DESKTOP-IKISCO3 with PID 144 (D:\myproject\rpa-recruitment\target\classes started by Administrator in D:\myproject\rpa-recruitment)
2020-04-01 18:24:23.520 [main] INFO  c.weaver.rparecruitment.RpaRecruitmentApplication - No active profile set, falling back to default profiles: default
2020-04-01 18:24:24.295 [main] INFO  o.s.boot.web.embedded.tomcat.TomcatWebServer - Tomcat initialized with port(s): 8087 (http)
2020-04-01 18:24:24.302 [main] INFO  org.apache.coyote.http11.Http11NioProtocol - Initializing ProtocolHandler ["http-nio-8087"]
2020-04-01 18:24:24.302 [main] INFO  org.apache.catalina.core.StandardService - Starting service [Tomcat]
2020-04-01 18:24:24.302 [main] INFO  org.apache.catalina.core.StandardEngine - Starting Servlet engine: [Apache Tomcat/9.0.29]
2020-04-01 18:24:24.390 [main] INFO  o.a.c.core.ContainerBase.[Tomcat].[localhost].[/] - Initializing Spring embedded WebApplicationContext
2020-04-01 18:24:24.390 [main] INFO  org.springframework.web.context.ContextLoader - Root WebApplicationContext: initialization completed in 831 ms
2020-04-01 18:24:24.515 [main] INFO  o.s.scheduling.concurrent.ThreadPoolTaskExecutor - Initializing ExecutorService 'applicationTaskExecutor'
2020-04-01 18:24:24.631 [main] INFO  org.apache.coyote.http11.Http11NioProtocol - Starting ProtocolHandler ["http-nio-8087"]
2020-04-01 18:24:24.649 [main] INFO  o.s.boot.web.embedded.tomcat.TomcatWebServer - Tomcat started on port(s): 8087 (http) with context path ''
2020-04-01 18:24:24.652 [main] INFO  c.weaver.rparecruitment.RpaRecruitmentApplication - Started RpaRecruitmentApplication in 1.75 seconds (JVM running for 2.512)
2020-04-01 18:24:24.711 [http-nio-8087-exec-1] INFO  o.a.c.core.ContainerBase.[Tomcat].[localhost].[/] - Initializing Spring DispatcherServlet 'dispatcherServlet'
2020-04-01 18:24:24.712 [http-nio-8087-exec-1] INFO  org.springframework.web.servlet.DispatcherServlet - Initializing Servlet 'dispatcherServlet'
2020-04-01 18:24:24.715 [http-nio-8087-exec-1] INFO  org.springframework.web.servlet.DispatcherServlet - Completed initialization in 3 ms
2020-04-01 18:24:30.366 [Forwarding newSession on session null to remote] INFO  org.openqa.selenium.remote.ProtocolHandshake - Detected dialect: W3C
2020-04-01 18:24:45.696 [http-nio-8087-exec-1] INFO  c.w.rparecruitment.controller.ExecuteController - 等待用户登录=================================
2020-04-01 18:25:04.952 [SpringContextShutdownHook] INFO  o.s.scheduling.concurrent.ThreadPoolTaskExecutor - Shutting down ExecutorService 'applicationTaskExecutor'
2020-04-01 18:25:07.143 [http-nio-8087-exec-1] INFO  c.w.rparecruitment.controller.ExecuteController - 用户登录失败==================================
2020-04-01 18:25:12.003 [main] INFO  c.weaver.rparecruitment.RpaRecruitmentApplication - Starting RpaRecruitmentApplication on DESKTOP-IKISCO3 with PID 7188 (D:\myproject\rpa-recruitment\target\classes started by Administrator in D:\myproject\rpa-recruitment)
2020-04-01 18:25:12.006 [main] INFO  c.weaver.rparecruitment.RpaRecruitmentApplication - No active profile set, falling back to default profiles: default
2020-04-01 18:25:12.740 [main] INFO  o.s.boot.web.embedded.tomcat.TomcatWebServer - Tomcat initialized with port(s): 8087 (http)
2020-04-01 18:25:12.746 [main] INFO  org.apache.coyote.http11.Http11NioProtocol - Initializing ProtocolHandler ["http-nio-8087"]
2020-04-01 18:25:12.747 [main] INFO  org.apache.catalina.core.StandardService - Starting service [Tomcat]
2020-04-01 18:25:12.747 [main] INFO  org.apache.catalina.core.StandardEngine - Starting Servlet engine: [Apache Tomcat/9.0.29]
2020-04-01 18:25:12.824 [main] INFO  o.a.c.core.ContainerBase.[Tomcat].[localhost].[/] - Initializing Spring embedded WebApplicationContext
2020-04-01 18:25:12.824 [main] INFO  org.springframework.web.context.ContextLoader - Root WebApplicationContext: initialization completed in 776 ms
2020-04-01 18:25:12.939 [main] INFO  o.s.scheduling.concurrent.ThreadPoolTaskExecutor - Initializing ExecutorService 'applicationTaskExecutor'
2020-04-01 18:25:13.039 [main] INFO  org.apache.coyote.http11.Http11NioProtocol - Starting ProtocolHandler ["http-nio-8087"]
2020-04-01 18:25:13.056 [main] INFO  o.s.boot.web.embedded.tomcat.TomcatWebServer - Tomcat started on port(s): 8087 (http) with context path ''
2020-04-01 18:25:13.059 [main] INFO  c.weaver.rparecruitment.RpaRecruitmentApplication - Started RpaRecruitmentApplication in 1.537 seconds (JVM running for 2.175)
2020-04-01 18:25:21.610 [http-nio-8087-exec-1] INFO  o.a.c.core.ContainerBase.[Tomcat].[localhost].[/] - Initializing Spring DispatcherServlet 'dispatcherServlet'
2020-04-01 18:25:21.610 [http-nio-8087-exec-1] INFO  org.springframework.web.servlet.DispatcherServlet - Initializing Servlet 'dispatcherServlet'
2020-04-01 18:25:21.615 [http-nio-8087-exec-1] INFO  org.springframework.web.servlet.DispatcherServlet - Completed initialization in 4 ms
2020-04-01 18:25:27.286 [Forwarding newSession on session null to remote] INFO  org.openqa.selenium.remote.ProtocolHandshake - Detected dialect: W3C
2020-04-01 18:25:41.605 [http-nio-8087-exec-1] INFO  c.w.rparecruitment.controller.ExecuteController - 启用cookie登录=============================
2020-04-01 18:26:08.601 [SpringContextShutdownHook] INFO  o.s.scheduling.concurrent.ThreadPoolTaskExecutor - Shutting down ExecutorService 'applicationTaskExecutor'
