2020-03-31 18:38:01.150 [http-nio-8087-exec-2] WARN  o.s.w.s.m.support.DefaultHandlerExceptionResolver - Resolved [org.springframework.web.bind.MissingServletRequestParameterException: Required String parameter 'fileName' is not present]
2020-03-31 18:38:31.051 [http-nio-8087-exec-3] WARN  o.s.w.s.m.support.DefaultHandlerExceptionResolver - Resolved [org.springframework.web.bind.MissingServletRequestParameterException: Required String parameter 'fileName' is not present]
2020-03-31 18:39:11.625 [http-nio-8087-exec-4] WARN  o.s.w.s.m.support.DefaultHandlerExceptionResolver - Resolved [org.springframework.web.bind.MissingServletRequestParameterException: Required String parameter 'fileName' is not present]
2020-03-31 18:52:00.263 [http-nio-8087-exec-2] WARN  o.s.w.s.m.support.DefaultHandlerExceptionResolver - Resolved [org.springframework.http.converter.HttpMessageNotReadableException: JSON parse error: Cannot construct instance of `java.util.LinkedHashMap` (although at least one Creator exists): no String-argument constructor/factory method to deserialize from String value ('fileName'); nested exception is com.fasterxml.jackson.databind.exc.MismatchedInputException: Cannot construct instance of `java.util.LinkedHashMap` (although at least one Creator exists): no String-argument constructor/factory method to deserialize from String value ('fileName')
 at [Source: (PushbackInputStream); line: 1, column: 1]]
2020-03-31 19:01:12.129 [http-nio-8087-exec-1] WARN  o.s.w.s.m.support.DefaultHandlerExceptionResolver - Resolved [org.springframework.web.bind.MissingServletRequestParameterException: Required String parameter 'fileName' is not present]
2020-03-31 19:01:28.514 [http-nio-8087-exec-2] WARN  o.s.w.s.m.support.DefaultHandlerExceptionResolver - Resolved [org.springframework.web.bind.MissingServletRequestParameterException: Required String parameter 'fileName' is not present]
2020-03-31 19:03:45.277 [http-nio-8087-exec-3] WARN  o.s.w.s.m.support.DefaultHandlerExceptionResolver - Resolved [org.springframework.web.bind.MissingServletRequestParameterException: Required String parameter 'fileName' is not present]
2020-03-31 19:04:01.983 [http-nio-8087-exec-4] WARN  o.s.w.s.m.support.DefaultHandlerExceptionResolver - Resolved [org.springframework.web.bind.MissingServletRequestParameterException: Required String parameter 'fileName' is not present]
2020-03-31 19:45:56.916 [http-nio-8087-exec-10] WARN  o.s.w.s.m.support.DefaultHandlerExceptionResolver - Resolved [org.springframework.web.multipart.support.MissingServletRequestPartException: Required request part 'fieldNameHere' is not present]
2020-03-31 19:45:56.916 [http-nio-8087-exec-9] WARN  o.s.w.s.m.support.DefaultHandlerExceptionResolver - Resolved [org.springframework.web.multipart.support.MissingServletRequestPartException: Required request part 'fieldNameHere' is not present]
2020-03-31 19:46:32.845 [http-nio-8087-exec-1] WARN  o.s.w.s.m.support.DefaultHandlerExceptionResolver - Resolved [org.springframework.web.multipart.support.MissingServletRequestPartException: Required request part 'fieldNameHere' is not present]
2020-03-31 19:47:29.699 [http-nio-8087-exec-3] WARN  o.s.w.s.m.support.DefaultHandlerExceptionResolver - Resolved [org.springframework.web.multipart.support.MissingServletRequestPartException: Required request part 'fieldNameHere' is not present]
2020-03-31 19:48:39.645 [http-nio-8087-exec-2] WARN  o.s.w.s.m.support.DefaultHandlerExceptionResolver - Resolved [org.springframework.web.multipart.support.MissingServletRequestPartException: Required request part 'fieldNameHere' is not present]
2020-03-31 19:49:39.918 [http-nio-8087-exec-4] WARN  o.s.w.s.m.support.DefaultHandlerExceptionResolver - Resolved [org.springframework.web.multipart.support.MissingServletRequestPartException: Required request part 'fieldNameHere' is not present]
2020-03-31 19:52:01.863 [http-nio-8087-exec-7] WARN  o.s.w.s.m.support.DefaultHandlerExceptionResolver - Resolved [org.springframework.web.multipart.support.MissingServletRequestPartException: Required request part 'fieldNameHere' is not present]
2020-03-31 19:55:13.488 [http-nio-8087-exec-5] WARN  o.s.w.s.m.support.DefaultHandlerExceptionResolver - Resolved [org.springframework.web.multipart.support.MissingServletRequestPartException: Required request part 'fieldNameHere' is not present]
2020-03-31 19:56:08.164 [http-nio-8087-exec-6] WARN  o.s.w.s.m.support.DefaultHandlerExceptionResolver - Resolved [org.springframework.web.multipart.support.MissingServletRequestPartException: Required request part 'fieldNameHere' is not present]
2020-03-31 19:56:40.365 [http-nio-8087-exec-7] WARN  o.s.w.s.m.support.DefaultHandlerExceptionResolver - Resolved [org.springframework.web.multipart.support.MissingServletRequestPartException: Required request part 'fieldNameHere' is not present]
2020-03-31 19:56:50.857 [http-nio-8087-exec-8] WARN  o.s.w.s.m.support.DefaultHandlerExceptionResolver - Resolved [org.springframework.web.multipart.support.MissingServletRequestPartException: Required request part 'fieldNameHere' is not present]
2020-03-31 19:57:36.843 [http-nio-8087-exec-10] WARN  o.s.w.s.m.support.DefaultHandlerExceptionResolver - Resolved [org.springframework.web.multipart.support.MissingServletRequestPartException: Required request part 'fieldNameHere' is not present]
2020-03-31 19:57:51.443 [http-nio-8087-exec-9] WARN  o.s.w.s.m.support.DefaultHandlerExceptionResolver - Resolved [org.springframework.web.multipart.support.MissingServletRequestPartException: Required request part 'fieldNameHere' is not present]
2020-03-31 19:58:41.720 [http-nio-8087-exec-1] WARN  o.s.w.s.m.support.DefaultHandlerExceptionResolver - Resolved [org.springframework.web.HttpMediaTypeNotSupportedException: Content type 'multipart/form-data;boundary=-------------------------acebdf13572468;charset=UTF-8' not supported]
2020-03-31 19:59:31.974 [http-nio-8087-exec-2] WARN  o.s.w.s.m.support.DefaultHandlerExceptionResolver - Resolved [org.springframework.web.HttpMediaTypeNotSupportedException: Content type 'multipart/form-data;boundary=-------------------------acebdf13572468;charset=UTF-8' not supported]
2020-03-31 20:55:59.316 [http-nio-8087-exec-3] WARN  o.s.w.s.m.support.DefaultHandlerExceptionResolver - Resolved [org.springframework.web.multipart.support.MissingServletRequestPartException: Required request part 'fieldNameHere' is not present]
2020-03-31 20:56:41.144 [http-nio-8087-exec-1] WARN  o.s.w.s.m.support.DefaultHandlerExceptionResolver - Resolved [org.springframework.web.multipart.support.MissingServletRequestPartException: Required request part 'fieldNameHere' is not present]
